2020-03-25 20:00:11.438 8547 DEBUG oslo_service.periodic_task [req-87b5f7c1-abaa-48c9-b9e2-859aa555051d - - - - -] Running periodic task ComputeManager._sync_scheduler_instance_info run_periodic_tasks /usr/lib/python2.7/site-packages/oslo_service/periodic_task.py:217
2020-03-25 20:00:11.471 8547 DEBUG oslo_service.periodic_task [req-87b5f7c1-abaa-48c9-b9e2-859aa555051d - - - - -] Running periodic task ComputeManager._reclaim_queued_deletes run_periodic_tasks /usr/lib/python2.7/site-packages/oslo_service/periodic_task.py:217
2020-03-25 20:00:11.471 8547 DEBUG nova.compute.manager [req-87b5f7c1-abaa-48c9-b9e2-859aa555051d - - - - -] CONF.reclaim_instance_interval <= 0, skipping... _reclaim_queued_deletes /usr/lib/python2.7/site-packages/nova/compute/manager.py:8641
2020-03-25 20:00:11.472 8547 DEBUG oslo_service.periodic_task [req-87b5f7c1-abaa-48c9-b9e2-859aa555051d - - - - -] Running periodic task ComputeManager.update_available_resource run_periodic_tasks /usr/lib/python2.7/site-packages/oslo_service/periodic_task.py:217
2020-03-25 20:00:11.498 8547 DEBUG nova.compute.resource_tracker [req-87b5f7c1-abaa-48c9-b9e2-859aa555051d - - - - -] Auditing locally available compute resources for host177 (node: host177) update_available_resource /usr/lib/python2.7/site-packages/nova/compute/resource_tracker.py:870
2020-03-25 20:00:11.577 8547 DEBUG oslo_concurrency.processutils [req-87b5f7c1-abaa-48c9-b9e2-859aa555051d - - - - -] Running cmd (subprocess): /usr/bin/python2 -m oslo_concurrency.prlimit --as=1073741824 --cpu=30 -- env LC_ALL=C LANG=C qemu-img info /var/lib/nova/instances/94e4f8c0-e30e-4a5a-bb60-c8564c242422/disk --force-share execute /usr/lib/python2.7/site-packages/oslo_concurrency/processutils.py:372
2020-03-25 20:00:11.643 8547 DEBUG oslo_concurrency.processutils [req-87b5f7c1-abaa-48c9-b9e2-859aa555051d - - - - -] CMD "/usr/bin/python2 -m oslo_concurrency.prlimit --as=1073741824 --cpu=30 -- env LC_ALL=C LANG=C qemu-img info /var/lib/nova/instances/94e4f8c0-e30e-4a5a-bb60-c8564c242422/disk --force-share" returned: 0 in 0.066s execute /usr/lib/python2.7/site-packages/oslo_concurrency/processutils.py:409
2020-03-25 20:00:11.645 8547 DEBUG oslo_concurrency.processutils [req-87b5f7c1-abaa-48c9-b9e2-859aa555051d - - - - -] Running cmd (subprocess): /usr/bin/python2 -m oslo_concurrency.prlimit --as=1073741824 --cpu=30 -- env LC_ALL=C LANG=C qemu-img info /var/lib/nova/instances/94e4f8c0-e30e-4a5a-bb60-c8564c242422/disk --force-share execute /usr/lib/python2.7/site-packages/oslo_concurrency/processutils.py:372
2020-03-25 20:00:11.718 8547 DEBUG oslo_concurrency.processutils [req-87b5f7c1-abaa-48c9-b9e2-859aa555051d - - - - -] CMD "/usr/bin/python2 -m oslo_concurrency.prlimit --as=1073741824 --cpu=30 -- env LC_ALL=C LANG=C qemu-img info /var/lib/nova/instances/94e4f8c0-e30e-4a5a-bb60-c8564c242422/disk --force-share" returned: 0 in 0.072s execute /usr/lib/python2.7/site-packages/oslo_concurrency/processutils.py:409
2020-03-25 20:00:11.879 8547 DEBUG nova.compute.resource_tracker [req-87b5f7c1-abaa-48c9-b9e2-859aa555051d - - - - -] Hypervisor/Node resource view: name=host177 free_ram=30106MB free_disk=355GB free_vcpus=8 pci_devices=[{"dev_id": "pci_0000_ff_0e_0", "product_id": "0ea0", "dev_type": "type-PCI", "numa_node": 0, "vendor_id": "8086", "label": "label_8086_0ea0", "address": "0000:ff:0e.0"}, {"dev_id": "pci_0000_ff_0c_1", "product_id": "0ee2", "dev_type": "type-PCI", "numa_node": 0, "vendor_id": "8086", "label": "label_8086_0ee2", "address": "0000:ff:0c.1"}, {"dev_id": "pci_0000_00_01_1", "product_id": "0e03", "dev_type": "type-PCI", "numa_node": 0, "vendor_id": "8086", "label": "label_8086_0e03", "address": "0000:00:01.1"}, {"dev_id": "pci_0000_ff_0b_0", "product_id": "0e1e", "dev_type": "type-PCI", "numa_node": 0, "vendor_id": "8086", "label": "label_8086_0e1e", "address": "0000:ff:0b.0"}, {"dev_id": "pci_0000_00_01_0", "product_id": "0e02", "dev_type": "type-PCI", "numa_node": 0, "vendor_id": "8086", "label": "label_8086_0e02", "address": "0000:00:01.0"}, {"dev_id": "pci_0000_ff_0d_1", "product_id": "0ee3", "dev_type": "type-PCI", "numa_node": 0, "vendor_id": "8086", "label": "label_8086_0ee3", "address": "0000:ff:0d.1"}, {"dev_id": "pci_0000_00_1d_0", "product_id": "1d26", "dev_type": "type-PCI", "numa_node": 0, "vendor_id": "8086", "label": "label_8086_1d26", "address": "0000:00:1d.0"}, {"dev_id": "pci_0000_00_05_4", "product_id": "0e2c", "dev_type": "type-PCI", "numa_node": 0, "vendor_id": "8086", "label": "label_8086_0e2c", "address": "0000:00:05.4"}, {"dev_id": "pci_0000_ff_16_0", "product_id": "0ec8", "dev_type": "type-PCI", "numa_node": 0, "vendor_id": "8086", "label": "label_8086_0ec8", "address": "0000:ff:16.0"}, {"dev_id": "pci_0000_ff_09_0", "product_id": "0e90", "dev_type": "type-PCI", "numa_node": 0, "vendor_id": "8086", "label": "label_8086_0e90", "address": "0000:ff:09.0"}, {"dev_id": "pci_0000_ff_0f_4", "product_id": "0eac", "dev_type": "type-PCI", "numa_node": 0, "vendor_id": "8086", "label": "label_8086_0eac", "address": "0000:ff:0f.4"}, {"dev_id": "pci_0000_00_05_2", "product_id": "0e2a", "dev_type": "type-PCI", "numa_node": 0, "vendor_id": "8086", "label": "label_8086_0e2a", "address": "0000:00:05.2"}, {"dev_id": "pci_0000_ff_0f_3", "product_id": "0eab", "dev_type": "type-PCI", "numa_node": 0, "vendor_id": "8086", "label": "label_8086_0eab", "address": "0000:ff:0f.3"}, {"dev_id": "pci_0000_00_05_0", "product_id": "0e28", "dev_type": "type-PCI", "numa_node": 0, "vendor_id": "8086", "label": "label_8086_0e28", "address": "0000:00:05.0"}, {"dev_id": "pci_0000_ff_13_0", "product_id": "0e1d", "dev_type": "type-PCI", "numa_node": 0, "vendor_id": "8086", "label": "label_8086_0e1d", "address": "0000:ff:13.0"}, {"dev_id": "pci_0000_ff_0f_2", "product_id": "0eaa", "dev_type": "type-PCI", "numa_node": 0, "vendor_id": "8086", "label": "label_8086_0eaa", "address": "0000:ff:0f.2"}, {"dev_id": "pci_0000_ff_0d_0", "product_id": "0ee1", "dev_type": "type-PCI", "numa_node": 0, "vendor_id": "8086", "label": "label_8086_0ee1", "address": "0000:ff:0d.0"}, {"dev_id": "pci_0000_ff_0f_1", "product_id": "0e71", "dev_type": "type-PCI", "numa_node": 0, "vendor_id": "8086", "label": "label_8086_0e71", "address": "0000:ff:0f.1"}, {"dev_id": "pci_0000_ff_0e_1", "product_id": "0e30", "dev_type": "type-PCI", "numa_node": 0, "vendor_id": "8086", "label": "label_8086_0e30", "address": "0000:ff:0e.1"}, {"dev_id": "pci_0000_00_1f_3", "product_id": "1d22", "dev_type": "type-PCI", "numa_node": 0, "vendor_id": "8086", "label": "label_8086_1d22", "address": "0000:00:1f.3"}, {"dev_id": "pci_0000_ff_0c_2", "product_id": "0ee4", "dev_type": "type-PCI", "numa_node": 0, "vendor_id": "8086", "label": "label_8086_0ee4", "address": "0000:ff:0c.2"}, {"dev_id": "pci_0000_00_11_0", "product_id": "1d3e", "dev_type": "type-PCI", "numa_node": 0, "vendor_id": "8086", "label": "label_8086_1d3e", "address": "0000:00:11.0"}, {"dev_id": "pci_0000_ff_0d_2", "product_id": "0ee5", "dev_type": "type-PCI", "numa_node": 0, "vendor_id": "8086", "label": "label_8086_0ee5", "address": "0000:ff:0d.2"}, {"dev_id": "pci_0000_ff_08_0", "product_id": "0e80", "dev_type": "type-PCI", "numa_node": 0, "vendor_id": "8086", "label": "label_8086_0e80", "address": "0000:ff:08.0"}, {"dev_id": "pci_0000_ff_16_1", "product_id": "0ec9", "dev_type": "type-PCI", "numa_node": 0, "vendor_id": "8086", "label": "label_8086_0ec9", "address": "0000:ff:16.1"}, {"dev_id": "pci_0000_07_00_0", "product_id": "8168", "dev_type": "type-PCI", "numa_node": 0, "vendor_id": "10ec", "label": "label_10ec_8168", "address": "0000:07:00.0"}, {"dev_id": "pci_0000_ff_10_1", "product_id": "0eb1", "dev_type": "type-PCI", "numa_node": 0, "vendor_id": "8086", "label": "label_8086_0eb1", "address": "0000:ff:10.1"}, {"dev_id": "pci_0000_00_1c_0", "product_id": "1d10", "dev_type": "type-PCI", "numa_node": 0, "vendor_id": "8086", "label": "label_8086_1d10", "address": "0000:00:1c.0"}, {"dev_id": "pci_0000_00_03_0", "product_id": "0e08", "dev_type": "type-PCI", "numa_node": 0, "vendor_id": "8086", "label": "label_8086_0e08", "address": "0000:00:03.0"}, {"dev_id": "pci_0000_ff_10_5", "product_id": "0eb5", "dev_type": "type-PCI", "numa_node": 0, "vendor_id": "8086", "label": "label_8086_0eb5", "address": "0000:ff:10.5"}, {"dev_id": "pci_0000_ff_0f_5", "product_id": "0ead", "dev_type": "type-PCI", "numa_node": 0, "vendor_id": "8086", "label": "label_8086_0ead", "address": "0000:ff:0f.5"}, {"dev_id": "pci_0000_03_00_1", "product_id": "aa38", "dev_type": "type-PCI", "numa_node": 0, "vendor_id": "1002", "label": "label_1002_aa38", "address": "0000:03:00.1"}, {"dev_id": "pci_0000_ff_16_2", "product_id": "0eca", "dev_type": "type-PCI", "numa_node": 0, "vendor_id": "8086", "label": "label_8086_0eca", "address": "0000:ff:16.2"}, {"dev_id": "pci_0000_ff_13_4", "product_id": "0e81", "dev_type": "type-PCI", "numa_node": 0, "vendor_id": "8086", "label": "label_8086_0e81", "address": "0000:ff:13.4"}, {"dev_id": "pci_0000_ff_10_6", "product_id": "0eb6", "dev_type": "type-PCI", "numa_node": 0, "vendor_id": "8086", "label": "label_8086_0eb6", "address": "0000:ff:10.6"}, {"dev_id": "pci_0000_ff_0b_3", "product_id": "0e1f", "dev_type": "type-PCI", "numa_node": 0, "vendor_id": "8086", "label": "label_8086_0e1f", "address": "0000:ff:0b.3"}, {"dev_id": "pci_0000_ff_0a_1", "product_id": "0ec1", "dev_type": "type-PCI", "numa_node": 0, "vendor_id": "8086", "label": "label_8086_0ec1", "address": "0000:ff:0a.1"}, {"dev_id": "pci_0000_ff_10_3", "product_id": "0eb3", "dev_type": "type-PCI", "numa_node": 0, "vendor_id": "8086", "label": "label_8086_0eb3", "address": "0000:ff:10.3"}, {"dev_id": "pci_0000_ff_10_7", "product_id": "0eb7", "dev_type": "type-PCI", "numa_node": 0, "vendor_id": "8086", "label": "label_8086_0eb7", "address": "0000:ff:10.7"}, {"dev_id": "pci_0000_00_02_0", "product_id": "0e04", "dev_type": "type-PCI", "numa_node": 0, "vendor_id": "8086", "label": "label_8086_0e04", "address": "0000:00:02.0"}, {"dev_id": "pci_0000_ff_13_1", "product_id": "0e34", "dev_type": "type-PCI", "numa_node": 0, "vendor_id": "8086", "label": "label_8086_0e34", "address": "0000:ff:13.1"}, {"dev_id": "pci_0000_ff_10_4", "product_id": "0eb4", "dev_type": "type-PCI", "numa_node": 0, "vendor_id": "8086", "label": "label_8086_0eb4", "address": "0000:ff:10.4"}, {"dev_id": "pci_0000_ff_0c_0", "product_id": "0ee0", "dev_type": "type-PCI", "numa_node": 0, "vendor_id": "8086", "label": "label_8086_0ee0", "address": "0000:ff:0c.0"}, {"dev_id": "pci_0000_00_1f_2", "product_id": "1d02", "dev_type": "type-PCI", "numa_node": 0, "vendor_id": "8086", "label": "label_8086_1d02", "address": "0000:00:1f.2"}, {"dev_id": "pci_0000_00_1c_2", "product_id": "1d14", "dev_type": "type-PCI", "numa_node": 0, "vendor_id": "8086", "label": "label_8086_1d14", "address": "0000:00:1c.2"}, {"dev_id": "pci_0000_ff_13_5", "product_id": "0e36", "dev_type": "type-PCI", "numa_node": 0, "vendor_id": "8086", "label": "label_8086_0e36", "address": "0000:ff:13.5"}, {"dev_id": "pci_0000_ff_0a_2", "product_id": "0ec2", "dev_type": "type-PCI", "numa_node": 0, "vendor_id": "8086", "label": "label_8086_0ec2", "address": "0000:ff:0a.2"}, {"dev_id": "pci_0000_03_00_0", "product_id": "954f", "dev_type": "type-PCI", "numa_node": 0, "vendor_id": "1002", "label": "label_1002_954f", "address": "0000:03:00.0"}, {"dev_id": "pci_0000_ff_10_0", "product_id": "0eb0", "dev_type": "type-PCI", "numa_node": 0, "vendor_id": "8086", "label": "label_8086_0eb0", "address": "0000:ff:10.0"}, {"dev_id": "pci_0000_ff_0a_0", "product_id": "0ec0", "dev_type": "type-PCI", "numa_node": 0, "vendor_id": "8086", "label": "label_8086_0ec0", "address": "0000:ff:0a.0"}, {"dev_id": "pci_0000_00_00_0", "product_id": "0e00", "dev_type": "type-PCI", "numa_node": 0, "vendor_id": "8086", "label": "label_8086_0e00", "address": "0000:00:00.0"}, {"dev_id": "pci_0000_00_1b_0", "product_id": "1d20", "dev_type": "type-PCI", "numa_node": 0, "vendor_id": "8086", "label": "label_8086_1d20", "address": "0000:00:1b.0"}, {"dev_id": "pci_0000_ff_0a_3", "product_id": "0ec3", "dev_type": "type-PCI", "numa_node": 0, "vendor_id": "8086", "label": "label_8086_0ec3", "address": "0000:ff:0a.3"}, {"dev_id": "pci_0000_00_1e_0", "product_id": "244e", "dev_type": "type-PCI", "numa_node": 0, "vendor_id": "8086", "label": "label_8086_244e", "address": "0000:00:1e.0"}, {"dev_id": "pci_0000_00_1a_0", "product_id": "1d2d", "dev_type": "type-PCI", "numa_node": 0, "vendor_id": "8086", "label": "label_8086_1d2d", "address": "0000:00:1a.0"}, {"dev_id": "pci_0000_ff_10_2", "product_id": "0eb2", "dev_type": "type-PCI", "numa_node": 0, "vendor_id": "8086", "label": "label_8086_0eb2", "address": "0000:ff:10.2"}, {"dev_id": "pci_0000_ff_0f_0", "product_id": "0ea8", "dev_type": "type-PCI", "numa_node": 0, "vendor_id": "8086", "label": "label_8086_0ea8", "address": "0000:ff:0f.0"}, {"dev_id": "pci_0000_00_1f_0", "product_id": "1d41", "dev_type": "type-PCI", "numa_node": 0, "vendor_id": "8086", "label": "label_8086_1d41", "address": "0000:00:1f.0"}] _report_hypervisor_resource_view /usr/lib/python2.7/site-packages/nova/compute/resource_tracker.py:1023
2020-03-25 20:00:11.880 8547 DEBUG oslo_concurrency.lockutils [req-87b5f7c1-abaa-48c9-b9e2-859aa555051d - - - - -] Lock "compute_resources" acquired by "nova.compute.resource_tracker._update_available_resource" :: waited 0.000s inner /usr/lib/python2.7/site-packages/oslo_concurrency/lockutils.py:327
2020-03-25 20:00:11.967 8547 DEBUG nova.compute.resource_tracker [req-87b5f7c1-abaa-48c9-b9e2-859aa555051d - - - - -] Instance 94e4f8c0-e30e-4a5a-bb60-c8564c242422 actively managed on this compute host and has allocations in placement: {u'resources': {u'VCPU': 2, u'MEMORY_MB': 4096, u'DISK_GB': 8}}. _remove_deleted_instances_allocations /usr/lib/python2.7/site-packages/nova/compute/resource_tracker.py:1538
2020-03-25 20:00:11.968 8547 DEBUG nova.compute.resource_tracker [req-87b5f7c1-abaa-48c9-b9e2-859aa555051d - - - - -] Total usable vcpus: 10, total allocated vcpus: 2 _report_final_resource_view /usr/lib/python2.7/site-packages/nova/compute/resource_tracker.py:1039
2020-03-25 20:00:11.968 8547 DEBUG nova.compute.resource_tracker [req-87b5f7c1-abaa-48c9-b9e2-859aa555051d - - - - -] Final resource view: name=host177 phys_ram=32701MB used_ram=6144MB phys_disk=355GB used_disk=8GB total_vcpus=10 used_vcpus=2 pci_stats=[] _report_final_resource_view /usr/lib/python2.7/site-packages/nova/compute/resource_tracker.py:1061
2020-03-25 20:00:11.977 8547 DEBUG nova.compute.provider_tree [req-87b5f7c1-abaa-48c9-b9e2-859aa555051d - - - - -] Inventory has not changed in ProviderTree for provider: 7228bb9f-9474-4740-afa7-82c66061ea1d update_inventory /usr/lib/python2.7/site-packages/nova/compute/provider_tree.py:181
2020-03-25 20:00:11.978 8547 DEBUG nova.virt.libvirt.driver [req-87b5f7c1-abaa-48c9-b9e2-859aa555051d - - - - -] CPU mode 'host-passthrough' models '' was chosen, with extra flags: '' _get_guest_cpu_model_config /usr/lib/python2.7/site-packages/nova/virt/libvirt/driver.py:4270
2020-03-25 20:00:12.000 8547 DEBUG nova.scheduler.client.report [req-87b5f7c1-abaa-48c9-b9e2-859aa555051d - - - - -] Inventory has not changed for provider 7228bb9f-9474-4740-afa7-82c66061ea1d based on inventory data: {u'VCPU': {u'allocation_ratio': 8.0, u'total': 10, u'reserved': 0, u'step_size': 1, u'min_unit': 1, u'max_unit': 10}, u'MEMORY_MB': {u'allocation_ratio': 1.0, u'total': 32701, u'reserved': 2048, u'step_size': 1, u'min_unit': 1, u'max_unit': 32701}, u'DISK_GB': {u'allocation_ratio': 1.0, u'total': 355, u'reserved': 0, u'step_size': 1, u'min_unit': 1, u'max_unit': 355}} set_inventory_for_provider /usr/lib/python2.7/site-packages/nova/scheduler/client/report.py:898
2020-03-25 20:00:12.000 8547 DEBUG nova.compute.resource_tracker [req-87b5f7c1-abaa-48c9-b9e2-859aa555051d - - - - -] Compute_service record updated for host177:host177 _update_available_resource /usr/lib/python2.7/site-packages/nova/compute/resource_tracker.py:974
2020-03-25 20:00:12.001 8547 DEBUG oslo_concurrency.lockutils [req-87b5f7c1-abaa-48c9-b9e2-859aa555051d - - - - -] Lock "compute_resources" released by "nova.compute.resource_tracker._update_available_resource" :: held 0.121s inner /usr/lib/python2.7/site-packages/oslo_concurrency/lockutils.py:339
2020-03-25 20:00:12.002 8547 DEBUG oslo_service.periodic_task [req-87b5f7c1-abaa-48c9-b9e2-859aa555051d - - - - -] Running periodic task ComputeManager._heal_instance_info_cache run_periodic_tasks /usr/lib/python2.7/site-packages/oslo_service/periodic_task.py:217
2020-03-25 20:00:12.003 8547 DEBUG nova.compute.manager [req-87b5f7c1-abaa-48c9-b9e2-859aa555051d - - - - -] Starting heal instance info cache _heal_instance_info_cache /usr/lib/python2.7/site-packages/nova/compute/manager.py:7952
2020-03-25 20:00:12.003 8547 DEBUG nova.compute.manager [req-87b5f7c1-abaa-48c9-b9e2-859aa555051d - - - - -] Rebuilding the list of instances to heal _heal_instance_info_cache /usr/lib/python2.7/site-packages/nova/compute/manager.py:7956
2020-03-25 20:00:12.114 8547 DEBUG oslo_concurrency.lockutils [req-87b5f7c1-abaa-48c9-b9e2-859aa555051d - - - - -] Acquired lock "refresh_cache-94e4f8c0-e30e-4a5a-bb60-c8564c242422" lock /usr/lib/python2.7/site-packages/oslo_concurrency/lockutils.py:265
2020-03-25 20:00:12.114 8547 DEBUG nova.network.neutronv2.api [req-87b5f7c1-abaa-48c9-b9e2-859aa555051d - - - - -] [instance: 94e4f8c0-e30e-4a5a-bb60-c8564c242422] Forcefully refreshing network info cache for instance _get_instance_nw_info /usr/lib/python2.7/site-packages/nova/network/neutronv2/api.py:1750
2020-03-25 20:00:12.115 8547 DEBUG nova.objects.instance [req-87b5f7c1-abaa-48c9-b9e2-859aa555051d - - - - -] Lazy-loading 'info_cache' on Instance uuid 94e4f8c0-e30e-4a5a-bb60-c8564c242422 obj_load_attr /usr/lib/python2.7/site-packages/nova/objects/instance.py:1086
2020-03-25 20:00:13.092 8547 DEBUG nova.network.base_api [req-87b5f7c1-abaa-48c9-b9e2-859aa555051d - - - - -] [instance: 94e4f8c0-e30e-4a5a-bb60-c8564c242422] Updating instance_info_cache with network_info: [{"profile": {}, "ovs_interfaceid": "528237b2-08f4-49e9-bb34-f3e624bb5589", "preserve_on_delete": false, "network": {"bridge": "br-int", "subnets": [{"ips": [{"meta": {}, "version": 4, "type": "fixed", "floating_ips": [], "address": "192.168.3.102"}], "version": 4, "meta": {"dhcp_server": "192.168.3.100"}, "dns": [{"meta": {}, "version": 4, "type": "dns", "address": "8.8.8.8"}], "routes": [], "cidr": "192.168.3.0/24", "gateway": {"meta": {}, "version": 4, "type": "gateway", "address": "192.168.3.1"}}], "meta": {"injected": false, "tunneled": false, "tenant_id": "cafec05053ef45138c9f5fc6aa3ea910", "physical_network": "phynet-mgt", "mtu": 1500}, "id": "50250e01-91ff-468f-bc78-687030d9f8a3", "label": "netx"}, "devname": "tap528237b2-08", "vnic_type": "normal", "qbh_params": null, "meta": {}, "details": {"ovs_hybrid_plug": true, "bridge_name": "br-int", "datapath_type": "system", "port_filter": true, "connectivity": "l2"}, "address": "fa:16:3e:9c:34:ee", "active": true, "type": "ovs", "id": "528237b2-08f4-49e9-bb34-f3e624bb5589", "qbg_params": null}] update_instance_cache_with_nw_info /usr/lib/python2.7/site-packages/nova/network/base_api.py:47
2020-03-25 20:00:13.110 8547 DEBUG oslo_concurrency.lockutils [req-87b5f7c1-abaa-48c9-b9e2-859aa555051d - - - - -] Releasing lock "refresh_cache-94e4f8c0-e30e-4a5a-bb60-c8564c242422" lock /usr/lib/python2.7/site-packages/oslo_concurrency/lockutils.py:281
2020-03-25 20:00:13.111 8547 DEBUG nova.compute.manager [req-87b5f7c1-abaa-48c9-b9e2-859aa555051d - - - - -] [instance: 94e4f8c0-e30e-4a5a-bb60-c8564c242422] Updated the network info_cache for instance _heal_instance_info_cache /usr/lib/python2.7/site-packages/nova/compute/manager.py:8024
2020-03-25 20:00:13.552 8547 DEBUG oslo_service.periodic_task [req-87b5f7c1-abaa-48c9-b9e2-859aa555051d - - - - -] Running periodic task ComputeManager._instance_usage_audit run_periodic_tasks /usr/lib/python2.7/site-packages/oslo_service/periodic_task.py:217
2020-03-25 20:00:13.553 8547 DEBUG oslo_service.periodic_task [req-87b5f7c1-abaa-48c9-b9e2-859aa555051d - - - - -] Running periodic task ComputeManager._poll_rebooting_instances run_periodic_tasks /usr/lib/python2.7/site-packages/oslo_service/periodic_task.py:217
2020-03-25 20:00:13.558 8547 DEBUG oslo_service.periodic_task [req-87b5f7c1-abaa-48c9-b9e2-859aa555051d - - - - -] Running periodic task ComputeManager._poll_volume_usage run_periodic_tasks /usr/lib/python2.7/site-packages/oslo_service/periodic_task.py:217
2020-03-25 20:00:13.559 8547 DEBUG oslo_service.periodic_task [req-87b5f7c1-abaa-48c9-b9e2-859aa555051d - - - - -] Running periodic task ComputeManager._poll_unconfirmed_resizes run_periodic_tasks /usr/lib/python2.7/site-packages/oslo_service/periodic_task.py:217
2020-03-25 20:00:13.576 8547 DEBUG oslo_service.periodic_task [req-87b5f7c1-abaa-48c9-b9e2-859aa555051d - - - - -] Running periodic task ComputeManager._poll_rescued_instances run_periodic_tasks /usr/lib/python2.7/site-packages/oslo_service/periodic_task.py:217
2020-03-25 20:00:13.577 8547 DEBUG oslo_service.periodic_task [req-87b5f7c1-abaa-48c9-b9e2-859aa555051d - - - - -] Running periodic task ComputeManager._check_instance_build_time run_periodic_tasks /usr/lib/python2.7/site-packages/oslo_service/periodic_task.py:217
2020-03-25 20:00:37.849 8547 DEBUG nova.objects.instance [req-a7d9005f-1e20-4373-96d7-9201f24c652c 35608ad3c77a4668b6e34240a37178b0 cafec05053ef45138c9f5fc6aa3ea910 - default default] Lazy-loading 'vcpu_model' on Instance uuid e3806031-8857-4e82-bd85-bb6948fdbed5 obj_load_attr /usr/lib/python2.7/site-packages/nova/objects/instance.py:1086
2020-03-25 20:00:37.863 8547 INFO nova.virt.libvirt.driver [req-a7d9005f-1e20-4373-96d7-9201f24c652c 35608ad3c77a4668b6e34240a37178b0 cafec05053ef45138c9f5fc6aa3ea910 - default default] Instance launched has CPU info: {"vendor": "Intel", "features": ["pge", "avx", "xsaveopt", "clflush", "sep", "syscall", "tsc-deadline", "dtes64", "stibp", "msr", "fsgsbase", "xsave", "vmx", "erms", "xtpr", "cmov", "smep", "ssse3", "est", "pat", "monitor", "smx", "pbe", "lm", "tsc", "nx", "fxsr", "tm", "sse4.1", "pae", "sse4.2", "pclmuldq", "cx16", "pcid", "vme", "popcnt", "mmx", "osxsave", "cx8", "mce", "de", "rdtscp", "ht", "dca", "lahf_lm", "md-clear", "pdcm", "mca", "pdpe1gb", "apic", "sse", "f16c", "pse", "ds", "invtsc", "pni", "tm2", "aes", "sse2", "ss", "ds_cpl", "arat", "acpi", "spec-ctrl", "fpu", "ssbd", "pse36", "mtrr", "rdrand", "x2apic"], "model": "IvyBridge-IBRS", "arch": "x86_64", "nodes": 1, "topology": {"cores": 6, "cells": 1, "threads": 2, "sockets": 1}}
2020-03-25 20:00:37.865 8547 DEBUG nova.virt.libvirt.driver [req-a7d9005f-1e20-4373-96d7-9201f24c652c 35608ad3c77a4668b6e34240a37178b0 cafec05053ef45138c9f5fc6aa3ea910 - default default] [instance: e3806031-8857-4e82-bd85-bb6948fdbed5] cpu compare xml: <cpu>
  <arch>x86_64</arch>
  <model>IvyBridge-IBRS</model>
  <vendor>Intel</vendor>
  <topology sockets="1" cores="6" threads="2"/>
  <feature name="acpi"/>
  <feature name="aes"/>
  <feature name="apic"/>
  <feature name="arat"/>
  <feature name="avx"/>
  <feature name="clflush"/>
  <feature name="cmov"/>
  <feature name="cx16"/>
  <feature name="cx8"/>
  <feature name="dca"/>
  <feature name="de"/>
  <feature name="ds"/>
  <feature name="ds_cpl"/>
  <feature name="dtes64"/>
  <feature name="erms"/>
  <feature name="est"/>
  <feature name="f16c"/>
  <feature name="fpu"/>
  <feature name="fsgsbase"/>
  <feature name="fxsr"/>
  <feature name="ht"/>
  <feature name="invtsc"/>
  <feature name="lahf_lm"/>
  <feature name="lm"/>
  <feature name="mca"/>
  <feature name="mce"/>
  <feature name="md-clear"/>
  <feature name="mmx"/>
  <feature name="monitor"/>
  <feature name="msr"/>
  <feature name="mtrr"/>
  <feature name="nx"/>
  <feature name="osxsave"/>
  <feature name="pae"/>
  <feature name="pat"/>
  <feature name="pbe"/>
  <feature name="pcid"/>
  <feature name="pclmuldq"/>
  <feature name="pdcm"/>
  <feature name="pdpe1gb"/>
  <feature name="pge"/>
  <feature name="pni"/>
  <feature name="popcnt"/>
  <feature name="pse"/>
  <feature name="pse36"/>
  <feature name="rdrand"/>
  <feature name="rdtscp"/>
  <feature name="sep"/>
  <feature name="smep"/>
  <feature name="smx"/>
  <feature name="spec-ctrl"/>
  <feature name="ss"/>
  <feature name="ssbd"/>
  <feature name="sse"/>
  <feature name="sse2"/>
  <feature name="sse4.1"/>
  <feature name="sse4.2"/>
  <feature name="ssse3"/>
  <feature name="stibp"/>
  <feature name="syscall"/>
  <feature name="tm"/>
  <feature name="tm2"/>
  <feature name="tsc"/>
  <feature name="tsc-deadline"/>
  <feature name="vme"/>
  <feature name="vmx"/>
  <feature name="x2apic"/>
  <feature name="xsave"/>
  <feature name="xsaveopt"/>
  <feature name="xtpr"/>
</cpu>
 _compare_cpu /usr/lib/python2.7/site-packages/nova/virt/libvirt/driver.py:8398
2020-03-25 20:00:37.868 8547 DEBUG nova.virt.libvirt.driver [req-a7d9005f-1e20-4373-96d7-9201f24c652c 35608ad3c77a4668b6e34240a37178b0 cafec05053ef45138c9f5fc6aa3ea910 - default default] [instance: e3806031-8857-4e82-bd85-bb6948fdbed5] Creating tmpfile /var/lib/nova/instances/tmp3Kj5aL to notify to other compute nodes that they should mount the same storage. _create_shared_storage_test_file /usr/lib/python2.7/site-packages/nova/virt/libvirt/driver.py:8422
2020-03-25 20:00:37.869 8547 DEBUG nova.compute.manager [req-a7d9005f-1e20-4373-96d7-9201f24c652c 35608ad3c77a4668b6e34240a37178b0 cafec05053ef45138c9f5fc6aa3ea910 - default default] destination check data is LibvirtLiveMigrateData(bdms=<?>,block_migration=True,disk_available_mb=355328,disk_over_commit=True,dst_numa_info=<?>,dst_supports_numa_live_migration=<?>,dst_wants_file_backed_memory=False,file_backed_memory_discard=False,filename='tmp3Kj5aL',graphics_listen_addr_spice=0.0.0.0,graphics_listen_addr_vnc=0.0.0.0,image_type='default',instance_relative_path=<?>,is_shared_block_storage=<?>,is_shared_instance_path=<?>,is_volume_backed=<?>,migration=<?>,old_vol_attachment_ids=<?>,serial_listen_addr=None,serial_listen_ports=<?>,src_supports_native_luks=<?>,src_supports_numa_live_migration=<?>,supported_perf_events=<?>,target_connect_addr=<?>,vifs=<?>,wait_for_vif_plugged=<?>) check_can_live_migrate_destination /usr/lib/python2.7/site-packages/nova/compute/manager.py:6730
2020-03-25 20:00:37.871 8547 DEBUG oslo_concurrency.lockutils [req-a7d9005f-1e20-4373-96d7-9201f24c652c 35608ad3c77a4668b6e34240a37178b0 cafec05053ef45138c9f5fc6aa3ea910 - default default] Acquired lock "compute-rpcapi-router" lock /usr/lib/python2.7/site-packages/oslo_concurrency/lockutils.py:265
2020-03-25 20:00:37.872 8547 DEBUG oslo_concurrency.lockutils [req-a7d9005f-1e20-4373-96d7-9201f24c652c 35608ad3c77a4668b6e34240a37178b0 cafec05053ef45138c9f5fc6aa3ea910 - default default] Releasing lock "compute-rpcapi-router" lock /usr/lib/python2.7/site-packages/oslo_concurrency/lockutils.py:281
2020-03-25 20:00:39.666 8547 DEBUG nova.compute.manager [req-a7d9005f-1e20-4373-96d7-9201f24c652c 35608ad3c77a4668b6e34240a37178b0 cafec05053ef45138c9f5fc6aa3ea910 - default default] pre_live_migration data is LibvirtLiveMigrateData(bdms=<?>,block_migration=True,disk_available_mb=355328,disk_over_commit=True,dst_numa_info=<?>,dst_supports_numa_live_migration=<?>,dst_wants_file_backed_memory=False,file_backed_memory_discard=False,filename='tmp3Kj5aL',graphics_listen_addr_spice=0.0.0.0,graphics_listen_addr_vnc=0.0.0.0,image_type='default',instance_relative_path='e3806031-8857-4e82-bd85-bb6948fdbed5',is_shared_block_storage=False,is_shared_instance_path=False,is_volume_backed=False,migration=<?>,old_vol_attachment_ids=<?>,serial_listen_addr=None,serial_listen_ports=<?>,src_supports_native_luks=True,src_supports_numa_live_migration=<?>,supported_perf_events=<?>,target_connect_addr=<?>,vifs=[VIFMigrateData],wait_for_vif_plugged=<?>) pre_live_migration /usr/lib/python2.7/site-packages/nova/compute/manager.py:6854
2020-03-25 20:00:39.685 8547 DEBUG oslo_concurrency.lockutils [req-a7d9005f-1e20-4373-96d7-9201f24c652c 35608ad3c77a4668b6e34240a37178b0 cafec05053ef45138c9f5fc6aa3ea910 - default default] Acquired lock "refresh_cache-e3806031-8857-4e82-bd85-bb6948fdbed5" lock /usr/lib/python2.7/site-packages/oslo_concurrency/lockutils.py:265
2020-03-25 20:00:39.686 8547 DEBUG nova.network.neutronv2.api [req-a7d9005f-1e20-4373-96d7-9201f24c652c 35608ad3c77a4668b6e34240a37178b0 cafec05053ef45138c9f5fc6aa3ea910 - default default] [instance: e3806031-8857-4e82-bd85-bb6948fdbed5] Building network info cache for instance _get_instance_nw_info /usr/lib/python2.7/site-packages/nova/network/neutronv2/api.py:1756
2020-03-25 20:00:40.308 8547 DEBUG nova.network.base_api [req-a7d9005f-1e20-4373-96d7-9201f24c652c 35608ad3c77a4668b6e34240a37178b0 cafec05053ef45138c9f5fc6aa3ea910 - default default] [instance: e3806031-8857-4e82-bd85-bb6948fdbed5] Updating instance_info_cache with network_info: [{"profile": {}, "ovs_interfaceid": "f411aafb-3889-4f95-9495-8eec217ee445", "preserve_on_delete": false, "network": {"bridge": "br-int", "subnets": [{"ips": [{"meta": {}, "version": 4, "type": "fixed", "floating_ips": [], "address": "192.168.3.101"}], "version": 4, "meta": {"dhcp_server": "192.168.3.100"}, "dns": [{"meta": {}, "version": 4, "type": "dns", "address": "8.8.8.8"}], "routes": [], "cidr": "192.168.3.0/24", "gateway": {"meta": {}, "version": 4, "type": "gateway", "address": "192.168.3.1"}}], "meta": {"injected": false, "tunneled": false, "tenant_id": "cafec05053ef45138c9f5fc6aa3ea910", "physical_network": "phynet-mgt", "mtu": 1500}, "id": "50250e01-91ff-468f-bc78-687030d9f8a3", "label": "netx"}, "devname": "tapf411aafb-38", "vnic_type": "normal", "qbh_params": null, "meta": {}, "details": {"ovs_hybrid_plug": true, "bridge_name": "br-int", "datapath_type": "system", "port_filter": true, "connectivity": "l2"}, "address": "fa:16:3e:12:84:cd", "active": true, "type": "ovs", "id": "f411aafb-3889-4f95-9495-8eec217ee445", "qbg_params": null}] update_instance_cache_with_nw_info /usr/lib/python2.7/site-packages/nova/network/base_api.py:47
2020-03-25 20:00:40.326 8547 DEBUG oslo_concurrency.lockutils [req-a7d9005f-1e20-4373-96d7-9201f24c652c 35608ad3c77a4668b6e34240a37178b0 cafec05053ef45138c9f5fc6aa3ea910 - default default] Releasing lock "refresh_cache-e3806031-8857-4e82-bd85-bb6948fdbed5" lock /usr/lib/python2.7/site-packages/oslo_concurrency/lockutils.py:281
2020-03-25 20:00:40.330 8547 DEBUG os_brick.utils [req-a7d9005f-1e20-4373-96d7-9201f24c652c 35608ad3c77a4668b6e34240a37178b0 cafec05053ef45138c9f5fc6aa3ea910 - default default] ==> get_connector_properties: call u"{'execute': None, 'my_ip': '192.222.1.177', 'enforce_multipath': True, 'host': 'host177', 'root_helper': 'sudo nova-rootwrap /etc/nova/rootwrap.conf', 'multipath': False}" trace_logging_wrapper /usr/lib/python2.7/site-packages/os_brick/utils.py:146
2020-03-25 20:00:40.331 8547 INFO oslo.privsep.daemon [req-a7d9005f-1e20-4373-96d7-9201f24c652c 35608ad3c77a4668b6e34240a37178b0 cafec05053ef45138c9f5fc6aa3ea910 - default default] Running privsep helper: ['sudo', 'nova-rootwrap', '/etc/nova/rootwrap.conf', 'privsep-helper', '--config-file', '/usr/share/nova/nova-dist.conf', '--config-file', '/etc/nova/nova.conf', '--privsep_context', 'os_brick.privileged.default', '--privsep_sock_path', '/tmp/tmp7lSjth/privsep.sock']
2020-03-25 20:00:41.563 8547 INFO oslo.privsep.daemon [req-a7d9005f-1e20-4373-96d7-9201f24c652c 35608ad3c77a4668b6e34240a37178b0 cafec05053ef45138c9f5fc6aa3ea910 - default default] Spawned new privsep daemon via rootwrap
2020-03-25 20:00:41.488 9539 INFO oslo.privsep.daemon [-] privsep daemon starting
2020-03-25 20:00:41.493 9539 INFO oslo.privsep.daemon [-] privsep process running with uid/gid: 0/0
2020-03-25 20:00:41.496 9539 INFO oslo.privsep.daemon [-] privsep process running with capabilities (eff/prm/inh): CAP_SYS_ADMIN/CAP_SYS_ADMIN/none
2020-03-25 20:00:41.497 9539 INFO oslo.privsep.daemon [-] privsep daemon running as pid 9539
2020-03-25 20:00:41.719 8547 DEBUG os_brick.initiator.linuxfc [req-a7d9005f-1e20-4373-96d7-9201f24c652c 35608ad3c77a4668b6e34240a37178b0 cafec05053ef45138c9f5fc6aa3ea910 - default default] No Fibre Channel support detected on system. get_fc_hbas /usr/lib/python2.7/site-packages/os_brick/initiator/linuxfc.py:134
2020-03-25 20:00:41.720 8547 DEBUG os_brick.initiator.linuxfc [req-a7d9005f-1e20-4373-96d7-9201f24c652c 35608ad3c77a4668b6e34240a37178b0 cafec05053ef45138c9f5fc6aa3ea910 - default default] No Fibre Channel support detected on system. get_fc_hbas /usr/lib/python2.7/site-packages/os_brick/initiator/linuxfc.py:134
2020-03-25 20:00:41.730 8547 DEBUG os_brick.utils [req-a7d9005f-1e20-4373-96d7-9201f24c652c 35608ad3c77a4668b6e34240a37178b0 cafec05053ef45138c9f5fc6aa3ea910 - default default] <== get_connector_properties: return (1397ms) {'initiator': u'iqn.1994-05.com.redhat:365af93a420', 'ip': u'192.222.1.177', 'system uuid': u'03000200-0400-0500-0006-000700080009', 'platform': u'x86_64', 'host': u'host177', 'do_local_attach': False, 'os_type': u'linux2', 'multipath': False} trace_logging_wrapper /usr/lib/python2.7/site-packages/os_brick/utils.py:170
2020-03-25 20:00:41.731 8547 DEBUG nova.virt.libvirt.driver [req-a7d9005f-1e20-4373-96d7-9201f24c652c 35608ad3c77a4668b6e34240a37178b0 cafec05053ef45138c9f5fc6aa3ea910 - default default] [instance: e3806031-8857-4e82-bd85-bb6948fdbed5] migrate_data in pre_live_migration: LibvirtLiveMigrateData(bdms=<?>,block_migration=True,disk_available_mb=355328,disk_over_commit=True,dst_numa_info=<?>,dst_supports_numa_live_migration=<?>,dst_wants_file_backed_memory=False,file_backed_memory_discard=False,filename='tmp3Kj5aL',graphics_listen_addr_spice=0.0.0.0,graphics_listen_addr_vnc=0.0.0.0,image_type='default',instance_relative_path='e3806031-8857-4e82-bd85-bb6948fdbed5',is_shared_block_storage=False,is_shared_instance_path=False,is_volume_backed=False,migration=<?>,old_vol_attachment_ids={},serial_listen_addr=None,serial_listen_ports=<?>,src_supports_native_luks=True,src_supports_numa_live_migration=<?>,supported_perf_events=<?>,target_connect_addr=<?>,vifs=[VIFMigrateData],wait_for_vif_plugged=<?>) pre_live_migration /usr/lib/python2.7/site-packages/nova/virt/libvirt/driver.py:9200
2020-03-25 20:00:41.733 8547 DEBUG nova.virt.libvirt.driver [req-a7d9005f-1e20-4373-96d7-9201f24c652c 35608ad3c77a4668b6e34240a37178b0 cafec05053ef45138c9f5fc6aa3ea910 - default default] [instance: e3806031-8857-4e82-bd85-bb6948fdbed5] Creating instance directory: /var/lib/nova/instances/e3806031-8857-4e82-bd85-bb6948fdbed5 pre_live_migration /usr/lib/python2.7/site-packages/nova/virt/libvirt/driver.py:9213
2020-03-25 20:00:41.733 8547 DEBUG nova.virt.libvirt.driver [req-a7d9005f-1e20-4373-96d7-9201f24c652c 35608ad3c77a4668b6e34240a37178b0 cafec05053ef45138c9f5fc6aa3ea910 - default default] [instance: e3806031-8857-4e82-bd85-bb6948fdbed5] Creating disk.info with the contents: {u'/var/lib/nova/instances/e3806031-8857-4e82-bd85-bb6948fdbed5/disk.config': u'raw', u'/var/lib/nova/instances/e3806031-8857-4e82-bd85-bb6948fdbed5/disk': u'qcow2'} pre_live_migration /usr/lib/python2.7/site-packages/nova/virt/libvirt/driver.py:9227
2020-03-25 20:00:41.734 8547 DEBUG nova.virt.libvirt.driver [req-a7d9005f-1e20-4373-96d7-9201f24c652c 35608ad3c77a4668b6e34240a37178b0 cafec05053ef45138c9f5fc6aa3ea910 - default default] [instance: e3806031-8857-4e82-bd85-bb6948fdbed5] Checking to make sure images and backing files are present before live migration. pre_live_migration /usr/lib/python2.7/site-packages/nova/virt/libvirt/driver.py:9237
2020-03-25 20:00:41.735 8547 DEBUG nova.objects.instance [req-a7d9005f-1e20-4373-96d7-9201f24c652c 35608ad3c77a4668b6e34240a37178b0 cafec05053ef45138c9f5fc6aa3ea910 - default default] Lazy-loading 'trusted_certs' on Instance uuid e3806031-8857-4e82-bd85-bb6948fdbed5 obj_load_attr /usr/lib/python2.7/site-packages/nova/objects/instance.py:1086
2020-03-25 20:00:41.749 8547 INFO oslo.privsep.daemon [req-a7d9005f-1e20-4373-96d7-9201f24c652c 35608ad3c77a4668b6e34240a37178b0 cafec05053ef45138c9f5fc6aa3ea910 - default default] Running privsep helper: ['sudo', 'nova-rootwrap', '/etc/nova/rootwrap.conf', 'privsep-helper', '--config-file', '/usr/share/nova/nova-dist.conf', '--config-file', '/etc/nova/nova.conf', '--privsep_context', 'nova.privsep.sys_admin_pctxt', '--privsep_sock_path', '/tmp/tmpfHwI3D/privsep.sock']
2020-03-25 20:00:42.989 8547 INFO oslo.privsep.daemon [req-a7d9005f-1e20-4373-96d7-9201f24c652c 35608ad3c77a4668b6e34240a37178b0 cafec05053ef45138c9f5fc6aa3ea910 - default default] Spawned new privsep daemon via rootwrap
2020-03-25 20:00:42.912 9573 INFO oslo.privsep.daemon [-] privsep daemon starting
2020-03-25 20:00:42.916 9573 INFO oslo.privsep.daemon [-] privsep process running with uid/gid: 0/0
2020-03-25 20:00:42.921 9573 INFO oslo.privsep.daemon [-] privsep process running with capabilities (eff/prm/inh): CAP_CHOWN|CAP_DAC_OVERRIDE|CAP_DAC_READ_SEARCH|CAP_FOWNER|CAP_NET_ADMIN|CAP_SYS_ADMIN/CAP_CHOWN|CAP_DAC_OVERRIDE|CAP_DAC_READ_SEARCH|CAP_FOWNER|CAP_NET_ADMIN|CAP_SYS_ADMIN/none
2020-03-25 20:00:42.921 9573 INFO oslo.privsep.daemon [-] privsep daemon running as pid 9573
2020-03-25 20:00:43.089 8547 DEBUG oslo_concurrency.processutils [req-a7d9005f-1e20-4373-96d7-9201f24c652c 35608ad3c77a4668b6e34240a37178b0 cafec05053ef45138c9f5fc6aa3ea910 - default default] Running cmd (subprocess): /usr/bin/python2 -m oslo_concurrency.prlimit --as=1073741824 --cpu=30 -- env LC_ALL=C LANG=C qemu-img info /var/lib/nova/instances/_base/9882eea3f971715a003e739992099c9327b35136 --force-share execute /usr/lib/python2.7/site-packages/oslo_concurrency/processutils.py:372
2020-03-25 20:00:43.163 8547 DEBUG oslo_concurrency.processutils [req-a7d9005f-1e20-4373-96d7-9201f24c652c 35608ad3c77a4668b6e34240a37178b0 cafec05053ef45138c9f5fc6aa3ea910 - default default] CMD "/usr/bin/python2 -m oslo_concurrency.prlimit --as=1073741824 --cpu=30 -- env LC_ALL=C LANG=C qemu-img info /var/lib/nova/instances/_base/9882eea3f971715a003e739992099c9327b35136 --force-share" returned: 0 in 0.074s execute /usr/lib/python2.7/site-packages/oslo_concurrency/processutils.py:409
2020-03-25 20:00:43.167 8547 DEBUG oslo_concurrency.lockutils [req-a7d9005f-1e20-4373-96d7-9201f24c652c 35608ad3c77a4668b6e34240a37178b0 cafec05053ef45138c9f5fc6aa3ea910 - default default] Lock "9882eea3f971715a003e739992099c9327b35136" acquired by "nova.virt.libvirt.imagebackend.copy_qcow2_image" :: waited 0.001s inner /usr/lib/python2.7/site-packages/oslo_concurrency/lockutils.py:327
2020-03-25 20:00:43.168 8547 DEBUG oslo_concurrency.processutils [req-a7d9005f-1e20-4373-96d7-9201f24c652c 35608ad3c77a4668b6e34240a37178b0 cafec05053ef45138c9f5fc6aa3ea910 - default default] Running cmd (subprocess): /usr/bin/python2 -m oslo_concurrency.prlimit --as=1073741824 --cpu=30 -- env LC_ALL=C LANG=C qemu-img info /var/lib/nova/instances/_base/9882eea3f971715a003e739992099c9327b35136 --force-share execute /usr/lib/python2.7/site-packages/oslo_concurrency/processutils.py:372
2020-03-25 20:00:43.251 8547 DEBUG oslo_concurrency.processutils [req-a7d9005f-1e20-4373-96d7-9201f24c652c 35608ad3c77a4668b6e34240a37178b0 cafec05053ef45138c9f5fc6aa3ea910 - default default] CMD "/usr/bin/python2 -m oslo_concurrency.prlimit --as=1073741824 --cpu=30 -- env LC_ALL=C LANG=C qemu-img info /var/lib/nova/instances/_base/9882eea3f971715a003e739992099c9327b35136 --force-share" returned: 0 in 0.082s execute /usr/lib/python2.7/site-packages/oslo_concurrency/processutils.py:409
2020-03-25 20:00:43.253 8547 DEBUG oslo_concurrency.processutils [req-a7d9005f-1e20-4373-96d7-9201f24c652c 35608ad3c77a4668b6e34240a37178b0 cafec05053ef45138c9f5fc6aa3ea910 - default default] Running cmd (subprocess): qemu-img create -f qcow2 -o backing_file=/var/lib/nova/instances/_base/9882eea3f971715a003e739992099c9327b35136 /var/lib/nova/instances/e3806031-8857-4e82-bd85-bb6948fdbed5/disk execute /usr/lib/python2.7/site-packages/oslo_concurrency/processutils.py:372
2020-03-25 20:00:43.342 8547 DEBUG oslo_concurrency.processutils [req-a7d9005f-1e20-4373-96d7-9201f24c652c 35608ad3c77a4668b6e34240a37178b0 cafec05053ef45138c9f5fc6aa3ea910 - default default] CMD "qemu-img create -f qcow2 -o backing_file=/var/lib/nova/instances/_base/9882eea3f971715a003e739992099c9327b35136 /var/lib/nova/instances/e3806031-8857-4e82-bd85-bb6948fdbed5/disk" returned: 0 in 0.089s execute /usr/lib/python2.7/site-packages/oslo_concurrency/processutils.py:409
2020-03-25 20:00:43.344 8547 DEBUG nova.virt.disk.api [req-a7d9005f-1e20-4373-96d7-9201f24c652c 35608ad3c77a4668b6e34240a37178b0 cafec05053ef45138c9f5fc6aa3ea910 - default default] Checking if we can resize image /var/lib/nova/instances/e3806031-8857-4e82-bd85-bb6948fdbed5/disk. size=8589934592 can_resize_image /usr/lib/python2.7/site-packages/nova/virt/disk/api.py:171
2020-03-25 20:00:43.345 8547 DEBUG oslo_concurrency.processutils [req-a7d9005f-1e20-4373-96d7-9201f24c652c 35608ad3c77a4668b6e34240a37178b0 cafec05053ef45138c9f5fc6aa3ea910 - default default] Running cmd (subprocess): /usr/bin/python2 -m oslo_concurrency.prlimit --as=1073741824 --cpu=30 -- env LC_ALL=C LANG=C qemu-img info /var/lib/nova/instances/e3806031-8857-4e82-bd85-bb6948fdbed5/disk --force-share execute /usr/lib/python2.7/site-packages/oslo_concurrency/processutils.py:372
2020-03-25 20:00:43.423 8547 DEBUG oslo_concurrency.processutils [req-a7d9005f-1e20-4373-96d7-9201f24c652c 35608ad3c77a4668b6e34240a37178b0 cafec05053ef45138c9f5fc6aa3ea910 - default default] CMD "/usr/bin/python2 -m oslo_concurrency.prlimit --as=1073741824 --cpu=30 -- env LC_ALL=C LANG=C qemu-img info /var/lib/nova/instances/e3806031-8857-4e82-bd85-bb6948fdbed5/disk --force-share" returned: 0 in 0.078s execute /usr/lib/python2.7/site-packages/oslo_concurrency/processutils.py:409
2020-03-25 20:00:43.425 8547 DEBUG nova.virt.disk.api [req-a7d9005f-1e20-4373-96d7-9201f24c652c 35608ad3c77a4668b6e34240a37178b0 cafec05053ef45138c9f5fc6aa3ea910 - default default] Cannot resize image /var/lib/nova/instances/e3806031-8857-4e82-bd85-bb6948fdbed5/disk to a smaller size. can_resize_image /usr/lib/python2.7/site-packages/nova/virt/disk/api.py:177
2020-03-25 20:00:43.426 8547 DEBUG oslo_concurrency.lockutils [req-a7d9005f-1e20-4373-96d7-9201f24c652c 35608ad3c77a4668b6e34240a37178b0 cafec05053ef45138c9f5fc6aa3ea910 - default default] Lock "9882eea3f971715a003e739992099c9327b35136" released by "nova.virt.libvirt.imagebackend.copy_qcow2_image" :: held 0.259s inner /usr/lib/python2.7/site-packages/oslo_concurrency/lockutils.py:339
2020-03-25 20:00:43.427 8547 DEBUG oslo_concurrency.processutils [req-a7d9005f-1e20-4373-96d7-9201f24c652c 35608ad3c77a4668b6e34240a37178b0 cafec05053ef45138c9f5fc6aa3ea910 - default default] Running cmd (subprocess): /usr/bin/python2 -m oslo_concurrency.prlimit --as=1073741824 --cpu=30 -- env LC_ALL=C LANG=C qemu-img info /var/lib/nova/instances/_base/9882eea3f971715a003e739992099c9327b35136 --force-share execute /usr/lib/python2.7/site-packages/oslo_concurrency/processutils.py:372
2020-03-25 20:00:43.493 8547 DEBUG oslo_concurrency.processutils [req-a7d9005f-1e20-4373-96d7-9201f24c652c 35608ad3c77a4668b6e34240a37178b0 cafec05053ef45138c9f5fc6aa3ea910 - default default] CMD "/usr/bin/python2 -m oslo_concurrency.prlimit --as=1073741824 --cpu=30 -- env LC_ALL=C LANG=C qemu-img info /var/lib/nova/instances/_base/9882eea3f971715a003e739992099c9327b35136 --force-share" returned: 0 in 0.066s execute /usr/lib/python2.7/site-packages/oslo_concurrency/processutils.py:409
2020-03-25 20:00:43.495 8547 DEBUG oslo_concurrency.processutils [req-a7d9005f-1e20-4373-96d7-9201f24c652c 35608ad3c77a4668b6e34240a37178b0 cafec05053ef45138c9f5fc6aa3ea910 - default default] Running cmd (subprocess): qemu-img create -f raw /var/lib/nova/instances/e3806031-8857-4e82-bd85-bb6948fdbed5/disk.config 481280 execute /usr/lib/python2.7/site-packages/oslo_concurrency/processutils.py:372
2020-03-25 20:00:43.536 8547 DEBUG oslo_concurrency.processutils [req-a7d9005f-1e20-4373-96d7-9201f24c652c 35608ad3c77a4668b6e34240a37178b0 cafec05053ef45138c9f5fc6aa3ea910 - default default] CMD "qemu-img create -f raw /var/lib/nova/instances/e3806031-8857-4e82-bd85-bb6948fdbed5/disk.config 481280" returned: 0 in 0.041s execute /usr/lib/python2.7/site-packages/oslo_concurrency/processutils.py:409
2020-03-25 20:00:43.539 8547 DEBUG nova.virt.libvirt.volume.remotefs [req-a7d9005f-1e20-4373-96d7-9201f24c652c 35608ad3c77a4668b6e34240a37178b0 cafec05053ef45138c9f5fc6aa3ea910 - default default] Copying file host199:/var/lib/nova/instances/e3806031-8857-4e82-bd85-bb6948fdbed5/disk.config to /var/lib/nova/instances/e3806031-8857-4e82-bd85-bb6948fdbed5 copy_file /usr/lib/python2.7/site-packages/nova/virt/libvirt/volume/remotefs.py:105
2020-03-25 20:00:43.540 8547 DEBUG oslo_concurrency.processutils [req-a7d9005f-1e20-4373-96d7-9201f24c652c 35608ad3c77a4668b6e34240a37178b0 cafec05053ef45138c9f5fc6aa3ea910 - default default] Running cmd (subprocess): scp -r host199:/var/lib/nova/instances/e3806031-8857-4e82-bd85-bb6948fdbed5/disk.config /var/lib/nova/instances/e3806031-8857-4e82-bd85-bb6948fdbed5 execute /usr/lib/python2.7/site-packages/oslo_concurrency/processutils.py:372
2020-03-25 20:00:43.751 8547 DEBUG oslo_concurrency.processutils [req-a7d9005f-1e20-4373-96d7-9201f24c652c 35608ad3c77a4668b6e34240a37178b0 cafec05053ef45138c9f5fc6aa3ea910 - default default] CMD "scp -r host199:/var/lib/nova/instances/e3806031-8857-4e82-bd85-bb6948fdbed5/disk.config /var/lib/nova/instances/e3806031-8857-4e82-bd85-bb6948fdbed5" returned: 0 in 0.211s execute /usr/lib/python2.7/site-packages/oslo_concurrency/processutils.py:409
2020-03-25 20:00:43.752 8547 DEBUG nova.virt.libvirt.driver [req-a7d9005f-1e20-4373-96d7-9201f24c652c 35608ad3c77a4668b6e34240a37178b0 cafec05053ef45138c9f5fc6aa3ea910 - default default] [instance: e3806031-8857-4e82-bd85-bb6948fdbed5] Plugging VIFs using destination host port bindings before live migration. _pre_live_migration_plug_vifs /usr/lib/python2.7/site-packages/nova/virt/libvirt/driver.py:9167
2020-03-25 20:00:43.756 8547 DEBUG nova.virt.libvirt.vif [req-a7d9005f-1e20-4373-96d7-9201f24c652c 35608ad3c77a4668b6e34240a37178b0 cafec05053ef45138c9f5fc6aa3ea910 - default default] vif_type=ovs instance=Instance(access_ip_v4=None,access_ip_v6=None,architecture=None,auto_disk_config=True,availability_zone='nova',cell_name=None,cleaned=False,config_drive='True',created_at=2020-03-25T11:59:39Z,default_ephemeral_device=None,default_swap_device=None,deleted=False,deleted_at=None,device_metadata=<?>,disable_terminate=False,display_description=None,display_name='dash-centos7',ec2_ids=<?>,ephemeral_gb=0,ephemeral_key_uuid=None,fault=<?>,flavor=Flavor(2),hidden=False,host='host199',hostname='dash-centos7',id=8,image_ref='2012514e-c6ae-4fc0-82a5-b0fd328f6d68',info_cache=InstanceInfoCache,instance_type_id=2,kernel_id='',key_data='ssh-rsa AAAAB3NzaC1yc2EAAAADAQABAAABAQDK9qpg1e5ZF9b1y04cRDdkWTWhIYJnmJicA/t6Rv8itGWo5AmI5+GxcQTUXN7btVVdneBfp0h5XcC7c9VCT+/Q1ZtXs2hPxJBT1/ahF89qrPGbUy3eXKVMpwagpZ3NYOVv//+rK2woaEJgG9K+FqSbQ3EVqQ0bdUnYC+Nbmr5PNz5TjbNNfw4yLT6oNwJ6BdqgUw+vxBdACIcxVvQV6vyQ/WH7oj5pDsnR1SofTGrYWM7EE2qMDZFl9dH3uLq6Y1GIgYUkEQSRzcB47S3KX6dA6qxD7OXSwn/hdDRAQxYiM6DG3McfGhq5aYlCXj0ZLcGmCWSpsZkYhLYlgY4Iqw8b Generated-by-Nova',key_name='key-dash',keypairs=<?>,launch_index=0,launched_at=2020-03-25T11:59:48Z,launched_on='host199',locked=False,locked_by=None,memory_mb=2048,metadata={},migration_context=<?>,new_flavor=None,node='host199',numa_topology=None,old_flavor=None,os_type=None,pci_devices=<?>,pci_requests=InstancePCIRequests,power_state=1,progress=0,project_id='cafec05053ef45138c9f5fc6aa3ea910',ramdisk_id='',reservation_id='r-m5g2qkis',resources=<?>,root_device_name='/dev/vda',root_gb=8,security_groups=SecurityGroupList,services=<?>,shutdown_terminate=False,system_metadata={boot_roles='reader,admin,member',image_base_image_ref='2012514e-c6ae-4fc0-82a5-b0fd328f6d68',image_container_format='bare',image_disk_format='qcow2',image_min_disk='8',image_min_ram='0',owner_project_name='admin',owner_user_name='admin'},tags=<?>,task_state='migrating',terminated_at=None,trusted_certs=None,updated_at=2020-03-25T11:59:48Z,user_data=None,user_id='35608ad3c77a4668b6e34240a37178b0',uuid=e3806031-8857-4e82-bd85-bb6948fdbed5,vcpu_model=<?>,vcpus=1,vm_mode=None,vm_state='active') vif={"profile": {}, "ovs_interfaceid": "f411aafb-3889-4f95-9495-8eec217ee445", "preserve_on_delete": false, "network": {"bridge": "br-int", "label": "netx", "meta": {"injected": false, "tunneled": false, "tenant_id": "cafec05053ef45138c9f5fc6aa3ea910", "physical_network": "phynet-mgt", "mtu": 1500}, "id": "50250e01-91ff-468f-bc78-687030d9f8a3", "subnets": [{"ips": [{"meta": {}, "type": "fixed", "version": 4, "address": "192.168.3.101", "floating_ips": []}], "version": 4, "meta": {"dhcp_server": "192.168.3.100"}, "dns": [{"meta": {}, "type": "dns", "version": 4, "address": "8.8.8.8"}], "routes": [], "cidr": "192.168.3.0/24", "gateway": {"meta": {}, "type": "gateway", "version": 4, "address": "192.168.3.1"}}]}, "devname": "tapf411aafb-38", "qbh_params": null, "vnic_type": "normal", "meta": {}, "details": {"ovs_hybrid_plug": true, "connectivity": "l2", "bridge_name": "br-int", "datapath_type": "system", "port_filter": true}, "address": "fa:16:3e:12:84:cd", "active": true, "type": "ovs", "id": "f411aafb-3889-4f95-9495-8eec217ee445", "qbg_params": null} plug /usr/lib/python2.7/site-packages/nova/virt/libvirt/vif.py:714
2020-03-25 20:00:43.756 8547 DEBUG nova.network.os_vif_util [req-a7d9005f-1e20-4373-96d7-9201f24c652c 35608ad3c77a4668b6e34240a37178b0 cafec05053ef45138c9f5fc6aa3ea910 - default default] Converting VIF {"profile": {}, "ovs_interfaceid": "f411aafb-3889-4f95-9495-8eec217ee445", "preserve_on_delete": false, "network": {"bridge": "br-int", "label": "netx", "meta": {"injected": false, "tunneled": false, "tenant_id": "cafec05053ef45138c9f5fc6aa3ea910", "physical_network": "phynet-mgt", "mtu": 1500}, "id": "50250e01-91ff-468f-bc78-687030d9f8a3", "subnets": [{"ips": [{"meta": {}, "type": "fixed", "version": 4, "address": "192.168.3.101", "floating_ips": []}], "version": 4, "meta": {"dhcp_server": "192.168.3.100"}, "dns": [{"meta": {}, "type": "dns", "version": 4, "address": "8.8.8.8"}], "routes": [], "cidr": "192.168.3.0/24", "gateway": {"meta": {}, "type": "gateway", "version": 4, "address": "192.168.3.1"}}]}, "devname": "tapf411aafb-38", "qbh_params": null, "vnic_type": "normal", "meta": {}, "details": {"ovs_hybrid_plug": true, "connectivity": "l2", "bridge_name": "br-int", "datapath_type": "system", "port_filter": true}, "address": "fa:16:3e:12:84:cd", "active": true, "type": "ovs", "id": "f411aafb-3889-4f95-9495-8eec217ee445", "qbg_params": null} nova_to_osvif_vif /usr/lib/python2.7/site-packages/nova/network/os_vif_util.py:516
2020-03-25 20:00:43.758 8547 DEBUG nova.network.os_vif_util [req-a7d9005f-1e20-4373-96d7-9201f24c652c 35608ad3c77a4668b6e34240a37178b0 cafec05053ef45138c9f5fc6aa3ea910 - default default] Converted object VIFBridge(active=True,address=fa:16:3e:12:84:cd,bridge_name='qbrf411aafb-38',has_traffic_filtering=True,id=f411aafb-3889-4f95-9495-8eec217ee445,network=Network(50250e01-91ff-468f-bc78-687030d9f8a3),plugin='ovs',port_profile=VIFPortProfileOpenVSwitch,preserve_on_delete=False,vif_name='tapf411aafb-38') nova_to_osvif_vif /usr/lib/python2.7/site-packages/nova/network/os_vif_util.py:553
2020-03-25 20:00:43.760 8547 DEBUG os_vif [req-a7d9005f-1e20-4373-96d7-9201f24c652c 35608ad3c77a4668b6e34240a37178b0 cafec05053ef45138c9f5fc6aa3ea910 - default default] Plugging vif VIFBridge(active=True,address=fa:16:3e:12:84:cd,bridge_name='qbrf411aafb-38',has_traffic_filtering=True,id=f411aafb-3889-4f95-9495-8eec217ee445,network=Network(50250e01-91ff-468f-bc78-687030d9f8a3),plugin='ovs',port_profile=VIFPortProfileOpenVSwitch,preserve_on_delete=False,vif_name='tapf411aafb-38') plug /usr/lib/python2.7/site-packages/os_vif/__init__.py:76
2020-03-25 20:00:44.037 8547 INFO os_vif [req-a7d9005f-1e20-4373-96d7-9201f24c652c 35608ad3c77a4668b6e34240a37178b0 cafec05053ef45138c9f5fc6aa3ea910 - default default] Successfully plugged vif VIFBridge(active=True,address=fa:16:3e:12:84:cd,bridge_name='qbrf411aafb-38',has_traffic_filtering=True,id=f411aafb-3889-4f95-9495-8eec217ee445,network=Network(50250e01-91ff-468f-bc78-687030d9f8a3),plugin='ovs',port_profile=VIFPortProfileOpenVSwitch,preserve_on_delete=False,vif_name='tapf411aafb-38')
2020-03-25 20:00:44.038 8547 DEBUG nova.compute.manager [req-a7d9005f-1e20-4373-96d7-9201f24c652c 35608ad3c77a4668b6e34240a37178b0 cafec05053ef45138c9f5fc6aa3ea910 - default default] driver pre_live_migration data is LibvirtLiveMigrateData(bdms=[],block_migration=True,disk_available_mb=355328,disk_over_commit=True,dst_numa_info=<?>,dst_supports_numa_live_migration=<?>,dst_wants_file_backed_memory=False,file_backed_memory_discard=False,filename='tmp3Kj5aL',graphics_listen_addr_spice=0.0.0.0,graphics_listen_addr_vnc=0.0.0.0,image_type='default',instance_relative_path='e3806031-8857-4e82-bd85-bb6948fdbed5',is_shared_block_storage=False,is_shared_instance_path=False,is_volume_backed=False,migration=<?>,old_vol_attachment_ids={},serial_listen_addr=None,serial_listen_ports=[],src_supports_native_luks=True,src_supports_numa_live_migration=<?>,supported_perf_events=[],target_connect_addr=None,vifs=[VIFMigrateData],wait_for_vif_plugged=<?>) pre_live_migration /usr/lib/python2.7/site-packages/nova/compute/manager.py:6911
2020-03-25 20:00:45.597 8547 DEBUG nova.network.neutronv2.api [req-a7d9005f-1e20-4373-96d7-9201f24c652c 35608ad3c77a4668b6e34240a37178b0 cafec05053ef45138c9f5fc6aa3ea910 - default default] [instance: e3806031-8857-4e82-bd85-bb6948fdbed5] Port f411aafb-3889-4f95-9495-8eec217ee445 updated with migration profile {'migrating_to': 'host177'} successfully _setup_migration_port_profile /usr/lib/python2.7/site-packages/nova/network/neutronv2/api.py:300
2020-03-25 20:00:45.600 8547 DEBUG nova.compute.manager [req-a7d9005f-1e20-4373-96d7-9201f24c652c 35608ad3c77a4668b6e34240a37178b0 cafec05053ef45138c9f5fc6aa3ea910 - default default] pre_live_migration result data is LibvirtLiveMigrateData(bdms=[],block_migration=True,disk_available_mb=355328,disk_over_commit=True,dst_numa_info=<?>,dst_supports_numa_live_migration=<?>,dst_wants_file_backed_memory=False,file_backed_memory_discard=False,filename='tmp3Kj5aL',graphics_listen_addr_spice=0.0.0.0,graphics_listen_addr_vnc=0.0.0.0,image_type='default',instance_relative_path='e3806031-8857-4e82-bd85-bb6948fdbed5',is_shared_block_storage=False,is_shared_instance_path=False,is_volume_backed=False,migration=<?>,old_vol_attachment_ids={},serial_listen_addr=None,serial_listen_ports=[],src_supports_native_luks=True,src_supports_numa_live_migration=<?>,supported_perf_events=[],target_connect_addr=None,vifs=[VIFMigrateData],wait_for_vif_plugged=True) pre_live_migration /usr/lib/python2.7/site-packages/nova/compute/manager.py:6962
2020-03-25 20:00:46.686 8547 DEBUG nova.virt.driver [-] Emitting event <LifecycleEvent: 1585137646.69, e3806031-8857-4e82-bd85-bb6948fdbed5 => Started> emit_event /usr/lib/python2.7/site-packages/nova/virt/driver.py:1709
2020-03-25 20:00:46.687 8547 INFO nova.compute.manager [-] [instance: e3806031-8857-4e82-bd85-bb6948fdbed5] VM Started (Lifecycle Event)
2020-03-25 20:00:46.739 8547 DEBUG nova.compute.manager [req-d8a33afe-0058-414b-bc9a-538d1f8ffd30 - - - - -] [instance: e3806031-8857-4e82-bd85-bb6948fdbed5] Checking state _get_power_state /usr/lib/python2.7/site-packages/nova/compute/manager.py:1481
2020-03-25 20:01:11.443 8547 DEBUG oslo_service.periodic_task [req-87b5f7c1-abaa-48c9-b9e2-859aa555051d - - - - -] Running periodic task ComputeManager._heal_instance_info_cache run_periodic_tasks /usr/lib/python2.7/site-packages/oslo_service/periodic_task.py:217
2020-03-25 20:01:11.444 8547 DEBUG nova.compute.manager [req-87b5f7c1-abaa-48c9-b9e2-859aa555051d - - - - -] Starting heal instance info cache _heal_instance_info_cache /usr/lib/python2.7/site-packages/nova/compute/manager.py:7952
2020-03-25 20:01:11.445 8547 DEBUG nova.compute.manager [req-87b5f7c1-abaa-48c9-b9e2-859aa555051d - - - - -] Rebuilding the list of instances to heal _heal_instance_info_cache /usr/lib/python2.7/site-packages/nova/compute/manager.py:7956
2020-03-25 20:01:11.573 8547 DEBUG oslo_concurrency.lockutils [req-87b5f7c1-abaa-48c9-b9e2-859aa555051d - - - - -] Acquired lock "refresh_cache-94e4f8c0-e30e-4a5a-bb60-c8564c242422" lock /usr/lib/python2.7/site-packages/oslo_concurrency/lockutils.py:265
2020-03-25 20:01:11.574 8547 DEBUG nova.network.neutronv2.api [req-87b5f7c1-abaa-48c9-b9e2-859aa555051d - - - - -] [instance: 94e4f8c0-e30e-4a5a-bb60-c8564c242422] Forcefully refreshing network info cache for instance _get_instance_nw_info /usr/lib/python2.7/site-packages/nova/network/neutronv2/api.py:1750
2020-03-25 20:01:11.574 8547 DEBUG nova.objects.instance [req-87b5f7c1-abaa-48c9-b9e2-859aa555051d - - - - -] Lazy-loading 'info_cache' on Instance uuid 94e4f8c0-e30e-4a5a-bb60-c8564c242422 obj_load_attr /usr/lib/python2.7/site-packages/nova/objects/instance.py:1086
2020-03-25 20:01:12.507 8547 DEBUG nova.network.base_api [req-87b5f7c1-abaa-48c9-b9e2-859aa555051d - - - - -] [instance: 94e4f8c0-e30e-4a5a-bb60-c8564c242422] Updating instance_info_cache with network_info: [{"profile": {}, "ovs_interfaceid": "528237b2-08f4-49e9-bb34-f3e624bb5589", "preserve_on_delete": false, "network": {"bridge": "br-int", "subnets": [{"ips": [{"meta": {}, "version": 4, "type": "fixed", "floating_ips": [], "address": "192.168.3.102"}], "version": 4, "meta": {"dhcp_server": "192.168.3.100"}, "dns": [{"meta": {}, "version": 4, "type": "dns", "address": "8.8.8.8"}], "routes": [], "cidr": "192.168.3.0/24", "gateway": {"meta": {}, "version": 4, "type": "gateway", "address": "192.168.3.1"}}], "meta": {"injected": false, "tunneled": false, "tenant_id": "cafec05053ef45138c9f5fc6aa3ea910", "physical_network": "phynet-mgt", "mtu": 1500}, "id": "50250e01-91ff-468f-bc78-687030d9f8a3", "label": "netx"}, "devname": "tap528237b2-08", "vnic_type": "normal", "qbh_params": null, "meta": {}, "details": {"ovs_hybrid_plug": true, "bridge_name": "br-int", "datapath_type": "system", "port_filter": true, "connectivity": "l2"}, "address": "fa:16:3e:9c:34:ee", "active": true, "type": "ovs", "id": "528237b2-08f4-49e9-bb34-f3e624bb5589", "qbg_params": null}] update_instance_cache_with_nw_info /usr/lib/python2.7/site-packages/nova/network/base_api.py:47
2020-03-25 20:01:12.776 8547 DEBUG oslo_concurrency.lockutils [req-87b5f7c1-abaa-48c9-b9e2-859aa555051d - - - - -] Releasing lock "refresh_cache-94e4f8c0-e30e-4a5a-bb60-c8564c242422" lock /usr/lib/python2.7/site-packages/oslo_concurrency/lockutils.py:281
2020-03-25 20:01:12.777 8547 DEBUG nova.compute.manager [req-87b5f7c1-abaa-48c9-b9e2-859aa555051d - - - - -] [instance: 94e4f8c0-e30e-4a5a-bb60-c8564c242422] Updated the network info_cache for instance _heal_instance_info_cache /usr/lib/python2.7/site-packages/nova/compute/manager.py:8024
2020-03-25 20:01:13.778 8547 DEBUG oslo_service.periodic_task [req-87b5f7c1-abaa-48c9-b9e2-859aa555051d - - - - -] Running periodic task ComputeManager._instance_usage_audit run_periodic_tasks /usr/lib/python2.7/site-packages/oslo_service/periodic_task.py:217
2020-03-25 20:01:13.780 8547 DEBUG oslo_service.periodic_task [req-87b5f7c1-abaa-48c9-b9e2-859aa555051d - - - - -] Running periodic task ComputeManager._poll_volume_usage run_periodic_tasks /usr/lib/python2.7/site-packages/oslo_service/periodic_task.py:217
2020-03-25 20:01:13.781 8547 DEBUG oslo_service.periodic_task [req-87b5f7c1-abaa-48c9-b9e2-859aa555051d - - - - -] Running periodic task ComputeManager._reclaim_queued_deletes run_periodic_tasks /usr/lib/python2.7/site-packages/oslo_service/periodic_task.py:217
2020-03-25 20:01:13.782 8547 DEBUG nova.compute.manager [req-87b5f7c1-abaa-48c9-b9e2-859aa555051d - - - - -] CONF.reclaim_instance_interval <= 0, skipping... _reclaim_queued_deletes /usr/lib/python2.7/site-packages/nova/compute/manager.py:8641
2020-03-25 20:01:13.783 8547 DEBUG oslo_service.periodic_task [req-87b5f7c1-abaa-48c9-b9e2-859aa555051d - - - - -] Running periodic task ComputeManager.update_available_resource run_periodic_tasks /usr/lib/python2.7/site-packages/oslo_service/periodic_task.py:217
2020-03-25 20:01:13.828 8547 DEBUG nova.compute.resource_tracker [req-87b5f7c1-abaa-48c9-b9e2-859aa555051d - - - - -] Auditing locally available compute resources for host177 (node: host177) update_available_resource /usr/lib/python2.7/site-packages/nova/compute/resource_tracker.py:870
2020-03-25 20:01:13.953 8547 DEBUG oslo_concurrency.processutils [req-87b5f7c1-abaa-48c9-b9e2-859aa555051d - - - - -] Running cmd (subprocess): /usr/bin/python2 -m oslo_concurrency.prlimit --as=1073741824 --cpu=30 -- env LC_ALL=C LANG=C qemu-img info /var/lib/nova/instances/94e4f8c0-e30e-4a5a-bb60-c8564c242422/disk --force-share execute /usr/lib/python2.7/site-packages/oslo_concurrency/processutils.py:372
2020-03-25 20:01:14.020 8547 DEBUG oslo_concurrency.processutils [req-87b5f7c1-abaa-48c9-b9e2-859aa555051d - - - - -] CMD "/usr/bin/python2 -m oslo_concurrency.prlimit --as=1073741824 --cpu=30 -- env LC_ALL=C LANG=C qemu-img info /var/lib/nova/instances/94e4f8c0-e30e-4a5a-bb60-c8564c242422/disk --force-share" returned: 0 in 0.067s execute /usr/lib/python2.7/site-packages/oslo_concurrency/processutils.py:409
2020-03-25 20:01:14.023 8547 DEBUG oslo_concurrency.processutils [req-87b5f7c1-abaa-48c9-b9e2-859aa555051d - - - - -] Running cmd (subprocess): /usr/bin/python2 -m oslo_concurrency.prlimit --as=1073741824 --cpu=30 -- env LC_ALL=C LANG=C qemu-img info /var/lib/nova/instances/94e4f8c0-e30e-4a5a-bb60-c8564c242422/disk --force-share execute /usr/lib/python2.7/site-packages/oslo_concurrency/processutils.py:372
2020-03-25 20:01:14.090 8547 DEBUG oslo_concurrency.processutils [req-87b5f7c1-abaa-48c9-b9e2-859aa555051d - - - - -] CMD "/usr/bin/python2 -m oslo_concurrency.prlimit --as=1073741824 --cpu=30 -- env LC_ALL=C LANG=C qemu-img info /var/lib/nova/instances/94e4f8c0-e30e-4a5a-bb60-c8564c242422/disk --force-share" returned: 0 in 0.067s execute /usr/lib/python2.7/site-packages/oslo_concurrency/processutils.py:409
2020-03-25 20:01:14.098 8547 DEBUG oslo_concurrency.processutils [req-87b5f7c1-abaa-48c9-b9e2-859aa555051d - - - - -] Running cmd (subprocess): /usr/bin/python2 -m oslo_concurrency.prlimit --as=1073741824 --cpu=30 -- env LC_ALL=C LANG=C qemu-img info /var/lib/nova/instances/e3806031-8857-4e82-bd85-bb6948fdbed5/disk --force-share execute /usr/lib/python2.7/site-packages/oslo_concurrency/processutils.py:372
2020-03-25 20:01:14.165 8547 DEBUG oslo_concurrency.processutils [req-87b5f7c1-abaa-48c9-b9e2-859aa555051d - - - - -] CMD "/usr/bin/python2 -m oslo_concurrency.prlimit --as=1073741824 --cpu=30 -- env LC_ALL=C LANG=C qemu-img info /var/lib/nova/instances/e3806031-8857-4e82-bd85-bb6948fdbed5/disk --force-share" returned: 0 in 0.067s execute /usr/lib/python2.7/site-packages/oslo_concurrency/processutils.py:409
2020-03-25 20:01:14.168 8547 DEBUG oslo_concurrency.processutils [req-87b5f7c1-abaa-48c9-b9e2-859aa555051d - - - - -] Running cmd (subprocess): /usr/bin/python2 -m oslo_concurrency.prlimit --as=1073741824 --cpu=30 -- env LC_ALL=C LANG=C qemu-img info /var/lib/nova/instances/e3806031-8857-4e82-bd85-bb6948fdbed5/disk --force-share execute /usr/lib/python2.7/site-packages/oslo_concurrency/processutils.py:372
2020-03-25 20:01:14.236 8547 DEBUG oslo_concurrency.processutils [req-87b5f7c1-abaa-48c9-b9e2-859aa555051d - - - - -] CMD "/usr/bin/python2 -m oslo_concurrency.prlimit --as=1073741824 --cpu=30 -- env LC_ALL=C LANG=C qemu-img info /var/lib/nova/instances/e3806031-8857-4e82-bd85-bb6948fdbed5/disk --force-share" returned: 0 in 0.068s execute /usr/lib/python2.7/site-packages/oslo_concurrency/processutils.py:409
2020-03-25 20:01:14.385 8547 DEBUG nova.compute.resource_tracker [req-87b5f7c1-abaa-48c9-b9e2-859aa555051d - - - - -] Hypervisor/Node resource view: name=host177 free_ram=29669MB free_disk=354GB free_vcpus=7 pci_devices=[{"dev_id": "pci_0000_ff_0e_0", "product_id": "0ea0", "dev_type": "type-PCI", "numa_node": 0, "vendor_id": "8086", "label": "label_8086_0ea0", "address": "0000:ff:0e.0"}, {"dev_id": "pci_0000_ff_0c_1", "product_id": "0ee2", "dev_type": "type-PCI", "numa_node": 0, "vendor_id": "8086", "label": "label_8086_0ee2", "address": "0000:ff:0c.1"}, {"dev_id": "pci_0000_00_01_1", "product_id": "0e03", "dev_type": "type-PCI", "numa_node": 0, "vendor_id": "8086", "label": "label_8086_0e03", "address": "0000:00:01.1"}, {"dev_id": "pci_0000_ff_0b_0", "product_id": "0e1e", "dev_type": "type-PCI", "numa_node": 0, "vendor_id": "8086", "label": "label_8086_0e1e", "address": "0000:ff:0b.0"}, {"dev_id": "pci_0000_00_01_0", "product_id": "0e02", "dev_type": "type-PCI", "numa_node": 0, "vendor_id": "8086", "label": "label_8086_0e02", "address": "0000:00:01.0"}, {"dev_id": "pci_0000_ff_0d_1", "product_id": "0ee3", "dev_type": "type-PCI", "numa_node": 0, "vendor_id": "8086", "label": "label_8086_0ee3", "address": "0000:ff:0d.1"}, {"dev_id": "pci_0000_00_1d_0", "product_id": "1d26", "dev_type": "type-PCI", "numa_node": 0, "vendor_id": "8086", "label": "label_8086_1d26", "address": "0000:00:1d.0"}, {"dev_id": "pci_0000_00_05_4", "product_id": "0e2c", "dev_type": "type-PCI", "numa_node": 0, "vendor_id": "8086", "label": "label_8086_0e2c", "address": "0000:00:05.4"}, {"dev_id": "pci_0000_ff_16_0", "product_id": "0ec8", "dev_type": "type-PCI", "numa_node": 0, "vendor_id": "8086", "label": "label_8086_0ec8", "address": "0000:ff:16.0"}, {"dev_id": "pci_0000_ff_09_0", "product_id": "0e90", "dev_type": "type-PCI", "numa_node": 0, "vendor_id": "8086", "label": "label_8086_0e90", "address": "0000:ff:09.0"}, {"dev_id": "pci_0000_ff_0f_4", "product_id": "0eac", "dev_type": "type-PCI", "numa_node": 0, "vendor_id": "8086", "label": "label_8086_0eac", "address": "0000:ff:0f.4"}, {"dev_id": "pci_0000_00_05_2", "product_id": "0e2a", "dev_type": "type-PCI", "numa_node": 0, "vendor_id": "8086", "label": "label_8086_0e2a", "address": "0000:00:05.2"}, {"dev_id": "pci_0000_ff_0f_3", "product_id": "0eab", "dev_type": "type-PCI", "numa_node": 0, "vendor_id": "8086", "label": "label_8086_0eab", "address": "0000:ff:0f.3"}, {"dev_id": "pci_0000_00_05_0", "product_id": "0e28", "dev_type": "type-PCI", "numa_node": 0, "vendor_id": "8086", "label": "label_8086_0e28", "address": "0000:00:05.0"}, {"dev_id": "pci_0000_ff_13_0", "product_id": "0e1d", "dev_type": "type-PCI", "numa_node": 0, "vendor_id": "8086", "label": "label_8086_0e1d", "address": "0000:ff:13.0"}, {"dev_id": "pci_0000_ff_0f_2", "product_id": "0eaa", "dev_type": "type-PCI", "numa_node": 0, "vendor_id": "8086", "label": "label_8086_0eaa", "address": "0000:ff:0f.2"}, {"dev_id": "pci_0000_ff_0d_0", "product_id": "0ee1", "dev_type": "type-PCI", "numa_node": 0, "vendor_id": "8086", "label": "label_8086_0ee1", "address": "0000:ff:0d.0"}, {"dev_id": "pci_0000_ff_0f_1", "product_id": "0e71", "dev_type": "type-PCI", "numa_node": 0, "vendor_id": "8086", "label": "label_8086_0e71", "address": "0000:ff:0f.1"}, {"dev_id": "pci_0000_ff_0e_1", "product_id": "0e30", "dev_type": "type-PCI", "numa_node": 0, "vendor_id": "8086", "label": "label_8086_0e30", "address": "0000:ff:0e.1"}, {"dev_id": "pci_0000_00_1f_3", "product_id": "1d22", "dev_type": "type-PCI", "numa_node": 0, "vendor_id": "8086", "label": "label_8086_1d22", "address": "0000:00:1f.3"}, {"dev_id": "pci_0000_ff_0c_2", "product_id": "0ee4", "dev_type": "type-PCI", "numa_node": 0, "vendor_id": "8086", "label": "label_8086_0ee4", "address": "0000:ff:0c.2"}, {"dev_id": "pci_0000_00_11_0", "product_id": "1d3e", "dev_type": "type-PCI", "numa_node": 0, "vendor_id": "8086", "label": "label_8086_1d3e", "address": "0000:00:11.0"}, {"dev_id": "pci_0000_ff_0d_2", "product_id": "0ee5", "dev_type": "type-PCI", "numa_node": 0, "vendor_id": "8086", "label": "label_8086_0ee5", "address": "0000:ff:0d.2"}, {"dev_id": "pci_0000_ff_08_0", "product_id": "0e80", "dev_type": "type-PCI", "numa_node": 0, "vendor_id": "8086", "label": "label_8086_0e80", "address": "0000:ff:08.0"}, {"dev_id": "pci_0000_ff_16_1", "product_id": "0ec9", "dev_type": "type-PCI", "numa_node": 0, "vendor_id": "8086", "label": "label_8086_0ec9", "address": "0000:ff:16.1"}, {"dev_id": "pci_0000_07_00_0", "product_id": "8168", "dev_type": "type-PCI", "numa_node": 0, "vendor_id": "10ec", "label": "label_10ec_8168", "address": "0000:07:00.0"}, {"dev_id": "pci_0000_ff_10_1", "product_id": "0eb1", "dev_type": "type-PCI", "numa_node": 0, "vendor_id": "8086", "label": "label_8086_0eb1", "address": "0000:ff:10.1"}, {"dev_id": "pci_0000_00_1c_0", "product_id": "1d10", "dev_type": "type-PCI", "numa_node": 0, "vendor_id": "8086", "label": "label_8086_1d10", "address": "0000:00:1c.0"}, {"dev_id": "pci_0000_00_03_0", "product_id": "0e08", "dev_type": "type-PCI", "numa_node": 0, "vendor_id": "8086", "label": "label_8086_0e08", "address": "0000:00:03.0"}, {"dev_id": "pci_0000_ff_10_5", "product_id": "0eb5", "dev_type": "type-PCI", "numa_node": 0, "vendor_id": "8086", "label": "label_8086_0eb5", "address": "0000:ff:10.5"}, {"dev_id": "pci_0000_ff_0f_5", "product_id": "0ead", "dev_type": "type-PCI", "numa_node": 0, "vendor_id": "8086", "label": "label_8086_0ead", "address": "0000:ff:0f.5"}, {"dev_id": "pci_0000_03_00_1", "product_id": "aa38", "dev_type": "type-PCI", "numa_node": 0, "vendor_id": "1002", "label": "label_1002_aa38", "address": "0000:03:00.1"}, {"dev_id": "pci_0000_ff_16_2", "product_id": "0eca", "dev_type": "type-PCI", "numa_node": 0, "vendor_id": "8086", "label": "label_8086_0eca", "address": "0000:ff:16.2"}, {"dev_id": "pci_0000_ff_13_4", "product_id": "0e81", "dev_type": "type-PCI", "numa_node": 0, "vendor_id": "8086", "label": "label_8086_0e81", "address": "0000:ff:13.4"}, {"dev_id": "pci_0000_ff_10_6", "product_id": "0eb6", "dev_type": "type-PCI", "numa_node": 0, "vendor_id": "8086", "label": "label_8086_0eb6", "address": "0000:ff:10.6"}, {"dev_id": "pci_0000_ff_0b_3", "product_id": "0e1f", "dev_type": "type-PCI", "numa_node": 0, "vendor_id": "8086", "label": "label_8086_0e1f", "address": "0000:ff:0b.3"}, {"dev_id": "pci_0000_ff_0a_1", "product_id": "0ec1", "dev_type": "type-PCI", "numa_node": 0, "vendor_id": "8086", "label": "label_8086_0ec1", "address": "0000:ff:0a.1"}, {"dev_id": "pci_0000_ff_10_3", "product_id": "0eb3", "dev_type": "type-PCI", "numa_node": 0, "vendor_id": "8086", "label": "label_8086_0eb3", "address": "0000:ff:10.3"}, {"dev_id": "pci_0000_ff_10_7", "product_id": "0eb7", "dev_type": "type-PCI", "numa_node": 0, "vendor_id": "8086", "label": "label_8086_0eb7", "address": "0000:ff:10.7"}, {"dev_id": "pci_0000_00_02_0", "product_id": "0e04", "dev_type": "type-PCI", "numa_node": 0, "vendor_id": "8086", "label": "label_8086_0e04", "address": "0000:00:02.0"}, {"dev_id": "pci_0000_ff_13_1", "product_id": "0e34", "dev_type": "type-PCI", "numa_node": 0, "vendor_id": "8086", "label": "label_8086_0e34", "address": "0000:ff:13.1"}, {"dev_id": "pci_0000_ff_10_4", "product_id": "0eb4", "dev_type": "type-PCI", "numa_node": 0, "vendor_id": "8086", "label": "label_8086_0eb4", "address": "0000:ff:10.4"}, {"dev_id": "pci_0000_ff_0c_0", "product_id": "0ee0", "dev_type": "type-PCI", "numa_node": 0, "vendor_id": "8086", "label": "label_8086_0ee0", "address": "0000:ff:0c.0"}, {"dev_id": "pci_0000_00_1f_2", "product_id": "1d02", "dev_type": "type-PCI", "numa_node": 0, "vendor_id": "8086", "label": "label_8086_1d02", "address": "0000:00:1f.2"}, {"dev_id": "pci_0000_00_1c_2", "product_id": "1d14", "dev_type": "type-PCI", "numa_node": 0, "vendor_id": "8086", "label": "label_8086_1d14", "address": "0000:00:1c.2"}, {"dev_id": "pci_0000_ff_13_5", "product_id": "0e36", "dev_type": "type-PCI", "numa_node": 0, "vendor_id": "8086", "label": "label_8086_0e36", "address": "0000:ff:13.5"}, {"dev_id": "pci_0000_ff_0a_2", "product_id": "0ec2", "dev_type": "type-PCI", "numa_node": 0, "vendor_id": "8086", "label": "label_8086_0ec2", "address": "0000:ff:0a.2"}, {"dev_id": "pci_0000_03_00_0", "product_id": "954f", "dev_type": "type-PCI", "numa_node": 0, "vendor_id": "1002", "label": "label_1002_954f", "address": "0000:03:00.0"}, {"dev_id": "pci_0000_ff_10_0", "product_id": "0eb0", "dev_type": "type-PCI", "numa_node": 0, "vendor_id": "8086", "label": "label_8086_0eb0", "address": "0000:ff:10.0"}, {"dev_id": "pci_0000_ff_0a_0", "product_id": "0ec0", "dev_type": "type-PCI", "numa_node": 0, "vendor_id": "8086", "label": "label_8086_0ec0", "address": "0000:ff:0a.0"}, {"dev_id": "pci_0000_00_00_0", "product_id": "0e00", "dev_type": "type-PCI", "numa_node": 0, "vendor_id": "8086", "label": "label_8086_0e00", "address": "0000:00:00.0"}, {"dev_id": "pci_0000_00_1b_0", "product_id": "1d20", "dev_type": "type-PCI", "numa_node": 0, "vendor_id": "8086", "label": "label_8086_1d20", "address": "0000:00:1b.0"}, {"dev_id": "pci_0000_ff_0a_3", "product_id": "0ec3", "dev_type": "type-PCI", "numa_node": 0, "vendor_id": "8086", "label": "label_8086_0ec3", "address": "0000:ff:0a.3"}, {"dev_id": "pci_0000_00_1e_0", "product_id": "244e", "dev_type": "type-PCI", "numa_node": 0, "vendor_id": "8086", "label": "label_8086_244e", "address": "0000:00:1e.0"}, {"dev_id": "pci_0000_00_1a_0", "product_id": "1d2d", "dev_type": "type-PCI", "numa_node": 0, "vendor_id": "8086", "label": "label_8086_1d2d", "address": "0000:00:1a.0"}, {"dev_id": "pci_0000_ff_10_2", "product_id": "0eb2", "dev_type": "type-PCI", "numa_node": 0, "vendor_id": "8086", "label": "label_8086_0eb2", "address": "0000:ff:10.2"}, {"dev_id": "pci_0000_ff_0f_0", "product_id": "0ea8", "dev_type": "type-PCI", "numa_node": 0, "vendor_id": "8086", "label": "label_8086_0ea8", "address": "0000:ff:0f.0"}, {"dev_id": "pci_0000_00_1f_0", "product_id": "1d41", "dev_type": "type-PCI", "numa_node": 0, "vendor_id": "8086", "label": "label_8086_1d41", "address": "0000:00:1f.0"}] _report_hypervisor_resource_view /usr/lib/python2.7/site-packages/nova/compute/resource_tracker.py:1023
2020-03-25 20:01:14.387 8547 DEBUG oslo_concurrency.lockutils [req-87b5f7c1-abaa-48c9-b9e2-859aa555051d - - - - -] Lock "compute_resources" acquired by "nova.compute.resource_tracker._update_available_resource" :: waited 0.000s inner /usr/lib/python2.7/site-packages/oslo_concurrency/lockutils.py:327
2020-03-25 20:01:14.490 8547 DEBUG nova.compute.resource_tracker [req-87b5f7c1-abaa-48c9-b9e2-859aa555051d - - - - -] Migration for instance e3806031-8857-4e82-bd85-bb6948fdbed5 refers to another host's instance! _pair_instances_to_migrations /usr/lib/python2.7/site-packages/nova/compute/resource_tracker.py:903
2020-03-25 20:01:14.563 8547 DEBUG nova.objects.instance [req-87b5f7c1-abaa-48c9-b9e2-859aa555051d - - - - -] Lazy-loading 'migration_context' on Instance uuid e3806031-8857-4e82-bd85-bb6948fdbed5 obj_load_attr /usr/lib/python2.7/site-packages/nova/objects/instance.py:1086
2020-03-25 20:01:14.594 8547 INFO nova.compute.resource_tracker [req-87b5f7c1-abaa-48c9-b9e2-859aa555051d - - - - -] [instance: e3806031-8857-4e82-bd85-bb6948fdbed5] Updating resource usage from migration 2b134ca2-c2aa-4f01-b5db-459befecea93
2020-03-25 20:01:14.595 8547 DEBUG nova.objects.instance [req-87b5f7c1-abaa-48c9-b9e2-859aa555051d - - - - -] Lazy-loading 'flavor' on Instance uuid e3806031-8857-4e82-bd85-bb6948fdbed5 obj_load_attr /usr/lib/python2.7/site-packages/nova/objects/instance.py:1086
2020-03-25 20:01:14.668 8547 DEBUG nova.compute.resource_tracker [req-87b5f7c1-abaa-48c9-b9e2-859aa555051d - - - - -] [instance: e3806031-8857-4e82-bd85-bb6948fdbed5] Starting to track incoming migration 2b134ca2-c2aa-4f01-b5db-459befecea93 with flavor 2 _update_usage_from_migration /usr/lib/python2.7/site-packages/nova/compute/resource_tracker.py:1341
2020-03-25 20:01:14.761 8547 DEBUG nova.compute.resource_tracker [req-87b5f7c1-abaa-48c9-b9e2-859aa555051d - - - - -] Instance 94e4f8c0-e30e-4a5a-bb60-c8564c242422 actively managed on this compute host and has allocations in placement: {u'resources': {u'VCPU': 2, u'MEMORY_MB': 4096, u'DISK_GB': 8}}. _remove_deleted_instances_allocations /usr/lib/python2.7/site-packages/nova/compute/resource_tracker.py:1538
2020-03-25 20:01:14.828 8547 WARNING nova.compute.resource_tracker [req-87b5f7c1-abaa-48c9-b9e2-859aa555051d - - - - -] Instance e3806031-8857-4e82-bd85-bb6948fdbed5 has been moved to another host host199(host199). There are allocations remaining against the source host that might need to be removed: {u'resources': {u'VCPU': 1, u'MEMORY_MB': 2048, u'DISK_GB': 8}}.
2020-03-25 20:01:14.829 8547 DEBUG nova.compute.resource_tracker [req-87b5f7c1-abaa-48c9-b9e2-859aa555051d - - - - -] Total usable vcpus: 10, total allocated vcpus: 3 _report_final_resource_view /usr/lib/python2.7/site-packages/nova/compute/resource_tracker.py:1039
2020-03-25 20:01:14.830 8547 DEBUG nova.compute.resource_tracker [req-87b5f7c1-abaa-48c9-b9e2-859aa555051d - - - - -] Final resource view: name=host177 phys_ram=32701MB used_ram=8192MB phys_disk=355GB used_disk=16GB total_vcpus=10 used_vcpus=3 pci_stats=[] _report_final_resource_view /usr/lib/python2.7/site-packages/nova/compute/resource_tracker.py:1061
2020-03-25 20:01:15.141 8547 DEBUG nova.compute.provider_tree [req-87b5f7c1-abaa-48c9-b9e2-859aa555051d - - - - -] Inventory has not changed in ProviderTree for provider: 7228bb9f-9474-4740-afa7-82c66061ea1d update_inventory /usr/lib/python2.7/site-packages/nova/compute/provider_tree.py:181
2020-03-25 20:01:15.142 8547 DEBUG nova.virt.libvirt.driver [req-87b5f7c1-abaa-48c9-b9e2-859aa555051d - - - - -] CPU mode 'host-passthrough' models '' was chosen, with extra flags: '' _get_guest_cpu_model_config /usr/lib/python2.7/site-packages/nova/virt/libvirt/driver.py:4270
2020-03-25 20:01:15.183 8547 DEBUG nova.scheduler.client.report [req-87b5f7c1-abaa-48c9-b9e2-859aa555051d - - - - -] Inventory has not changed for provider 7228bb9f-9474-4740-afa7-82c66061ea1d based on inventory data: {u'VCPU': {u'allocation_ratio': 8.0, u'total': 10, u'reserved': 0, u'step_size': 1, u'min_unit': 1, u'max_unit': 10}, u'MEMORY_MB': {u'allocation_ratio': 1.0, u'total': 32701, u'reserved': 2048, u'step_size': 1, u'min_unit': 1, u'max_unit': 32701}, u'DISK_GB': {u'allocation_ratio': 1.0, u'total': 355, u'reserved': 0, u'step_size': 1, u'min_unit': 1, u'max_unit': 355}} set_inventory_for_provider /usr/lib/python2.7/site-packages/nova/scheduler/client/report.py:898
2020-03-25 20:01:15.185 8547 DEBUG nova.compute.resource_tracker [req-87b5f7c1-abaa-48c9-b9e2-859aa555051d - - - - -] Compute_service record updated for host177:host177 _update_available_resource /usr/lib/python2.7/site-packages/nova/compute/resource_tracker.py:974
2020-03-25 20:01:15.185 8547 DEBUG oslo_concurrency.lockutils [req-87b5f7c1-abaa-48c9-b9e2-859aa555051d - - - - -] Lock "compute_resources" released by "nova.compute.resource_tracker._update_available_resource" :: held 0.799s inner /usr/lib/python2.7/site-packages/oslo_concurrency/lockutils.py:339
2020-03-25 20:01:15.186 8547 DEBUG oslo_service.periodic_task [req-87b5f7c1-abaa-48c9-b9e2-859aa555051d - - - - -] Running periodic task ComputeManager._poll_unconfirmed_resizes run_periodic_tasks /usr/lib/python2.7/site-packages/oslo_service/periodic_task.py:217
2020-03-25 20:01:15.219 8547 DEBUG oslo_service.periodic_task [req-87b5f7c1-abaa-48c9-b9e2-859aa555051d - - - - -] Running periodic task ComputeManager._poll_rescued_instances run_periodic_tasks /usr/lib/python2.7/site-packages/oslo_service/periodic_task.py:217
2020-03-25 20:01:15.220 8547 DEBUG oslo_service.periodic_task [req-87b5f7c1-abaa-48c9-b9e2-859aa555051d - - - - -] Running periodic task ComputeManager._check_instance_build_time run_periodic_tasks /usr/lib/python2.7/site-packages/oslo_service/periodic_task.py:217
2020-03-25 20:01:15.883 8547 DEBUG oslo_service.periodic_task [req-87b5f7c1-abaa-48c9-b9e2-859aa555051d - - - - -] Running periodic task ComputeManager._poll_rebooting_instances run_periodic_tasks /usr/lib/python2.7/site-packages/oslo_service/periodic_task.py:217
2020-03-25 20:01:33.563 8547 DEBUG nova.virt.driver [req-d8a33afe-0058-414b-bc9a-538d1f8ffd30 - - - - -] Emitting event <LifecycleEvent: 1585137693.56, e3806031-8857-4e82-bd85-bb6948fdbed5 => Resumed> emit_event /usr/lib/python2.7/site-packages/nova/virt/driver.py:1709
2020-03-25 20:01:33.564 8547 INFO nova.compute.manager [req-d8a33afe-0058-414b-bc9a-538d1f8ffd30 - - - - -] [instance: e3806031-8857-4e82-bd85-bb6948fdbed5] VM Resumed (Lifecycle Event)
2020-03-25 20:01:33.614 8547 DEBUG nova.compute.manager [req-d8a33afe-0058-414b-bc9a-538d1f8ffd30 - - - - -] [instance: e3806031-8857-4e82-bd85-bb6948fdbed5] Checking state _get_power_state /usr/lib/python2.7/site-packages/nova/compute/manager.py:1481
2020-03-25 20:01:33.618 8547 DEBUG nova.compute.manager [req-d8a33afe-0058-414b-bc9a-538d1f8ffd30 - - - - -] [instance: e3806031-8857-4e82-bd85-bb6948fdbed5] Synchronizing instance power state after lifecycle event "Resumed"; current vm_state: active, current task_state: migrating, current DB power_state: 1, VM power_state: 1 handle_lifecycle_event /usr/lib/python2.7/site-packages/nova/compute/manager.py:1233
2020-03-25 20:01:33.671 8547 INFO nova.compute.manager [req-d8a33afe-0058-414b-bc9a-538d1f8ffd30 - - - - -] [instance: e3806031-8857-4e82-bd85-bb6948fdbed5] During the sync_power process the instance has moved from host host199 to host host177
2020-03-25 20:01:36.733 8547 INFO nova.compute.manager [req-a7d9005f-1e20-4373-96d7-9201f24c652c 35608ad3c77a4668b6e34240a37178b0 cafec05053ef45138c9f5fc6aa3ea910 - default default] [instance: e3806031-8857-4e82-bd85-bb6948fdbed5] Post operation of migration started
2020-03-25 20:01:36.885 8547 DEBUG oslo_concurrency.lockutils [req-a7d9005f-1e20-4373-96d7-9201f24c652c 35608ad3c77a4668b6e34240a37178b0 cafec05053ef45138c9f5fc6aa3ea910 - default default] Acquired lock "refresh_cache-e3806031-8857-4e82-bd85-bb6948fdbed5" lock /usr/lib/python2.7/site-packages/oslo_concurrency/lockutils.py:265
2020-03-25 20:01:36.886 8547 DEBUG nova.network.neutronv2.api [req-a7d9005f-1e20-4373-96d7-9201f24c652c 35608ad3c77a4668b6e34240a37178b0 cafec05053ef45138c9f5fc6aa3ea910 - default default] [instance: e3806031-8857-4e82-bd85-bb6948fdbed5] Building network info cache for instance _get_instance_nw_info /usr/lib/python2.7/site-packages/nova/network/neutronv2/api.py:1756
2020-03-25 20:01:37.535 8547 DEBUG nova.network.base_api [req-a7d9005f-1e20-4373-96d7-9201f24c652c 35608ad3c77a4668b6e34240a37178b0 cafec05053ef45138c9f5fc6aa3ea910 - default default] [instance: e3806031-8857-4e82-bd85-bb6948fdbed5] Updating instance_info_cache with network_info: [{"profile": {}, "ovs_interfaceid": "f411aafb-3889-4f95-9495-8eec217ee445", "preserve_on_delete": false, "network": {"bridge": "br-int", "subnets": [{"ips": [{"meta": {}, "version": 4, "type": "fixed", "floating_ips": [], "address": "192.168.3.101"}], "version": 4, "meta": {"dhcp_server": "192.168.3.100"}, "dns": [{"meta": {}, "version": 4, "type": "dns", "address": "8.8.8.8"}], "routes": [], "cidr": "192.168.3.0/24", "gateway": {"meta": {}, "version": 4, "type": "gateway", "address": "192.168.3.1"}}], "meta": {"injected": false, "tunneled": false, "tenant_id": "cafec05053ef45138c9f5fc6aa3ea910", "physical_network": "phynet-mgt", "mtu": 1500}, "id": "50250e01-91ff-468f-bc78-687030d9f8a3", "label": "netx"}, "devname": "tapf411aafb-38", "vnic_type": "normal", "qbh_params": null, "meta": {}, "details": {"ovs_hybrid_plug": true, "bridge_name": "br-int", "datapath_type": "system", "port_filter": true, "connectivity": "l2"}, "address": "fa:16:3e:12:84:cd", "active": false, "type": "ovs", "id": "f411aafb-3889-4f95-9495-8eec217ee445", "qbg_params": null}] update_instance_cache_with_nw_info /usr/lib/python2.7/site-packages/nova/network/base_api.py:47
2020-03-25 20:01:37.556 8547 DEBUG oslo_concurrency.lockutils [req-a7d9005f-1e20-4373-96d7-9201f24c652c 35608ad3c77a4668b6e34240a37178b0 cafec05053ef45138c9f5fc6aa3ea910 - default default] Releasing lock "refresh_cache-e3806031-8857-4e82-bd85-bb6948fdbed5" lock /usr/lib/python2.7/site-packages/oslo_concurrency/lockutils.py:281
2020-03-25 20:01:37.576 8547 DEBUG oslo_concurrency.lockutils [req-a7d9005f-1e20-4373-96d7-9201f24c652c 35608ad3c77a4668b6e34240a37178b0 cafec05053ef45138c9f5fc6aa3ea910 - default default] Lock "compute_resources" acquired by "nova.compute.resource_tracker.allocate_pci_devices_for_instance" :: waited 0.000s inner /usr/lib/python2.7/site-packages/oslo_concurrency/lockutils.py:327
2020-03-25 20:01:37.577 8547 DEBUG oslo_concurrency.lockutils [req-a7d9005f-1e20-4373-96d7-9201f24c652c 35608ad3c77a4668b6e34240a37178b0 cafec05053ef45138c9f5fc6aa3ea910 - default default] Lock "compute_resources" released by "nova.compute.resource_tracker.allocate_pci_devices_for_instance" :: held 0.001s inner /usr/lib/python2.7/site-packages/oslo_concurrency/lockutils.py:339
2020-03-25 20:01:37.582 8547 DEBUG nova.compute.manager [req-a7d9005f-1e20-4373-96d7-9201f24c652c 35608ad3c77a4668b6e34240a37178b0 cafec05053ef45138c9f5fc6aa3ea910 - default default] [instance: e3806031-8857-4e82-bd85-bb6948fdbed5] Checking state _get_power_state /usr/lib/python2.7/site-packages/nova/compute/manager.py:1481
2020-03-25 20:01:37.612 8547 DEBUG nova.objects.instance [req-a7d9005f-1e20-4373-96d7-9201f24c652c 35608ad3c77a4668b6e34240a37178b0 cafec05053ef45138c9f5fc6aa3ea910 - default default] Lazy-loading 'migration_context' on Instance uuid e3806031-8857-4e82-bd85-bb6948fdbed5 obj_load_attr /usr/lib/python2.7/site-packages/nova/objects/instance.py:1086
2020-03-25 20:01:37.625 8547 DEBUG nova.objects.instance [req-a7d9005f-1e20-4373-96d7-9201f24c652c 35608ad3c77a4668b6e34240a37178b0 cafec05053ef45138c9f5fc6aa3ea910 - default default] [instance: e3806031-8857-4e82-bd85-bb6948fdbed5] Trying to apply a migration context that does not seem to be set for this instance apply_migration_context /usr/lib/python2.7/site-packages/nova/objects/instance.py:1019
2020-03-25 20:01:38.077 8547 DEBUG nova.network.neutronv2.api [req-a7d9005f-1e20-4373-96d7-9201f24c652c 35608ad3c77a4668b6e34240a37178b0 cafec05053ef45138c9f5fc6aa3ea910 - default default] Deleted binding for port f411aafb-3889-4f95-9495-8eec217ee445 and host host199. delete_port_binding /usr/lib/python2.7/site-packages/nova/network/neutronv2/api.py:1339
