2020-03-27 14:21:42.325 1628361 DEBUG oslo_service.periodic_task [req-524687b6-b0a0-42f6-b62e-c79862f34380 - - - - -] Running periodic task ComputeManager._poll_volume_usage run_periodic_tasks /usr/lib/python2.7/site-packages/oslo_service/periodic_task.py:217
2020-03-27 14:21:45.002 1628361 DEBUG oslo_service.periodic_task [req-524687b6-b0a0-42f6-b62e-c79862f34380 - - - - -] Running periodic task ComputeManager._poll_rescued_instances run_periodic_tasks /usr/lib/python2.7/site-packages/oslo_service/periodic_task.py:217
2020-03-27 14:21:46.003 1628361 DEBUG oslo_service.periodic_task [req-524687b6-b0a0-42f6-b62e-c79862f34380 - - - - -] Running periodic task ComputeManager._instance_usage_audit run_periodic_tasks /usr/lib/python2.7/site-packages/oslo_service/periodic_task.py:217
2020-03-27 14:21:46.003 1628361 DEBUG oslo_service.periodic_task [req-524687b6-b0a0-42f6-b62e-c79862f34380 - - - - -] Running periodic task ComputeManager._reclaim_queued_deletes run_periodic_tasks /usr/lib/python2.7/site-packages/oslo_service/periodic_task.py:217
2020-03-27 14:21:46.004 1628361 DEBUG nova.compute.manager [req-524687b6-b0a0-42f6-b62e-c79862f34380 - - - - -] CONF.reclaim_instance_interval <= 0, skipping... _reclaim_queued_deletes /usr/lib/python2.7/site-packages/nova/compute/manager.py:8641
2020-03-27 14:21:48.002 1628361 DEBUG oslo_service.periodic_task [req-524687b6-b0a0-42f6-b62e-c79862f34380 - - - - -] Running periodic task ComputeManager.update_available_resource run_periodic_tasks /usr/lib/python2.7/site-packages/oslo_service/periodic_task.py:217
2020-03-27 14:21:48.023 1628361 DEBUG nova.compute.resource_tracker [req-524687b6-b0a0-42f6-b62e-c79862f34380 - - - - -] Auditing locally available compute resources for host199 (node: host199) update_available_resource /usr/lib/python2.7/site-packages/nova/compute/resource_tracker.py:870
2020-03-27 14:21:48.112 1628361 DEBUG nova.virt.libvirt.driver [req-524687b6-b0a0-42f6-b62e-c79862f34380 - - - - -] skipping disk /var/lib/nova/nfsbackend/volume-9b3a6c53-2627-4b0a-89a0-cc7e67d44c74 (vda) as it is a volume _get_instance_disk_info_from_config /usr/lib/python2.7/site-packages/nova/virt/libvirt/driver.py:9567
2020-03-27 14:21:48.116 1628361 DEBUG nova.virt.libvirt.driver [req-524687b6-b0a0-42f6-b62e-c79862f34380 - - - - -] skipping disk /var/lib/nova/nfsbackend/volume-20272b5e-d4aa-4455-aa82-12add69bebca (vda) as it is a volume _get_instance_disk_info_from_config /usr/lib/python2.7/site-packages/nova/virt/libvirt/driver.py:9567
2020-03-27 14:21:48.120 1628361 DEBUG nova.virt.libvirt.driver [req-524687b6-b0a0-42f6-b62e-c79862f34380 - - - - -] skipping disk /var/lib/nova/nfsbackend/volume-cef50787-2903-483a-8dd5-3c654309eb2e (vda) as it is a volume _get_instance_disk_info_from_config /usr/lib/python2.7/site-packages/nova/virt/libvirt/driver.py:9567
2020-03-27 14:21:48.251 1628361 DEBUG nova.compute.resource_tracker [req-524687b6-b0a0-42f6-b62e-c79862f34380 - - - - -] Hypervisor/Node resource view: name=host199 free_ram=22221MB free_disk=145GB free_vcpus=5 pci_devices=[{"dev_id": "pci_0000_ff_10_6", "product_id": "0eb6", "dev_type": "type-PCI", "numa_node": 0, "vendor_id": "8086", "label": "label_8086_0eb6", "address": "0000:ff:10.6"}, {"dev_id": "pci_0000_ff_0f_4", "product_id": "0eac", "dev_type": "type-PCI", "numa_node": 0, "vendor_id": "8086", "label": "label_8086_0eac", "address": "0000:ff:0f.4"}, {"dev_id": "pci_0000_ff_0f_1", "product_id": "0e71", "dev_type": "type-PCI", "numa_node": 0, "vendor_id": "8086", "label": "label_8086_0e71", "address": "0000:ff:0f.1"}, {"dev_id": "pci_0000_00_1a_0", "product_id": "1d2d", "dev_type": "type-PCI", "numa_node": 0, "vendor_id": "8086", "label": "label_8086_1d2d", "address": "0000:00:1a.0"}, {"dev_id": "pci_0000_ff_09_0", "product_id": "0e90", "dev_type": "type-PCI", "numa_node": 0, "vendor_id": "8086", "label": "label_8086_0e90", "address": "0000:ff:09.0"}, {"dev_id": "pci_0000_03_00_0", "product_id": "10c5", "dev_type": "type-PCI", "numa_node": 0, "vendor_id": "10de", "label": "label_10de_10c5", "address": "0000:03:00.0"}, {"dev_id": "pci_0000_00_1f_0", "product_id": "1d41", "dev_type": "type-PCI", "numa_node": 0, "vendor_id": "8086", "label": "label_8086_1d41", "address": "0000:00:1f.0"}, {"dev_id": "pci_0000_00_03_0", "product_id": "0e08", "dev_type": "type-PCI", "numa_node": 0, "vendor_id": "8086", "label": "label_8086_0e08", "address": "0000:00:03.0"}, {"dev_id": "pci_0000_ff_0a_2", "product_id": "0ec2", "dev_type": "type-PCI", "numa_node": 0, "vendor_id": "8086", "label": "label_8086_0ec2", "address": "0000:ff:0a.2"}, {"dev_id": "pci_0000_ff_0c_2", "product_id": "0ee4", "dev_type": "type-PCI", "numa_node": 0, "vendor_id": "8086", "label": "label_8086_0ee4", "address": "0000:ff:0c.2"}, {"dev_id": "pci_0000_00_1f_2", "product_id": "1d02", "dev_type": "type-PCI", "numa_node": 0, "vendor_id": "8086", "label": "label_8086_1d02", "address": "0000:00:1f.2"}, {"dev_id": "pci_0000_00_11_0", "product_id": "1d3e", "dev_type": "type-PCI", "numa_node": 0, "vendor_id": "8086", "label": "label_8086_1d3e", "address": "0000:00:11.0"}, {"dev_id": "pci_0000_ff_16_0", "product_id": "0ec8", "dev_type": "type-PCI", "numa_node": 0, "vendor_id": "8086", "label": "label_8086_0ec8", "address": "0000:ff:16.0"}, {"dev_id": "pci_0000_ff_0f_0", "product_id": "0ea8", "dev_type": "type-PCI", "numa_node": 0, "vendor_id": "8086", "label": "label_8086_0ea8", "address": "0000:ff:0f.0"}, {"dev_id": "pci_0000_ff_0d_1", "product_id": "0ee3", "dev_type": "type-PCI", "numa_node": 0, "vendor_id": "8086", "label": "label_8086_0ee3", "address": "0000:ff:0d.1"}, {"dev_id": "pci_0000_00_01_1", "product_id": "0e03", "dev_type": "type-PCI", "numa_node": 0, "vendor_id": "8086", "label": "label_8086_0e03", "address": "0000:00:01.1"}, {"dev_id": "pci_0000_00_01_0", "product_id": "0e02", "dev_type": "type-PCI", "numa_node": 0, "vendor_id": "8086", "label": "label_8086_0e02", "address": "0000:00:01.0"}, {"dev_id": "pci_0000_ff_0c_1", "product_id": "0ee2", "dev_type": "type-PCI", "numa_node": 0, "vendor_id": "8086", "label": "label_8086_0ee2", "address": "0000:ff:0c.1"}, {"dev_id": "pci_0000_ff_0f_3", "product_id": "0eab", "dev_type": "type-PCI", "numa_node": 0, "vendor_id": "8086", "label": "label_8086_0eab", "address": "0000:ff:0f.3"}, {"dev_id": "pci_0000_00_1c_2", "product_id": "1d14", "dev_type": "type-PCI", "numa_node": 0, "vendor_id": "8086", "label": "label_8086_1d14", "address": "0000:00:1c.2"}, {"dev_id": "pci_0000_03_00_1", "product_id": "0be3", "dev_type": "type-PCI", "numa_node": 0, "vendor_id": "10de", "label": "label_10de_0be3", "address": "0000:03:00.1"}, {"dev_id": "pci_0000_ff_10_5", "product_id": "0eb5", "dev_type": "type-PCI", "numa_node": 0, "vendor_id": "8086", "label": "label_8086_0eb5", "address": "0000:ff:10.5"}, {"dev_id": "pci_0000_ff_10_0", "product_id": "0eb0", "dev_type": "type-PCI", "numa_node": 0, "vendor_id": "8086", "label": "label_8086_0eb0", "address": "0000:ff:10.0"}, {"dev_id": "pci_0000_ff_0f_5", "product_id": "0ead", "dev_type": "type-PCI", "numa_node": 0, "vendor_id": "8086", "label": "label_8086_0ead", "address": "0000:ff:0f.5"}, {"dev_id": "pci_0000_00_02_0", "product_id": "0e04", "dev_type": "type-PCI", "numa_node": 0, "vendor_id": "8086", "label": "label_8086_0e04", "address": "0000:00:02.0"}, {"dev_id": "pci_0000_ff_08_0", "product_id": "0e80", "dev_type": "type-PCI", "numa_node": 0, "vendor_id": "8086", "label": "label_8086_0e80", "address": "0000:ff:08.0"}, {"dev_id": "pci_0000_ff_0f_2", "product_id": "0eaa", "dev_type": "type-PCI", "numa_node": 0, "vendor_id": "8086", "label": "label_8086_0eaa", "address": "0000:ff:0f.2"}, {"dev_id": "pci_0000_ff_13_5", "product_id": "0e36", "dev_type": "type-PCI", "numa_node": 0, "vendor_id": "8086", "label": "label_8086_0e36", "address": "0000:ff:13.5"}, {"dev_id": "pci_0000_ff_13_4", "product_id": "0e81", "dev_type": "type-PCI", "numa_node": 0, "vendor_id": "8086", "label": "label_8086_0e81", "address": "0000:ff:13.4"}, {"dev_id": "pci_0000_ff_10_1", "product_id": "0eb1", "dev_type": "type-PCI", "numa_node": 0, "vendor_id": "8086", "label": "label_8086_0eb1", "address": "0000:ff:10.1"}, {"dev_id": "pci_0000_ff_10_2", "product_id": "0eb2", "dev_type": "type-PCI", "numa_node": 0, "vendor_id": "8086", "label": "label_8086_0eb2", "address": "0000:ff:10.2"}, {"dev_id": "pci_0000_ff_0d_2", "product_id": "0ee5", "dev_type": "type-PCI", "numa_node": 0, "vendor_id": "8086", "label": "label_8086_0ee5", "address": "0000:ff:0d.2"}, {"dev_id": "pci_0000_00_05_2", "product_id": "0e2a", "dev_type": "type-PCI", "numa_node": 0, "vendor_id": "8086", "label": "label_8086_0e2a", "address": "0000:00:05.2"}, {"dev_id": "pci_0000_ff_16_2", "product_id": "0eca", "dev_type": "type-PCI", "numa_node": 0, "vendor_id": "8086", "label": "label_8086_0eca", "address": "0000:ff:16.2"}, {"dev_id": "pci_0000_ff_16_1", "product_id": "0ec9", "dev_type": "type-PCI", "numa_node": 0, "vendor_id": "8086", "label": "label_8086_0ec9", "address": "0000:ff:16.1"}, {"dev_id": "pci_0000_ff_0e_1", "product_id": "0e30", "dev_type": "type-PCI", "numa_node": 0, "vendor_id": "8086", "label": "label_8086_0e30", "address": "0000:ff:0e.1"}, {"dev_id": "pci_0000_00_05_0", "product_id": "0e28", "dev_type": "type-PCI", "numa_node": 0, "vendor_id": "8086", "label": "label_8086_0e28", "address": "0000:00:05.0"}, {"dev_id": "pci_0000_ff_0e_0", "product_id": "0ea0", "dev_type": "type-PCI", "numa_node": 0, "vendor_id": "8086", "label": "label_8086_0ea0", "address": "0000:ff:0e.0"}, {"dev_id": "pci_0000_ff_13_0", "product_id": "0e1d", "dev_type": "type-PCI", "numa_node": 0, "vendor_id": "8086", "label": "label_8086_0e1d", "address": "0000:ff:13.0"}, {"dev_id": "pci_0000_00_05_4", "product_id": "0e2c", "dev_type": "type-PCI", "numa_node": 0, "vendor_id": "8086", "label": "label_8086_0e2c", "address": "0000:00:05.4"}, {"dev_id": "pci_0000_ff_10_7", "product_id": "0eb7", "dev_type": "type-PCI", "numa_node": 0, "vendor_id": "8086", "label": "label_8086_0eb7", "address": "0000:ff:10.7"}, {"dev_id": "pci_0000_00_1d_0", "product_id": "1d26", "dev_type": "type-PCI", "numa_node": 0, "vendor_id": "8086", "label": "label_8086_1d26", "address": "0000:00:1d.0"}, {"dev_id": "pci_0000_00_1b_0", "product_id": "1d20", "dev_type": "type-PCI", "numa_node": 0, "vendor_id": "8086", "label": "label_8086_1d20", "address": "0000:00:1b.0"}, {"dev_id": "pci_0000_00_00_0", "product_id": "0e00", "dev_type": "type-PCI", "numa_node": 0, "vendor_id": "8086", "label": "label_8086_0e00", "address": "0000:00:00.0"}, {"dev_id": "pci_0000_ff_0d_0", "product_id": "0ee1", "dev_type": "type-PCI", "numa_node": 0, "vendor_id": "8086", "label": "label_8086_0ee1", "address": "0000:ff:0d.0"}, {"dev_id": "pci_0000_ff_0b_0", "product_id": "0e1e", "dev_type": "type-PCI", "numa_node": 0, "vendor_id": "8086", "label": "label_8086_0e1e", "address": "0000:ff:0b.0"}, {"dev_id": "pci_0000_ff_0a_0", "product_id": "0ec0", "dev_type": "type-PCI", "numa_node": 0, "vendor_id": "8086", "label": "label_8086_0ec0", "address": "0000:ff:0a.0"}, {"dev_id": "pci_0000_07_00_0", "product_id": "8168", "dev_type": "type-PCI", "numa_node": 0, "vendor_id": "10ec", "label": "label_10ec_8168", "address": "0000:07:00.0"}, {"dev_id": "pci_0000_00_1c_0", "product_id": "1d10", "dev_type": "type-PCI", "numa_node": 0, "vendor_id": "8086", "label": "label_8086_1d10", "address": "0000:00:1c.0"}, {"dev_id": "pci_0000_ff_0a_1", "product_id": "0ec1", "dev_type": "type-PCI", "numa_node": 0, "vendor_id": "8086", "label": "label_8086_0ec1", "address": "0000:ff:0a.1"}, {"dev_id": "pci_0000_ff_0b_3", "product_id": "0e1f", "dev_type": "type-PCI", "numa_node": 0, "vendor_id": "8086", "label": "label_8086_0e1f", "address": "0000:ff:0b.3"}, {"dev_id": "pci_0000_ff_10_4", "product_id": "0eb4", "dev_type": "type-PCI", "numa_node": 0, "vendor_id": "8086", "label": "label_8086_0eb4", "address": "0000:ff:10.4"}, {"dev_id": "pci_0000_ff_10_3", "product_id": "0eb3", "dev_type": "type-PCI", "numa_node": 0, "vendor_id": "8086", "label": "label_8086_0eb3", "address": "0000:ff:10.3"}, {"dev_id": "pci_0000_ff_13_1", "product_id": "0e34", "dev_type": "type-PCI", "numa_node": 0, "vendor_id": "8086", "label": "label_8086_0e34", "address": "0000:ff:13.1"}, {"dev_id": "pci_0000_ff_0c_0", "product_id": "0ee0", "dev_type": "type-PCI", "numa_node": 0, "vendor_id": "8086", "label": "label_8086_0ee0", "address": "0000:ff:0c.0"}, {"dev_id": "pci_0000_ff_0a_3", "product_id": "0ec3", "dev_type": "type-PCI", "numa_node": 0, "vendor_id": "8086", "label": "label_8086_0ec3", "address": "0000:ff:0a.3"}, {"dev_id": "pci_0000_00_1f_3", "product_id": "1d22", "dev_type": "type-PCI", "numa_node": 0, "vendor_id": "8086", "label": "label_8086_1d22", "address": "0000:00:1f.3"}, {"dev_id": "pci_0000_00_1e_0", "product_id": "244e", "dev_type": "type-PCI", "numa_node": 0, "vendor_id": "8086", "label": "label_8086_244e", "address": "0000:00:1e.0"}] _report_hypervisor_resource_view /usr/lib/python2.7/site-packages/nova/compute/resource_tracker.py:1023
2020-03-27 14:21:48.251 1628361 DEBUG oslo_concurrency.lockutils [req-524687b6-b0a0-42f6-b62e-c79862f34380 - - - - -] Lock "compute_resources" acquired by "nova.compute.resource_tracker._update_available_resource" :: waited 0.000s inner /usr/lib/python2.7/site-packages/oslo_concurrency/lockutils.py:327
2020-03-27 14:21:48.606 1628361 DEBUG nova.compute.resource_tracker [req-524687b6-b0a0-42f6-b62e-c79862f34380 - - - - -] Instance 30b12d9a-f4f3-474f-8649-17ac5cfd927a actively managed on this compute host and has allocations in placement: {u'resources': {u'VCPU': 1, u'MEMORY_MB': 2048}}. _remove_deleted_instances_allocations /usr/lib/python2.7/site-packages/nova/compute/resource_tracker.py:1538
2020-03-27 14:21:48.607 1628361 DEBUG nova.compute.resource_tracker [req-524687b6-b0a0-42f6-b62e-c79862f34380 - - - - -] Instance fd4d5106-67c0-473b-b514-88a5b3d0686f actively managed on this compute host and has allocations in placement: {u'resources': {u'VCPU': 1, u'MEMORY_MB': 2048}}. _remove_deleted_instances_allocations /usr/lib/python2.7/site-packages/nova/compute/resource_tracker.py:1538
2020-03-27 14:21:48.607 1628361 DEBUG nova.compute.resource_tracker [req-524687b6-b0a0-42f6-b62e-c79862f34380 - - - - -] Instance e0dfda9f-4ee3-467c-a79b-47badcab07e3 actively managed on this compute host and has allocations in placement: {u'resources': {u'VCPU': 1, u'MEMORY_MB': 2048}}. _remove_deleted_instances_allocations /usr/lib/python2.7/site-packages/nova/compute/resource_tracker.py:1538
2020-03-27 14:21:48.608 1628361 DEBUG nova.compute.resource_tracker [req-524687b6-b0a0-42f6-b62e-c79862f34380 - - - - -] Total usable vcpus: 8, total allocated vcpus: 3 _report_final_resource_view /usr/lib/python2.7/site-packages/nova/compute/resource_tracker.py:1039
2020-03-27 14:21:48.608 1628361 DEBUG nova.compute.resource_tracker [req-524687b6-b0a0-42f6-b62e-c79862f34380 - - - - -] Final resource view: name=host199 phys_ram=32706MB used_ram=8192MB phys_disk=150GB used_disk=0GB total_vcpus=8 used_vcpus=3 pci_stats=[] _report_final_resource_view /usr/lib/python2.7/site-packages/nova/compute/resource_tracker.py:1061
2020-03-27 14:21:48.616 1628361 DEBUG nova.compute.provider_tree [req-524687b6-b0a0-42f6-b62e-c79862f34380 - - - - -] Inventory has not changed in ProviderTree for provider: bab85ab2-9503-4cd1-bbe6-d938e97c74a5 update_inventory /usr/lib/python2.7/site-packages/nova/compute/provider_tree.py:181
2020-03-27 14:21:48.617 1628361 DEBUG nova.virt.libvirt.driver [req-524687b6-b0a0-42f6-b62e-c79862f34380 - - - - -] CPU mode 'host-passthrough' models '' was chosen, with extra flags: '' _get_guest_cpu_model_config /usr/lib/python2.7/site-packages/nova/virt/libvirt/driver.py:4270
2020-03-27 14:21:48.637 1628361 DEBUG nova.scheduler.client.report [req-524687b6-b0a0-42f6-b62e-c79862f34380 - - - - -] Inventory has not changed for provider bab85ab2-9503-4cd1-bbe6-d938e97c74a5 based on inventory data: {u'VCPU': {u'allocation_ratio': 8.0, u'total': 8, u'reserved': 0, u'step_size': 1, u'min_unit': 1, u'max_unit': 8}, u'MEMORY_MB': {u'allocation_ratio': 1.0, u'total': 32706, u'reserved': 2048, u'step_size': 1, u'min_unit': 1, u'max_unit': 32706}, u'DISK_GB': {u'allocation_ratio': 1.0, u'total': 150, u'reserved': 0, u'step_size': 1, u'min_unit': 1, u'max_unit': 150}} set_inventory_for_provider /usr/lib/python2.7/site-packages/nova/scheduler/client/report.py:898
2020-03-27 14:21:48.638 1628361 DEBUG nova.compute.resource_tracker [req-524687b6-b0a0-42f6-b62e-c79862f34380 - - - - -] Compute_service record updated for host199:host199 _update_available_resource /usr/lib/python2.7/site-packages/nova/compute/resource_tracker.py:974
2020-03-27 14:21:48.639 1628361 DEBUG oslo_concurrency.lockutils [req-524687b6-b0a0-42f6-b62e-c79862f34380 - - - - -] Lock "compute_resources" released by "nova.compute.resource_tracker._update_available_resource" :: held 0.387s inner /usr/lib/python2.7/site-packages/oslo_concurrency/lockutils.py:339
2020-03-27 14:21:48.639 1628361 DEBUG oslo_service.periodic_task [req-524687b6-b0a0-42f6-b62e-c79862f34380 - - - - -] Running periodic task ComputeManager._poll_unconfirmed_resizes run_periodic_tasks /usr/lib/python2.7/site-packages/oslo_service/periodic_task.py:217
2020-03-27 14:22:09.867 1628361 DEBUG nova.objects.instance [req-a99c0fa3-1ece-434a-9b67-72bbf56ce66f 35608ad3c77a4668b6e34240a37178b0 cafec05053ef45138c9f5fc6aa3ea910 - default default] Lazy-loading 'vcpu_model' on Instance uuid 61428a2d-16ee-4a8a-aad8-6740b6c7feae obj_load_attr /usr/lib/python2.7/site-packages/nova/objects/instance.py:1086
2020-03-27 14:22:09.879 1628361 INFO nova.virt.libvirt.driver [req-a99c0fa3-1ece-434a-9b67-72bbf56ce66f 35608ad3c77a4668b6e34240a37178b0 cafec05053ef45138c9f5fc6aa3ea910 - default default] Instance launched has CPU info: {"vendor": "Intel", "features": ["pge", "avx", "xsaveopt", "clflush", "sep", "syscall", "tsc-deadline", "dtes64", "stibp", "msr", "fsgsbase", "xsave", "vmx", "erms", "xtpr", "cmov", "smep", "ssse3", "est", "pat", "monitor", "smx", "pbe", "lm", "tsc", "nx", "fxsr", "tm", "sse4.1", "pae", "sse4.2", "pclmuldq", "cx16", "pcid", "vme", "popcnt", "mmx", "osxsave", "cx8", "mce", "de", "rdtscp", "ht", "dca", "lahf_lm", "md-clear", "pdcm", "mca", "pdpe1gb", "apic", "sse", "f16c", "pse", "ds", "invtsc", "pni", "tm2", "aes", "sse2", "ss", "ds_cpl", "arat", "acpi", "spec-ctrl", "fpu", "ssbd", "pse36", "mtrr", "rdrand", "x2apic"], "model": "IvyBridge-IBRS", "arch": "x86_64", "nodes": 1, "topology": {"cores": 6, "cells": 1, "threads": 2, "sockets": 1}}
2020-03-27 14:22:09.880 1628361 DEBUG nova.virt.libvirt.driver [req-a99c0fa3-1ece-434a-9b67-72bbf56ce66f 35608ad3c77a4668b6e34240a37178b0 cafec05053ef45138c9f5fc6aa3ea910 - default default] [instance: 61428a2d-16ee-4a8a-aad8-6740b6c7feae] cpu compare xml: <cpu>
  <arch>x86_64</arch>
  <model>IvyBridge-IBRS</model>
  <vendor>Intel</vendor>
  <topology sockets="1" cores="6" threads="2"/>
  <feature name="acpi"/>
  <feature name="aes"/>
  <feature name="apic"/>
  <feature name="arat"/>
  <feature name="avx"/>
  <feature name="clflush"/>
  <feature name="cmov"/>
  <feature name="cx16"/>
  <feature name="cx8"/>
  <feature name="dca"/>
  <feature name="de"/>
  <feature name="ds"/>
  <feature name="ds_cpl"/>
  <feature name="dtes64"/>
  <feature name="erms"/>
  <feature name="est"/>
  <feature name="f16c"/>
  <feature name="fpu"/>
  <feature name="fsgsbase"/>
  <feature name="fxsr"/>
  <feature name="ht"/>
  <feature name="invtsc"/>
  <feature name="lahf_lm"/>
  <feature name="lm"/>
  <feature name="mca"/>
  <feature name="mce"/>
  <feature name="md-clear"/>
  <feature name="mmx"/>
  <feature name="monitor"/>
  <feature name="msr"/>
  <feature name="mtrr"/>
  <feature name="nx"/>
  <feature name="osxsave"/>
  <feature name="pae"/>
  <feature name="pat"/>
  <feature name="pbe"/>
  <feature name="pcid"/>
  <feature name="pclmuldq"/>
  <feature name="pdcm"/>
  <feature name="pdpe1gb"/>
  <feature name="pge"/>
  <feature name="pni"/>
  <feature name="popcnt"/>
  <feature name="pse"/>
  <feature name="pse36"/>
  <feature name="rdrand"/>
  <feature name="rdtscp"/>
  <feature name="sep"/>
  <feature name="smep"/>
  <feature name="smx"/>
  <feature name="spec-ctrl"/>
  <feature name="ss"/>
  <feature name="ssbd"/>
  <feature name="sse"/>
  <feature name="sse2"/>
  <feature name="sse4.1"/>
  <feature name="sse4.2"/>
  <feature name="ssse3"/>
  <feature name="stibp"/>
  <feature name="syscall"/>
  <feature name="tm"/>
  <feature name="tm2"/>
  <feature name="tsc"/>
  <feature name="tsc-deadline"/>
  <feature name="vme"/>
  <feature name="vmx"/>
  <feature name="x2apic"/>
  <feature name="xsave"/>
  <feature name="xsaveopt"/>
  <feature name="xtpr"/>
</cpu>
 _compare_cpu /usr/lib/python2.7/site-packages/nova/virt/libvirt/driver.py:8398
2020-03-27 14:22:09.883 1628361 DEBUG nova.virt.libvirt.driver [req-a99c0fa3-1ece-434a-9b67-72bbf56ce66f 35608ad3c77a4668b6e34240a37178b0 cafec05053ef45138c9f5fc6aa3ea910 - default default] [instance: 61428a2d-16ee-4a8a-aad8-6740b6c7feae] Creating tmpfile /var/lib/nova/instances/tmpw7UypE to notify to other compute nodes that they should mount the same storage. _create_shared_storage_test_file /usr/lib/python2.7/site-packages/nova/virt/libvirt/driver.py:8422
2020-03-27 14:22:09.884 1628361 DEBUG nova.compute.manager [req-a99c0fa3-1ece-434a-9b67-72bbf56ce66f 35608ad3c77a4668b6e34240a37178b0 cafec05053ef45138c9f5fc6aa3ea910 - default default] destination check data is LibvirtLiveMigrateData(bdms=<?>,block_migration=True,disk_available_mb=153600,disk_over_commit=True,dst_numa_info=<?>,dst_supports_numa_live_migration=<?>,dst_wants_file_backed_memory=False,file_backed_memory_discard=False,filename='tmpw7UypE',graphics_listen_addr_spice=0.0.0.0,graphics_listen_addr_vnc=0.0.0.0,image_type='default',instance_relative_path=<?>,is_shared_block_storage=<?>,is_shared_instance_path=<?>,is_volume_backed=<?>,migration=<?>,old_vol_attachment_ids=<?>,serial_listen_addr=None,serial_listen_ports=<?>,src_supports_native_luks=<?>,src_supports_numa_live_migration=<?>,supported_perf_events=<?>,target_connect_addr=<?>,vifs=<?>,wait_for_vif_plugged=<?>) check_can_live_migrate_destination /usr/lib/python2.7/site-packages/nova/compute/manager.py:6730
2020-03-27 14:22:11.604 1628361 DEBUG nova.compute.manager [req-a99c0fa3-1ece-434a-9b67-72bbf56ce66f 35608ad3c77a4668b6e34240a37178b0 cafec05053ef45138c9f5fc6aa3ea910 - default default] pre_live_migration data is LibvirtLiveMigrateData(bdms=<?>,block_migration=True,disk_available_mb=153600,disk_over_commit=True,dst_numa_info=<?>,dst_supports_numa_live_migration=<?>,dst_wants_file_backed_memory=False,file_backed_memory_discard=False,filename='tmpw7UypE',graphics_listen_addr_spice=0.0.0.0,graphics_listen_addr_vnc=0.0.0.0,image_type='default',instance_relative_path='61428a2d-16ee-4a8a-aad8-6740b6c7feae',is_shared_block_storage=False,is_shared_instance_path=False,is_volume_backed=True,migration=<?>,old_vol_attachment_ids=<?>,serial_listen_addr=None,serial_listen_ports=<?>,src_supports_native_luks=True,src_supports_numa_live_migration=<?>,supported_perf_events=<?>,target_connect_addr=<?>,vifs=[VIFMigrateData],wait_for_vif_plugged=<?>) pre_live_migration /usr/lib/python2.7/site-packages/nova/compute/manager.py:6854
2020-03-27 14:22:11.623 1628361 DEBUG oslo_concurrency.lockutils [req-a99c0fa3-1ece-434a-9b67-72bbf56ce66f 35608ad3c77a4668b6e34240a37178b0 cafec05053ef45138c9f5fc6aa3ea910 - default default] Acquired lock "refresh_cache-61428a2d-16ee-4a8a-aad8-6740b6c7feae" lock /usr/lib/python2.7/site-packages/oslo_concurrency/lockutils.py:265
2020-03-27 14:22:11.623 1628361 DEBUG nova.network.neutronv2.api [req-a99c0fa3-1ece-434a-9b67-72bbf56ce66f 35608ad3c77a4668b6e34240a37178b0 cafec05053ef45138c9f5fc6aa3ea910 - default default] [instance: 61428a2d-16ee-4a8a-aad8-6740b6c7feae] Building network info cache for instance _get_instance_nw_info /usr/lib/python2.7/site-packages/nova/network/neutronv2/api.py:1757
2020-03-27 14:22:12.252 1628361 DEBUG nova.network.base_api [req-a99c0fa3-1ece-434a-9b67-72bbf56ce66f 35608ad3c77a4668b6e34240a37178b0 cafec05053ef45138c9f5fc6aa3ea910 - default default] [instance: 61428a2d-16ee-4a8a-aad8-6740b6c7feae] Updating instance_info_cache with network_info: [{"profile": {}, "ovs_interfaceid": "cbee60a6-9374-4176-add7-f47b8c6cf64a", "preserve_on_delete": false, "network": {"bridge": "br-int", "subnets": [{"ips": [{"meta": {}, "version": 4, "type": "fixed", "floating_ips": [], "address": "192.168.3.106"}], "version": 4, "meta": {"dhcp_server": "192.168.3.100"}, "dns": [{"meta": {}, "version": 4, "type": "dns", "address": "8.8.8.8"}], "routes": [], "cidr": "192.168.3.0/24", "gateway": {"meta": {}, "version": 4, "type": "gateway", "address": "192.168.3.1"}}], "meta": {"injected": false, "tunneled": false, "tenant_id": "cafec05053ef45138c9f5fc6aa3ea910", "physical_network": "phynet-mgt", "mtu": 1500}, "id": "50250e01-91ff-468f-bc78-687030d9f8a3", "label": "netx"}, "devname": "tapcbee60a6-93", "vnic_type": "normal", "qbh_params": null, "meta": {}, "details": {"ovs_hybrid_plug": true, "bridge_name": "br-int", "datapath_type": "system", "port_filter": true, "connectivity": "l2"}, "address": "fa:16:3e:6d:c2:f5", "active": true, "type": "ovs", "id": "cbee60a6-9374-4176-add7-f47b8c6cf64a", "qbg_params": null}] update_instance_cache_with_nw_info /usr/lib/python2.7/site-packages/nova/network/base_api.py:47
2020-03-27 14:22:12.268 1628361 DEBUG oslo_concurrency.lockutils [req-a99c0fa3-1ece-434a-9b67-72bbf56ce66f 35608ad3c77a4668b6e34240a37178b0 cafec05053ef45138c9f5fc6aa3ea910 - default default] Releasing lock "refresh_cache-61428a2d-16ee-4a8a-aad8-6740b6c7feae" lock /usr/lib/python2.7/site-packages/oslo_concurrency/lockutils.py:281
2020-03-27 14:22:12.270 1628361 DEBUG os_brick.utils [req-a99c0fa3-1ece-434a-9b67-72bbf56ce66f 35608ad3c77a4668b6e34240a37178b0 cafec05053ef45138c9f5fc6aa3ea910 - default default] ==> get_connector_properties: call u"{'execute': None, 'my_ip': '192.222.1.199', 'enforce_multipath': True, 'host': 'host199', 'root_helper': 'sudo nova-rootwrap /etc/nova/rootwrap.conf', 'multipath': False}" trace_logging_wrapper /usr/lib/python2.7/site-packages/os_brick/utils.py:146
2020-03-27 14:22:12.271 1628361 INFO oslo.privsep.daemon [req-a99c0fa3-1ece-434a-9b67-72bbf56ce66f 35608ad3c77a4668b6e34240a37178b0 cafec05053ef45138c9f5fc6aa3ea910 - default default] Running privsep helper: ['sudo', 'nova-rootwrap', '/etc/nova/rootwrap.conf', 'privsep-helper', '--config-file', '/usr/share/nova/nova-dist.conf', '--config-file', '/etc/nova/nova.conf', '--privsep_context', 'os_brick.privileged.default', '--privsep_sock_path', '/tmp/tmpOC88Sj/privsep.sock']
2020-03-27 14:22:13.570 1628361 INFO oslo.privsep.daemon [req-a99c0fa3-1ece-434a-9b67-72bbf56ce66f 35608ad3c77a4668b6e34240a37178b0 cafec05053ef45138c9f5fc6aa3ea910 - default default] Spawned new privsep daemon via rootwrap
2020-03-27 14:22:13.492 1639331 INFO oslo.privsep.daemon [-] privsep daemon starting
2020-03-27 14:22:13.496 1639331 INFO oslo.privsep.daemon [-] privsep process running with uid/gid: 0/0
2020-03-27 14:22:13.501 1639331 INFO oslo.privsep.daemon [-] privsep process running with capabilities (eff/prm/inh): CAP_SYS_ADMIN/CAP_SYS_ADMIN/none
2020-03-27 14:22:13.501 1639331 INFO oslo.privsep.daemon [-] privsep daemon running as pid 1639331
2020-03-27 14:22:13.711 1628361 DEBUG os_brick.initiator.linuxfc [req-a99c0fa3-1ece-434a-9b67-72bbf56ce66f 35608ad3c77a4668b6e34240a37178b0 cafec05053ef45138c9f5fc6aa3ea910 - default default] No Fibre Channel support detected on system. get_fc_hbas /usr/lib/python2.7/site-packages/os_brick/initiator/linuxfc.py:134
2020-03-27 14:22:13.712 1628361 DEBUG os_brick.initiator.linuxfc [req-a99c0fa3-1ece-434a-9b67-72bbf56ce66f 35608ad3c77a4668b6e34240a37178b0 cafec05053ef45138c9f5fc6aa3ea910 - default default] No Fibre Channel support detected on system. get_fc_hbas /usr/lib/python2.7/site-packages/os_brick/initiator/linuxfc.py:134
2020-03-27 14:22:13.722 1628361 DEBUG os_brick.utils [req-a99c0fa3-1ece-434a-9b67-72bbf56ce66f 35608ad3c77a4668b6e34240a37178b0 cafec05053ef45138c9f5fc6aa3ea910 - default default] <== get_connector_properties: return (1448ms) {'initiator': u'iqn.1994-05.com.redhat:fa5a47fd42af', 'ip': u'192.222.1.199', 'system uuid': u'03000200-0400-0500-0006-000700080009', 'platform': u'x86_64', 'host': u'host199', 'do_local_attach': False, 'os_type': u'linux2', 'multipath': False} trace_logging_wrapper /usr/lib/python2.7/site-packages/os_brick/utils.py:170
2020-03-27 14:22:13.723 1628361 DEBUG os_brick.utils [req-a99c0fa3-1ece-434a-9b67-72bbf56ce66f 35608ad3c77a4668b6e34240a37178b0 cafec05053ef45138c9f5fc6aa3ea910 - default default] ==> get_connector_properties: call u"{'execute': None, 'my_ip': '192.222.1.199', 'enforce_multipath': True, 'host': 'host199', 'root_helper': 'sudo nova-rootwrap /etc/nova/rootwrap.conf', 'multipath': False}" trace_logging_wrapper /usr/lib/python2.7/site-packages/os_brick/utils.py:146
2020-03-27 14:22:13.731 1628361 DEBUG os_brick.initiator.linuxfc [req-a99c0fa3-1ece-434a-9b67-72bbf56ce66f 35608ad3c77a4668b6e34240a37178b0 cafec05053ef45138c9f5fc6aa3ea910 - default default] No Fibre Channel support detected on system. get_fc_hbas /usr/lib/python2.7/site-packages/os_brick/initiator/linuxfc.py:134
2020-03-27 14:22:13.731 1628361 DEBUG os_brick.initiator.linuxfc [req-a99c0fa3-1ece-434a-9b67-72bbf56ce66f 35608ad3c77a4668b6e34240a37178b0 cafec05053ef45138c9f5fc6aa3ea910 - default default] No Fibre Channel support detected on system. get_fc_hbas /usr/lib/python2.7/site-packages/os_brick/initiator/linuxfc.py:134
2020-03-27 14:22:13.740 1628361 DEBUG os_brick.utils [req-a99c0fa3-1ece-434a-9b67-72bbf56ce66f 35608ad3c77a4668b6e34240a37178b0 cafec05053ef45138c9f5fc6aa3ea910 - default default] <== get_connector_properties: return (15ms) {'initiator': u'iqn.1994-05.com.redhat:fa5a47fd42af', 'ip': u'192.222.1.199', 'system uuid': u'03000200-0400-0500-0006-000700080009', 'platform': u'x86_64', 'host': u'host199', 'do_local_attach': False, 'os_type': u'linux2', 'multipath': False} trace_logging_wrapper /usr/lib/python2.7/site-packages/os_brick/utils.py:170
2020-03-27 14:22:14.625 1628361 DEBUG nova.virt.libvirt.driver [req-a99c0fa3-1ece-434a-9b67-72bbf56ce66f 35608ad3c77a4668b6e34240a37178b0 cafec05053ef45138c9f5fc6aa3ea910 - default default] [instance: 61428a2d-16ee-4a8a-aad8-6740b6c7feae] migrate_data in pre_live_migration: LibvirtLiveMigrateData(bdms=<?>,block_migration=True,disk_available_mb=153600,disk_over_commit=True,dst_numa_info=<?>,dst_supports_numa_live_migration=<?>,dst_wants_file_backed_memory=False,file_backed_memory_discard=False,filename='tmpw7UypE',graphics_listen_addr_spice=0.0.0.0,graphics_listen_addr_vnc=0.0.0.0,image_type='default',instance_relative_path='61428a2d-16ee-4a8a-aad8-6740b6c7feae',is_shared_block_storage=False,is_shared_instance_path=False,is_volume_backed=True,migration=<?>,old_vol_attachment_ids={},serial_listen_addr=None,serial_listen_ports=<?>,src_supports_native_luks=True,src_supports_numa_live_migration=<?>,supported_perf_events=<?>,target_connect_addr=<?>,vifs=[VIFMigrateData],wait_for_vif_plugged=<?>) pre_live_migration /usr/lib/python2.7/site-packages/nova/virt/libvirt/driver.py:9200
2020-03-27 14:22:14.626 1628361 DEBUG nova.virt.libvirt.driver [req-a99c0fa3-1ece-434a-9b67-72bbf56ce66f 35608ad3c77a4668b6e34240a37178b0 cafec05053ef45138c9f5fc6aa3ea910 - default default] [instance: 61428a2d-16ee-4a8a-aad8-6740b6c7feae] Creating instance directory: /var/lib/nova/instances/61428a2d-16ee-4a8a-aad8-6740b6c7feae pre_live_migration /usr/lib/python2.7/site-packages/nova/virt/libvirt/driver.py:9213
2020-03-27 14:22:14.627 1628361 DEBUG nova.virt.libvirt.driver [req-a99c0fa3-1ece-434a-9b67-72bbf56ce66f 35608ad3c77a4668b6e34240a37178b0 cafec05053ef45138c9f5fc6aa3ea910 - default default] [instance: 61428a2d-16ee-4a8a-aad8-6740b6c7feae] Creating disk.info with the contents: {u'/var/lib/nova/instances/61428a2d-16ee-4a8a-aad8-6740b6c7feae/disk.config': u'raw'} pre_live_migration /usr/lib/python2.7/site-packages/nova/virt/libvirt/driver.py:9227
2020-03-27 14:22:14.627 1628361 DEBUG nova.virt.libvirt.driver [req-a99c0fa3-1ece-434a-9b67-72bbf56ce66f 35608ad3c77a4668b6e34240a37178b0 cafec05053ef45138c9f5fc6aa3ea910 - default default] [instance: 61428a2d-16ee-4a8a-aad8-6740b6c7feae] Checking to make sure images and backing files are present before live migration. pre_live_migration /usr/lib/python2.7/site-packages/nova/virt/libvirt/driver.py:9237
2020-03-27 14:22:14.628 1628361 DEBUG oslo_concurrency.processutils [req-a99c0fa3-1ece-434a-9b67-72bbf56ce66f 35608ad3c77a4668b6e34240a37178b0 cafec05053ef45138c9f5fc6aa3ea910 - default default] Running cmd (subprocess): qemu-img create -f raw /var/lib/nova/instances/61428a2d-16ee-4a8a-aad8-6740b6c7feae/disk.config 481280 execute /usr/lib/python2.7/site-packages/oslo_concurrency/processutils.py:372
2020-03-27 14:22:14.671 1628361 DEBUG oslo_concurrency.processutils [req-a99c0fa3-1ece-434a-9b67-72bbf56ce66f 35608ad3c77a4668b6e34240a37178b0 cafec05053ef45138c9f5fc6aa3ea910 - default default] CMD "qemu-img create -f raw /var/lib/nova/instances/61428a2d-16ee-4a8a-aad8-6740b6c7feae/disk.config 481280" returned: 0 in 0.043s execute /usr/lib/python2.7/site-packages/oslo_concurrency/processutils.py:409
2020-03-27 14:22:14.673 1628361 DEBUG nova.virt.libvirt.volume.remotefs [req-a99c0fa3-1ece-434a-9b67-72bbf56ce66f 35608ad3c77a4668b6e34240a37178b0 cafec05053ef45138c9f5fc6aa3ea910 - default default] Copying file host177:/var/lib/nova/instances/61428a2d-16ee-4a8a-aad8-6740b6c7feae/disk.config to /var/lib/nova/instances/61428a2d-16ee-4a8a-aad8-6740b6c7feae copy_file /usr/lib/python2.7/site-packages/nova/virt/libvirt/volume/remotefs.py:105
2020-03-27 14:22:14.673 1628361 DEBUG oslo_concurrency.processutils [req-a99c0fa3-1ece-434a-9b67-72bbf56ce66f 35608ad3c77a4668b6e34240a37178b0 cafec05053ef45138c9f5fc6aa3ea910 - default default] Running cmd (subprocess): scp -r host177:/var/lib/nova/instances/61428a2d-16ee-4a8a-aad8-6740b6c7feae/disk.config /var/lib/nova/instances/61428a2d-16ee-4a8a-aad8-6740b6c7feae execute /usr/lib/python2.7/site-packages/oslo_concurrency/processutils.py:372
2020-03-27 14:22:14.890 1628361 DEBUG oslo_concurrency.processutils [req-a99c0fa3-1ece-434a-9b67-72bbf56ce66f 35608ad3c77a4668b6e34240a37178b0 cafec05053ef45138c9f5fc6aa3ea910 - default default] CMD "scp -r host177:/var/lib/nova/instances/61428a2d-16ee-4a8a-aad8-6740b6c7feae/disk.config /var/lib/nova/instances/61428a2d-16ee-4a8a-aad8-6740b6c7feae" returned: 0 in 0.217s execute /usr/lib/python2.7/site-packages/oslo_concurrency/processutils.py:409
2020-03-27 14:22:14.891 1628361 DEBUG nova.virt.libvirt.driver [req-a99c0fa3-1ece-434a-9b67-72bbf56ce66f 35608ad3c77a4668b6e34240a37178b0 cafec05053ef45138c9f5fc6aa3ea910 - default default] [instance: 61428a2d-16ee-4a8a-aad8-6740b6c7feae] Connecting volumes before live migration. pre_live_migration /usr/lib/python2.7/site-packages/nova/virt/libvirt/driver.py:9274
2020-03-27 14:22:14.892 1628361 DEBUG nova.virt.libvirt.volume.mount [req-a99c0fa3-1ece-434a-9b67-72bbf56ce66f 35608ad3c77a4668b6e34240a37178b0 cafec05053ef45138c9f5fc6aa3ea910 - default default] Got _HostMountState generation 0 get_state /usr/lib/python2.7/site-packages/nova/virt/libvirt/volume/mount.py:94
2020-03-27 14:22:14.892 1628361 DEBUG nova.virt.libvirt.volume.mount [req-a99c0fa3-1ece-434a-9b67-72bbf56ce66f 35608ad3c77a4668b6e34240a37178b0 cafec05053ef45138c9f5fc6aa3ea910 - default default] _HostMountState.mount(fstype=nfs, export=host199:/var/lib/nova/nfsbackend, vol_name=volume-d5aad8a9-e36b-48d4-989e-350905f3816e, /var/lib/nova/mnt/fbc87c5fcc7e0a563912012f22a0a755, options=[]) generation 0 mount /usr/lib/python2.7/site-packages/nova/virt/libvirt/volume/mount.py:294
2020-03-27 14:22:14.893 1628361 DEBUG nova.virt.libvirt.volume.mount [req-a99c0fa3-1ece-434a-9b67-72bbf56ce66f 35608ad3c77a4668b6e34240a37178b0 cafec05053ef45138c9f5fc6aa3ea910 - default default] Mounting /var/lib/nova/mnt/fbc87c5fcc7e0a563912012f22a0a755 generation 0, mountpoint already mounted mount /usr/lib/python2.7/site-packages/nova/virt/libvirt/volume/mount.py:299
2020-03-27 14:22:14.894 1628361 DEBUG nova.virt.libvirt.volume.mount [req-a99c0fa3-1ece-434a-9b67-72bbf56ce66f 35608ad3c77a4668b6e34240a37178b0 cafec05053ef45138c9f5fc6aa3ea910 - default default] _HostMountState.mount() for /var/lib/nova/mnt/fbc87c5fcc7e0a563912012f22a0a755 generation 0 completed successfully mount /usr/lib/python2.7/site-packages/nova/virt/libvirt/volume/mount.py:337
2020-03-27 14:22:14.896 1628361 DEBUG nova.virt.libvirt.driver [req-a99c0fa3-1ece-434a-9b67-72bbf56ce66f 35608ad3c77a4668b6e34240a37178b0 cafec05053ef45138c9f5fc6aa3ea910 - default default] [instance: 61428a2d-16ee-4a8a-aad8-6740b6c7feae] Plugging VIFs using destination host port bindings before live migration. _pre_live_migration_plug_vifs /usr/lib/python2.7/site-packages/nova/virt/libvirt/driver.py:9167
2020-03-27 14:22:14.898 1628361 DEBUG nova.virt.libvirt.vif [req-a99c0fa3-1ece-434a-9b67-72bbf56ce66f 35608ad3c77a4668b6e34240a37178b0 cafec05053ef45138c9f5fc6aa3ea910 - default default] vif_type=ovs instance=Instance(access_ip_v4=None,access_ip_v6=None,architecture=None,auto_disk_config=True,availability_zone='nova',cell_name=None,cleaned=False,config_drive='True',created_at=2020-03-27T06:19:42Z,default_ephemeral_device=None,default_swap_device=None,deleted=False,deleted_at=None,device_metadata=<?>,disable_terminate=False,display_description=None,display_name='moff',ec2_ids=<?>,ephemeral_gb=0,ephemeral_key_uuid=None,fault=<?>,flavor=Flavor(2),hidden=False,host='host177',hostname='moff',id=15,image_ref='',info_cache=InstanceInfoCache,instance_type_id=2,kernel_id='',key_data='ssh-rsa AAAAB3NzaC1yc2EAAAADAQABAAABAQDK9qpg1e5ZF9b1y04cRDdkWTWhIYJnmJicA/t6Rv8itGWo5AmI5+GxcQTUXN7btVVdneBfp0h5XcC7c9VCT+/Q1ZtXs2hPxJBT1/ahF89qrPGbUy3eXKVMpwagpZ3NYOVv//+rK2woaEJgG9K+FqSbQ3EVqQ0bdUnYC+Nbmr5PNz5TjbNNfw4yLT6oNwJ6BdqgUw+vxBdACIcxVvQV6vyQ/WH7oj5pDsnR1SofTGrYWM7EE2qMDZFl9dH3uLq6Y1GIgYUkEQSRzcB47S3KX6dA6qxD7OXSwn/hdDRAQxYiM6DG3McfGhq5aYlCXj0ZLcGmCWSpsZkYhLYlgY4Iqw8b Generated-by-Nova',key_name='key-dash',keypairs=<?>,launch_index=0,launched_at=2020-03-27T06:20:12Z,launched_on='host177',locked=False,locked_by=None,memory_mb=2048,metadata={},migration_context=<?>,new_flavor=None,node='host177',numa_topology=None,old_flavor=None,os_type=None,pci_devices=<?>,pci_requests=InstancePCIRequests,power_state=1,progress=0,project_id='cafec05053ef45138c9f5fc6aa3ea910',ramdisk_id='',reservation_id='r-ciin8gux',resources=<?>,root_device_name='/dev/vda',root_gb=0,security_groups=SecurityGroupList,services=<?>,shutdown_terminate=False,system_metadata={boot_roles='reader,admin,member',image_base_image_ref='',image_container_format='bare',image_disk_format='qcow2',image_min_disk='8',image_min_ram='0',owner_project_name='admin',owner_user_name='admin'},tags=<?>,task_state='migrating',terminated_at=None,trusted_certs=<?>,updated_at=2020-03-27T06:20:18Z,user_data=None,user_id='35608ad3c77a4668b6e34240a37178b0',uuid=61428a2d-16ee-4a8a-aad8-6740b6c7feae,vcpu_model=<?>,vcpus=1,vm_mode=None,vm_state='active') vif={"profile": {}, "ovs_interfaceid": "cbee60a6-9374-4176-add7-f47b8c6cf64a", "preserve_on_delete": false, "network": {"bridge": "br-int", "label": "netx", "meta": {"injected": false, "tunneled": false, "tenant_id": "cafec05053ef45138c9f5fc6aa3ea910", "physical_network": "phynet-mgt", "mtu": 1500}, "id": "50250e01-91ff-468f-bc78-687030d9f8a3", "subnets": [{"ips": [{"meta": {}, "type": "fixed", "version": 4, "address": "192.168.3.106", "floating_ips": []}], "version": 4, "meta": {"dhcp_server": "192.168.3.100"}, "dns": [{"meta": {}, "type": "dns", "version": 4, "address": "8.8.8.8"}], "routes": [], "cidr": "192.168.3.0/24", "gateway": {"meta": {}, "type": "gateway", "version": 4, "address": "192.168.3.1"}}]}, "devname": "tapcbee60a6-93", "qbh_params": null, "vnic_type": "normal", "meta": {}, "details": {"ovs_hybrid_plug": true, "connectivity": "l2", "bridge_name": "br-int", "datapath_type": "system", "port_filter": true}, "address": "fa:16:3e:6d:c2:f5", "active": false, "type": "ovs", "id": "cbee60a6-9374-4176-add7-f47b8c6cf64a", "qbg_params": null} plug /usr/lib/python2.7/site-packages/nova/virt/libvirt/vif.py:714
2020-03-27 14:22:14.899 1628361 DEBUG nova.network.os_vif_util [req-a99c0fa3-1ece-434a-9b67-72bbf56ce66f 35608ad3c77a4668b6e34240a37178b0 cafec05053ef45138c9f5fc6aa3ea910 - default default] Converting VIF {"profile": {}, "ovs_interfaceid": "cbee60a6-9374-4176-add7-f47b8c6cf64a", "preserve_on_delete": false, "network": {"bridge": "br-int", "label": "netx", "meta": {"injected": false, "tunneled": false, "tenant_id": "cafec05053ef45138c9f5fc6aa3ea910", "physical_network": "phynet-mgt", "mtu": 1500}, "id": "50250e01-91ff-468f-bc78-687030d9f8a3", "subnets": [{"ips": [{"meta": {}, "type": "fixed", "version": 4, "address": "192.168.3.106", "floating_ips": []}], "version": 4, "meta": {"dhcp_server": "192.168.3.100"}, "dns": [{"meta": {}, "type": "dns", "version": 4, "address": "8.8.8.8"}], "routes": [], "cidr": "192.168.3.0/24", "gateway": {"meta": {}, "type": "gateway", "version": 4, "address": "192.168.3.1"}}]}, "devname": "tapcbee60a6-93", "qbh_params": null, "vnic_type": "normal", "meta": {}, "details": {"ovs_hybrid_plug": true, "connectivity": "l2", "bridge_name": "br-int", "datapath_type": "system", "port_filter": true}, "address": "fa:16:3e:6d:c2:f5", "active": false, "type": "ovs", "id": "cbee60a6-9374-4176-add7-f47b8c6cf64a", "qbg_params": null} nova_to_osvif_vif /usr/lib/python2.7/site-packages/nova/network/os_vif_util.py:516
2020-03-27 14:22:14.901 1628361 DEBUG nova.network.os_vif_util [req-a99c0fa3-1ece-434a-9b67-72bbf56ce66f 35608ad3c77a4668b6e34240a37178b0 cafec05053ef45138c9f5fc6aa3ea910 - default default] Converted object VIFBridge(active=False,address=fa:16:3e:6d:c2:f5,bridge_name='qbrcbee60a6-93',has_traffic_filtering=True,id=cbee60a6-9374-4176-add7-f47b8c6cf64a,network=Network(50250e01-91ff-468f-bc78-687030d9f8a3),plugin='ovs',port_profile=VIFPortProfileOpenVSwitch,preserve_on_delete=False,vif_name='tapcbee60a6-93') nova_to_osvif_vif /usr/lib/python2.7/site-packages/nova/network/os_vif_util.py:553
2020-03-27 14:22:14.901 1628361 DEBUG os_vif [req-a99c0fa3-1ece-434a-9b67-72bbf56ce66f 35608ad3c77a4668b6e34240a37178b0 cafec05053ef45138c9f5fc6aa3ea910 - default default] Plugging vif VIFBridge(active=False,address=fa:16:3e:6d:c2:f5,bridge_name='qbrcbee60a6-93',has_traffic_filtering=True,id=cbee60a6-9374-4176-add7-f47b8c6cf64a,network=Network(50250e01-91ff-468f-bc78-687030d9f8a3),plugin='ovs',port_profile=VIFPortProfileOpenVSwitch,preserve_on_delete=False,vif_name='tapcbee60a6-93') plug /usr/lib/python2.7/site-packages/os_vif/__init__.py:76
2020-03-27 14:22:15.207 1628361 INFO os_vif [req-a99c0fa3-1ece-434a-9b67-72bbf56ce66f 35608ad3c77a4668b6e34240a37178b0 cafec05053ef45138c9f5fc6aa3ea910 - default default] Successfully plugged vif VIFBridge(active=False,address=fa:16:3e:6d:c2:f5,bridge_name='qbrcbee60a6-93',has_traffic_filtering=True,id=cbee60a6-9374-4176-add7-f47b8c6cf64a,network=Network(50250e01-91ff-468f-bc78-687030d9f8a3),plugin='ovs',port_profile=VIFPortProfileOpenVSwitch,preserve_on_delete=False,vif_name='tapcbee60a6-93')
2020-03-27 14:22:15.211 1628361 DEBUG nova.compute.manager [req-a99c0fa3-1ece-434a-9b67-72bbf56ce66f 35608ad3c77a4668b6e34240a37178b0 cafec05053ef45138c9f5fc6aa3ea910 - default default] driver pre_live_migration data is LibvirtLiveMigrateData(bdms=[LibvirtLiveMigrateBDMInfo],block_migration=True,disk_available_mb=153600,disk_over_commit=True,dst_numa_info=<?>,dst_supports_numa_live_migration=<?>,dst_wants_file_backed_memory=False,file_backed_memory_discard=False,filename='tmpw7UypE',graphics_listen_addr_spice=0.0.0.0,graphics_listen_addr_vnc=0.0.0.0,image_type='default',instance_relative_path='61428a2d-16ee-4a8a-aad8-6740b6c7feae',is_shared_block_storage=False,is_shared_instance_path=False,is_volume_backed=True,migration=<?>,old_vol_attachment_ids={},serial_listen_addr=None,serial_listen_ports=[],src_supports_native_luks=True,src_supports_numa_live_migration=<?>,supported_perf_events=[],target_connect_addr=None,vifs=[VIFMigrateData],wait_for_vif_plugged=<?>) pre_live_migration /usr/lib/python2.7/site-packages/nova/compute/manager.py:6911
2020-03-27 14:22:16.923 1628361 DEBUG nova.network.neutronv2.api [req-a99c0fa3-1ece-434a-9b67-72bbf56ce66f 35608ad3c77a4668b6e34240a37178b0 cafec05053ef45138c9f5fc6aa3ea910 - default default] [instance: 61428a2d-16ee-4a8a-aad8-6740b6c7feae] Port cbee60a6-9374-4176-add7-f47b8c6cf64a updated with migration profile {'migrating_to': 'host199'} successfully _setup_migration_port_profile /usr/lib/python2.7/site-packages/nova/network/neutronv2/api.py:300
2020-03-27 14:22:16.926 1628361 DEBUG nova.compute.manager [req-a99c0fa3-1ece-434a-9b67-72bbf56ce66f 35608ad3c77a4668b6e34240a37178b0 cafec05053ef45138c9f5fc6aa3ea910 - default default] pre_live_migration result data is LibvirtLiveMigrateData(bdms=[LibvirtLiveMigrateBDMInfo],block_migration=True,disk_available_mb=153600,disk_over_commit=True,dst_numa_info=<?>,dst_supports_numa_live_migration=<?>,dst_wants_file_backed_memory=False,file_backed_memory_discard=False,filename='tmpw7UypE',graphics_listen_addr_spice=0.0.0.0,graphics_listen_addr_vnc=0.0.0.0,image_type='default',instance_relative_path='61428a2d-16ee-4a8a-aad8-6740b6c7feae',is_shared_block_storage=False,is_shared_instance_path=False,is_volume_backed=True,migration=<?>,old_vol_attachment_ids={},serial_listen_addr=None,serial_listen_ports=[],src_supports_native_luks=True,src_supports_numa_live_migration=<?>,supported_perf_events=[],target_connect_addr=None,vifs=[VIFMigrateData],wait_for_vif_plugged=True) pre_live_migration /usr/lib/python2.7/site-packages/nova/compute/manager.py:6962
2020-03-27 14:22:18.214 1628361 DEBUG nova.virt.driver [req-925719a2-4a58-454b-a588-96e9af8a39a7 - - - - -] Emitting event <LifecycleEvent: 1585290138.21, 61428a2d-16ee-4a8a-aad8-6740b6c7feae => Started> emit_event /usr/lib/python2.7/site-packages/nova/virt/driver.py:1709
2020-03-27 14:22:18.215 1628361 INFO nova.compute.manager [req-925719a2-4a58-454b-a588-96e9af8a39a7 - - - - -] [instance: 61428a2d-16ee-4a8a-aad8-6740b6c7feae] VM Started (Lifecycle Event)
2020-03-27 14:22:18.265 1628361 DEBUG nova.compute.manager [req-925719a2-4a58-454b-a588-96e9af8a39a7 - - - - -] [instance: 61428a2d-16ee-4a8a-aad8-6740b6c7feae] Checking state _get_power_state /usr/lib/python2.7/site-packages/nova/compute/manager.py:1481
2020-03-27 14:22:35.653 1628361 DEBUG oslo_service.periodic_task [req-524687b6-b0a0-42f6-b62e-c79862f34380 - - - - -] Running periodic task ComputeManager._poll_rebooting_instances run_periodic_tasks /usr/lib/python2.7/site-packages/oslo_service/periodic_task.py:217
2020-03-27 14:22:37.998 1628361 DEBUG oslo_service.periodic_task [req-524687b6-b0a0-42f6-b62e-c79862f34380 - - - - -] Running periodic task ComputeManager._check_instance_build_time run_periodic_tasks /usr/lib/python2.7/site-packages/oslo_service/periodic_task.py:217
2020-03-27 14:22:39.002 1628361 DEBUG oslo_service.periodic_task [req-524687b6-b0a0-42f6-b62e-c79862f34380 - - - - -] Running periodic task ComputeManager._heal_instance_info_cache run_periodic_tasks /usr/lib/python2.7/site-packages/oslo_service/periodic_task.py:217
2020-03-27 14:22:39.003 1628361 DEBUG nova.compute.manager [req-524687b6-b0a0-42f6-b62e-c79862f34380 - - - - -] Starting heal instance info cache _heal_instance_info_cache /usr/lib/python2.7/site-packages/nova/compute/manager.py:7952
2020-03-27 14:22:39.129 1628361 DEBUG oslo_concurrency.lockutils [req-524687b6-b0a0-42f6-b62e-c79862f34380 - - - - -] Acquired lock "refresh_cache-30b12d9a-f4f3-474f-8649-17ac5cfd927a" lock /usr/lib/python2.7/site-packages/oslo_concurrency/lockutils.py:265
2020-03-27 14:22:39.130 1628361 DEBUG nova.network.neutronv2.api [req-524687b6-b0a0-42f6-b62e-c79862f34380 - - - - -] [instance: 30b12d9a-f4f3-474f-8649-17ac5cfd927a] Forcefully refreshing network info cache for instance _get_instance_nw_info /usr/lib/python2.7/site-packages/nova/network/neutronv2/api.py:1751
2020-03-27 14:22:39.779 1628361 DEBUG nova.network.base_api [req-524687b6-b0a0-42f6-b62e-c79862f34380 - - - - -] [instance: 30b12d9a-f4f3-474f-8649-17ac5cfd927a] Updating instance_info_cache with network_info: [{"profile": {}, "ovs_interfaceid": "7965992c-6cce-4b68-9fef-45e115902730", "preserve_on_delete": false, "network": {"bridge": "br-int", "subnets": [{"ips": [{"meta": {}, "version": 4, "type": "fixed", "floating_ips": [], "address": "192.168.3.104"}], "version": 4, "meta": {"dhcp_server": "192.168.3.100"}, "dns": [{"meta": {}, "version": 4, "type": "dns", "address": "8.8.8.8"}], "routes": [], "cidr": "192.168.3.0/24", "gateway": {"meta": {}, "version": 4, "type": "gateway", "address": "192.168.3.1"}}], "meta": {"injected": false, "tunneled": false, "tenant_id": "cafec05053ef45138c9f5fc6aa3ea910", "physical_network": "phynet-mgt", "mtu": 1500}, "id": "50250e01-91ff-468f-bc78-687030d9f8a3", "label": "netx"}, "devname": "tap7965992c-6c", "vnic_type": "normal", "qbh_params": null, "meta": {}, "details": {"ovs_hybrid_plug": true, "bridge_name": "br-int", "datapath_type": "system", "port_filter": true, "connectivity": "l2"}, "address": "fa:16:3e:87:63:d9", "active": true, "type": "ovs", "id": "7965992c-6cce-4b68-9fef-45e115902730", "qbg_params": null}] update_instance_cache_with_nw_info /usr/lib/python2.7/site-packages/nova/network/base_api.py:47
2020-03-27 14:22:39.796 1628361 DEBUG oslo_concurrency.lockutils [req-524687b6-b0a0-42f6-b62e-c79862f34380 - - - - -] Releasing lock "refresh_cache-30b12d9a-f4f3-474f-8649-17ac5cfd927a" lock /usr/lib/python2.7/site-packages/oslo_concurrency/lockutils.py:281
2020-03-27 14:22:39.796 1628361 DEBUG nova.compute.manager [req-524687b6-b0a0-42f6-b62e-c79862f34380 - - - - -] [instance: 30b12d9a-f4f3-474f-8649-17ac5cfd927a] Updated the network info_cache for instance _heal_instance_info_cache /usr/lib/python2.7/site-packages/nova/compute/manager.py:8024
2020-03-27 14:22:41.797 1628361 DEBUG oslo_service.periodic_task [req-524687b6-b0a0-42f6-b62e-c79862f34380 - - - - -] Running periodic task ComputeManager._poll_volume_usage run_periodic_tasks /usr/lib/python2.7/site-packages/oslo_service/periodic_task.py:217
2020-03-27 14:22:45.998 1628361 DEBUG oslo_service.periodic_task [req-524687b6-b0a0-42f6-b62e-c79862f34380 - - - - -] Running periodic task ComputeManager._sync_scheduler_instance_info run_periodic_tasks /usr/lib/python2.7/site-packages/oslo_service/periodic_task.py:217
2020-03-27 14:22:46.038 1628361 DEBUG oslo_service.periodic_task [req-524687b6-b0a0-42f6-b62e-c79862f34380 - - - - -] Running periodic task ComputeManager._instance_usage_audit run_periodic_tasks /usr/lib/python2.7/site-packages/oslo_service/periodic_task.py:217
2020-03-27 14:22:47.002 1628361 DEBUG oslo_service.periodic_task [req-524687b6-b0a0-42f6-b62e-c79862f34380 - - - - -] Running periodic task ComputeManager._reclaim_queued_deletes run_periodic_tasks /usr/lib/python2.7/site-packages/oslo_service/periodic_task.py:217
2020-03-27 14:22:47.003 1628361 DEBUG nova.compute.manager [req-524687b6-b0a0-42f6-b62e-c79862f34380 - - - - -] CONF.reclaim_instance_interval <= 0, skipping... _reclaim_queued_deletes /usr/lib/python2.7/site-packages/nova/compute/manager.py:8641
2020-03-27 14:22:47.003 1628361 DEBUG oslo_service.periodic_task [req-524687b6-b0a0-42f6-b62e-c79862f34380 - - - - -] Running periodic task ComputeManager._poll_rescued_instances run_periodic_tasks /usr/lib/python2.7/site-packages/oslo_service/periodic_task.py:217
2020-03-27 14:22:48.002 1628361 DEBUG oslo_service.periodic_task [req-524687b6-b0a0-42f6-b62e-c79862f34380 - - - - -] Running periodic task ComputeManager._poll_unconfirmed_resizes run_periodic_tasks /usr/lib/python2.7/site-packages/oslo_service/periodic_task.py:217
2020-03-27 14:22:49.016 1628361 DEBUG oslo_service.periodic_task [req-524687b6-b0a0-42f6-b62e-c79862f34380 - - - - -] Running periodic task ComputeManager.update_available_resource run_periodic_tasks /usr/lib/python2.7/site-packages/oslo_service/periodic_task.py:217
2020-03-27 14:22:49.038 1628361 DEBUG nova.compute.resource_tracker [req-524687b6-b0a0-42f6-b62e-c79862f34380 - - - - -] Auditing locally available compute resources for host199 (node: host199) update_available_resource /usr/lib/python2.7/site-packages/nova/compute/resource_tracker.py:870
2020-03-27 14:22:49.158 1628361 DEBUG nova.virt.libvirt.driver [req-524687b6-b0a0-42f6-b62e-c79862f34380 - - - - -] skipping disk /var/lib/nova/nfsbackend/volume-9b3a6c53-2627-4b0a-89a0-cc7e67d44c74 (vda) as it is a volume _get_instance_disk_info_from_config /usr/lib/python2.7/site-packages/nova/virt/libvirt/driver.py:9567
2020-03-27 14:22:49.162 1628361 DEBUG nova.virt.libvirt.driver [req-524687b6-b0a0-42f6-b62e-c79862f34380 - - - - -] skipping disk /var/lib/nova/nfsbackend/volume-20272b5e-d4aa-4455-aa82-12add69bebca (vda) as it is a volume _get_instance_disk_info_from_config /usr/lib/python2.7/site-packages/nova/virt/libvirt/driver.py:9567
2020-03-27 14:22:49.166 1628361 DEBUG nova.virt.libvirt.driver [req-524687b6-b0a0-42f6-b62e-c79862f34380 - - - - -] skipping disk /var/lib/nova/nfsbackend/volume-cef50787-2903-483a-8dd5-3c654309eb2e (vda) as it is a volume _get_instance_disk_info_from_config /usr/lib/python2.7/site-packages/nova/virt/libvirt/driver.py:9567
2020-03-27 14:22:49.170 1628361 DEBUG nova.virt.libvirt.driver [req-524687b6-b0a0-42f6-b62e-c79862f34380 - - - - -] skipping disk /var/lib/nova/nfsbackend/volume-d5aad8a9-e36b-48d4-989e-350905f3816e (vda) as it is a volume _get_instance_disk_info_from_config /usr/lib/python2.7/site-packages/nova/virt/libvirt/driver.py:9567
2020-03-27 14:22:49.315 1628361 DEBUG nova.compute.resource_tracker [req-524687b6-b0a0-42f6-b62e-c79862f34380 - - - - -] Hypervisor/Node resource view: name=host199 free_ram=21608MB free_disk=145GB free_vcpus=4 pci_devices=[{"dev_id": "pci_0000_ff_10_6", "product_id": "0eb6", "dev_type": "type-PCI", "numa_node": 0, "vendor_id": "8086", "label": "label_8086_0eb6", "address": "0000:ff:10.6"}, {"dev_id": "pci_0000_ff_0f_4", "product_id": "0eac", "dev_type": "type-PCI", "numa_node": 0, "vendor_id": "8086", "label": "label_8086_0eac", "address": "0000:ff:0f.4"}, {"dev_id": "pci_0000_ff_0f_1", "product_id": "0e71", "dev_type": "type-PCI", "numa_node": 0, "vendor_id": "8086", "label": "label_8086_0e71", "address": "0000:ff:0f.1"}, {"dev_id": "pci_0000_00_1a_0", "product_id": "1d2d", "dev_type": "type-PCI", "numa_node": 0, "vendor_id": "8086", "label": "label_8086_1d2d", "address": "0000:00:1a.0"}, {"dev_id": "pci_0000_ff_09_0", "product_id": "0e90", "dev_type": "type-PCI", "numa_node": 0, "vendor_id": "8086", "label": "label_8086_0e90", "address": "0000:ff:09.0"}, {"dev_id": "pci_0000_03_00_0", "product_id": "10c5", "dev_type": "type-PCI", "numa_node": 0, "vendor_id": "10de", "label": "label_10de_10c5", "address": "0000:03:00.0"}, {"dev_id": "pci_0000_00_1f_0", "product_id": "1d41", "dev_type": "type-PCI", "numa_node": 0, "vendor_id": "8086", "label": "label_8086_1d41", "address": "0000:00:1f.0"}, {"dev_id": "pci_0000_00_03_0", "product_id": "0e08", "dev_type": "type-PCI", "numa_node": 0, "vendor_id": "8086", "label": "label_8086_0e08", "address": "0000:00:03.0"}, {"dev_id": "pci_0000_ff_0a_2", "product_id": "0ec2", "dev_type": "type-PCI", "numa_node": 0, "vendor_id": "8086", "label": "label_8086_0ec2", "address": "0000:ff:0a.2"}, {"dev_id": "pci_0000_ff_0c_2", "product_id": "0ee4", "dev_type": "type-PCI", "numa_node": 0, "vendor_id": "8086", "label": "label_8086_0ee4", "address": "0000:ff:0c.2"}, {"dev_id": "pci_0000_00_1f_2", "product_id": "1d02", "dev_type": "type-PCI", "numa_node": 0, "vendor_id": "8086", "label": "label_8086_1d02", "address": "0000:00:1f.2"}, {"dev_id": "pci_0000_00_11_0", "product_id": "1d3e", "dev_type": "type-PCI", "numa_node": 0, "vendor_id": "8086", "label": "label_8086_1d3e", "address": "0000:00:11.0"}, {"dev_id": "pci_0000_ff_16_0", "product_id": "0ec8", "dev_type": "type-PCI", "numa_node": 0, "vendor_id": "8086", "label": "label_8086_0ec8", "address": "0000:ff:16.0"}, {"dev_id": "pci_0000_ff_0f_0", "product_id": "0ea8", "dev_type": "type-PCI", "numa_node": 0, "vendor_id": "8086", "label": "label_8086_0ea8", "address": "0000:ff:0f.0"}, {"dev_id": "pci_0000_ff_0d_1", "product_id": "0ee3", "dev_type": "type-PCI", "numa_node": 0, "vendor_id": "8086", "label": "label_8086_0ee3", "address": "0000:ff:0d.1"}, {"dev_id": "pci_0000_00_01_1", "product_id": "0e03", "dev_type": "type-PCI", "numa_node": 0, "vendor_id": "8086", "label": "label_8086_0e03", "address": "0000:00:01.1"}, {"dev_id": "pci_0000_00_01_0", "product_id": "0e02", "dev_type": "type-PCI", "numa_node": 0, "vendor_id": "8086", "label": "label_8086_0e02", "address": "0000:00:01.0"}, {"dev_id": "pci_0000_ff_0c_1", "product_id": "0ee2", "dev_type": "type-PCI", "numa_node": 0, "vendor_id": "8086", "label": "label_8086_0ee2", "address": "0000:ff:0c.1"}, {"dev_id": "pci_0000_ff_0f_3", "product_id": "0eab", "dev_type": "type-PCI", "numa_node": 0, "vendor_id": "8086", "label": "label_8086_0eab", "address": "0000:ff:0f.3"}, {"dev_id": "pci_0000_00_1c_2", "product_id": "1d14", "dev_type": "type-PCI", "numa_node": 0, "vendor_id": "8086", "label": "label_8086_1d14", "address": "0000:00:1c.2"}, {"dev_id": "pci_0000_03_00_1", "product_id": "0be3", "dev_type": "type-PCI", "numa_node": 0, "vendor_id": "10de", "label": "label_10de_0be3", "address": "0000:03:00.1"}, {"dev_id": "pci_0000_ff_10_5", "product_id": "0eb5", "dev_type": "type-PCI", "numa_node": 0, "vendor_id": "8086", "label": "label_8086_0eb5", "address": "0000:ff:10.5"}, {"dev_id": "pci_0000_ff_10_0", "product_id": "0eb0", "dev_type": "type-PCI", "numa_node": 0, "vendor_id": "8086", "label": "label_8086_0eb0", "address": "0000:ff:10.0"}, {"dev_id": "pci_0000_ff_0f_5", "product_id": "0ead", "dev_type": "type-PCI", "numa_node": 0, "vendor_id": "8086", "label": "label_8086_0ead", "address": "0000:ff:0f.5"}, {"dev_id": "pci_0000_00_02_0", "product_id": "0e04", "dev_type": "type-PCI", "numa_node": 0, "vendor_id": "8086", "label": "label_8086_0e04", "address": "0000:00:02.0"}, {"dev_id": "pci_0000_ff_08_0", "product_id": "0e80", "dev_type": "type-PCI", "numa_node": 0, "vendor_id": "8086", "label": "label_8086_0e80", "address": "0000:ff:08.0"}, {"dev_id": "pci_0000_ff_0f_2", "product_id": "0eaa", "dev_type": "type-PCI", "numa_node": 0, "vendor_id": "8086", "label": "label_8086_0eaa", "address": "0000:ff:0f.2"}, {"dev_id": "pci_0000_ff_13_5", "product_id": "0e36", "dev_type": "type-PCI", "numa_node": 0, "vendor_id": "8086", "label": "label_8086_0e36", "address": "0000:ff:13.5"}, {"dev_id": "pci_0000_ff_13_4", "product_id": "0e81", "dev_type": "type-PCI", "numa_node": 0, "vendor_id": "8086", "label": "label_8086_0e81", "address": "0000:ff:13.4"}, {"dev_id": "pci_0000_ff_10_1", "product_id": "0eb1", "dev_type": "type-PCI", "numa_node": 0, "vendor_id": "8086", "label": "label_8086_0eb1", "address": "0000:ff:10.1"}, {"dev_id": "pci_0000_ff_10_2", "product_id": "0eb2", "dev_type": "type-PCI", "numa_node": 0, "vendor_id": "8086", "label": "label_8086_0eb2", "address": "0000:ff:10.2"}, {"dev_id": "pci_0000_ff_0d_2", "product_id": "0ee5", "dev_type": "type-PCI", "numa_node": 0, "vendor_id": "8086", "label": "label_8086_0ee5", "address": "0000:ff:0d.2"}, {"dev_id": "pci_0000_00_05_2", "product_id": "0e2a", "dev_type": "type-PCI", "numa_node": 0, "vendor_id": "8086", "label": "label_8086_0e2a", "address": "0000:00:05.2"}, {"dev_id": "pci_0000_ff_16_2", "product_id": "0eca", "dev_type": "type-PCI", "numa_node": 0, "vendor_id": "8086", "label": "label_8086_0eca", "address": "0000:ff:16.2"}, {"dev_id": "pci_0000_ff_16_1", "product_id": "0ec9", "dev_type": "type-PCI", "numa_node": 0, "vendor_id": "8086", "label": "label_8086_0ec9", "address": "0000:ff:16.1"}, {"dev_id": "pci_0000_ff_0e_1", "product_id": "0e30", "dev_type": "type-PCI", "numa_node": 0, "vendor_id": "8086", "label": "label_8086_0e30", "address": "0000:ff:0e.1"}, {"dev_id": "pci_0000_00_05_0", "product_id": "0e28", "dev_type": "type-PCI", "numa_node": 0, "vendor_id": "8086", "label": "label_8086_0e28", "address": "0000:00:05.0"}, {"dev_id": "pci_0000_ff_0e_0", "product_id": "0ea0", "dev_type": "type-PCI", "numa_node": 0, "vendor_id": "8086", "label": "label_8086_0ea0", "address": "0000:ff:0e.0"}, {"dev_id": "pci_0000_ff_13_0", "product_id": "0e1d", "dev_type": "type-PCI", "numa_node": 0, "vendor_id": "8086", "label": "label_8086_0e1d", "address": "0000:ff:13.0"}, {"dev_id": "pci_0000_00_05_4", "product_id": "0e2c", "dev_type": "type-PCI", "numa_node": 0, "vendor_id": "8086", "label": "label_8086_0e2c", "address": "0000:00:05.4"}, {"dev_id": "pci_0000_ff_10_7", "product_id": "0eb7", "dev_type": "type-PCI", "numa_node": 0, "vendor_id": "8086", "label": "label_8086_0eb7", "address": "0000:ff:10.7"}, {"dev_id": "pci_0000_00_1d_0", "product_id": "1d26", "dev_type": "type-PCI", "numa_node": 0, "vendor_id": "8086", "label": "label_8086_1d26", "address": "0000:00:1d.0"}, {"dev_id": "pci_0000_00_1b_0", "product_id": "1d20", "dev_type": "type-PCI", "numa_node": 0, "vendor_id": "8086", "label": "label_8086_1d20", "address": "0000:00:1b.0"}, {"dev_id": "pci_0000_00_00_0", "product_id": "0e00", "dev_type": "type-PCI", "numa_node": 0, "vendor_id": "8086", "label": "label_8086_0e00", "address": "0000:00:00.0"}, {"dev_id": "pci_0000_ff_0d_0", "product_id": "0ee1", "dev_type": "type-PCI", "numa_node": 0, "vendor_id": "8086", "label": "label_8086_0ee1", "address": "0000:ff:0d.0"}, {"dev_id": "pci_0000_ff_0b_0", "product_id": "0e1e", "dev_type": "type-PCI", "numa_node": 0, "vendor_id": "8086", "label": "label_8086_0e1e", "address": "0000:ff:0b.0"}, {"dev_id": "pci_0000_ff_0a_0", "product_id": "0ec0", "dev_type": "type-PCI", "numa_node": 0, "vendor_id": "8086", "label": "label_8086_0ec0", "address": "0000:ff:0a.0"}, {"dev_id": "pci_0000_07_00_0", "product_id": "8168", "dev_type": "type-PCI", "numa_node": 0, "vendor_id": "10ec", "label": "label_10ec_8168", "address": "0000:07:00.0"}, {"dev_id": "pci_0000_00_1c_0", "product_id": "1d10", "dev_type": "type-PCI", "numa_node": 0, "vendor_id": "8086", "label": "label_8086_1d10", "address": "0000:00:1c.0"}, {"dev_id": "pci_0000_ff_0a_1", "product_id": "0ec1", "dev_type": "type-PCI", "numa_node": 0, "vendor_id": "8086", "label": "label_8086_0ec1", "address": "0000:ff:0a.1"}, {"dev_id": "pci_0000_ff_0b_3", "product_id": "0e1f", "dev_type": "type-PCI", "numa_node": 0, "vendor_id": "8086", "label": "label_8086_0e1f", "address": "0000:ff:0b.3"}, {"dev_id": "pci_0000_ff_10_4", "product_id": "0eb4", "dev_type": "type-PCI", "numa_node": 0, "vendor_id": "8086", "label": "label_8086_0eb4", "address": "0000:ff:10.4"}, {"dev_id": "pci_0000_ff_10_3", "product_id": "0eb3", "dev_type": "type-PCI", "numa_node": 0, "vendor_id": "8086", "label": "label_8086_0eb3", "address": "0000:ff:10.3"}, {"dev_id": "pci_0000_ff_13_1", "product_id": "0e34", "dev_type": "type-PCI", "numa_node": 0, "vendor_id": "8086", "label": "label_8086_0e34", "address": "0000:ff:13.1"}, {"dev_id": "pci_0000_ff_0c_0", "product_id": "0ee0", "dev_type": "type-PCI", "numa_node": 0, "vendor_id": "8086", "label": "label_8086_0ee0", "address": "0000:ff:0c.0"}, {"dev_id": "pci_0000_ff_0a_3", "product_id": "0ec3", "dev_type": "type-PCI", "numa_node": 0, "vendor_id": "8086", "label": "label_8086_0ec3", "address": "0000:ff:0a.3"}, {"dev_id": "pci_0000_00_1f_3", "product_id": "1d22", "dev_type": "type-PCI", "numa_node": 0, "vendor_id": "8086", "label": "label_8086_1d22", "address": "0000:00:1f.3"}, {"dev_id": "pci_0000_00_1e_0", "product_id": "244e", "dev_type": "type-PCI", "numa_node": 0, "vendor_id": "8086", "label": "label_8086_244e", "address": "0000:00:1e.0"}] _report_hypervisor_resource_view /usr/lib/python2.7/site-packages/nova/compute/resource_tracker.py:1023
2020-03-27 14:22:49.316 1628361 DEBUG oslo_concurrency.lockutils [req-524687b6-b0a0-42f6-b62e-c79862f34380 - - - - -] Lock "compute_resources" acquired by "nova.compute.resource_tracker._update_available_resource" :: waited 0.000s inner /usr/lib/python2.7/site-packages/oslo_concurrency/lockutils.py:327
2020-03-27 14:22:49.405 1628361 DEBUG nova.compute.resource_tracker [req-524687b6-b0a0-42f6-b62e-c79862f34380 - - - - -] Migration for instance 61428a2d-16ee-4a8a-aad8-6740b6c7feae refers to another host's instance! _pair_instances_to_migrations /usr/lib/python2.7/site-packages/nova/compute/resource_tracker.py:903
2020-03-27 14:22:49.562 1628361 DEBUG nova.objects.instance [req-524687b6-b0a0-42f6-b62e-c79862f34380 - - - - -] Lazy-loading 'migration_context' on Instance uuid 61428a2d-16ee-4a8a-aad8-6740b6c7feae obj_load_attr /usr/lib/python2.7/site-packages/nova/objects/instance.py:1086
2020-03-27 14:22:49.573 1628361 INFO nova.compute.resource_tracker [req-524687b6-b0a0-42f6-b62e-c79862f34380 - - - - -] [instance: 61428a2d-16ee-4a8a-aad8-6740b6c7feae] Updating resource usage from migration 1e64a284-b53e-4205-b19c-612c2da0b81c
2020-03-27 14:22:49.573 1628361 DEBUG nova.objects.instance [req-524687b6-b0a0-42f6-b62e-c79862f34380 - - - - -] Lazy-loading 'flavor' on Instance uuid 61428a2d-16ee-4a8a-aad8-6740b6c7feae obj_load_attr /usr/lib/python2.7/site-packages/nova/objects/instance.py:1086
2020-03-27 14:22:49.626 1628361 DEBUG nova.compute.resource_tracker [req-524687b6-b0a0-42f6-b62e-c79862f34380 - - - - -] [instance: 61428a2d-16ee-4a8a-aad8-6740b6c7feae] Starting to track incoming migration 1e64a284-b53e-4205-b19c-612c2da0b81c with flavor 2 _update_usage_from_migration /usr/lib/python2.7/site-packages/nova/compute/resource_tracker.py:1341
2020-03-27 14:22:49.672 1628361 DEBUG nova.compute.resource_tracker [req-524687b6-b0a0-42f6-b62e-c79862f34380 - - - - -] Instance 30b12d9a-f4f3-474f-8649-17ac5cfd927a actively managed on this compute host and has allocations in placement: {u'resources': {u'VCPU': 1, u'MEMORY_MB': 2048}}. _remove_deleted_instances_allocations /usr/lib/python2.7/site-packages/nova/compute/resource_tracker.py:1538
2020-03-27 14:22:49.672 1628361 DEBUG nova.compute.resource_tracker [req-524687b6-b0a0-42f6-b62e-c79862f34380 - - - - -] Instance fd4d5106-67c0-473b-b514-88a5b3d0686f actively managed on this compute host and has allocations in placement: {u'resources': {u'VCPU': 1, u'MEMORY_MB': 2048}}. _remove_deleted_instances_allocations /usr/lib/python2.7/site-packages/nova/compute/resource_tracker.py:1538
2020-03-27 14:22:49.673 1628361 DEBUG nova.compute.resource_tracker [req-524687b6-b0a0-42f6-b62e-c79862f34380 - - - - -] Instance e0dfda9f-4ee3-467c-a79b-47badcab07e3 actively managed on this compute host and has allocations in placement: {u'resources': {u'VCPU': 1, u'MEMORY_MB': 2048}}. _remove_deleted_instances_allocations /usr/lib/python2.7/site-packages/nova/compute/resource_tracker.py:1538
2020-03-27 14:22:49.722 1628361 WARNING nova.compute.resource_tracker [req-524687b6-b0a0-42f6-b62e-c79862f34380 - - - - -] Instance 61428a2d-16ee-4a8a-aad8-6740b6c7feae has been moved to another host host177(host177). There are allocations remaining against the source host that might need to be removed: {u'resources': {u'VCPU': 1, u'MEMORY_MB': 2048}}.
2020-03-27 14:22:49.723 1628361 DEBUG nova.compute.resource_tracker [req-524687b6-b0a0-42f6-b62e-c79862f34380 - - - - -] Total usable vcpus: 8, total allocated vcpus: 4 _report_final_resource_view /usr/lib/python2.7/site-packages/nova/compute/resource_tracker.py:1039
2020-03-27 14:22:49.723 1628361 DEBUG nova.compute.resource_tracker [req-524687b6-b0a0-42f6-b62e-c79862f34380 - - - - -] Final resource view: name=host199 phys_ram=32706MB used_ram=10240MB phys_disk=150GB used_disk=0GB total_vcpus=8 used_vcpus=4 pci_stats=[] _report_final_resource_view /usr/lib/python2.7/site-packages/nova/compute/resource_tracker.py:1061
2020-03-27 14:22:49.756 1628361 DEBUG nova.compute.provider_tree [req-524687b6-b0a0-42f6-b62e-c79862f34380 - - - - -] Inventory has not changed in ProviderTree for provider: bab85ab2-9503-4cd1-bbe6-d938e97c74a5 update_inventory /usr/lib/python2.7/site-packages/nova/compute/provider_tree.py:181
2020-03-27 14:22:49.756 1628361 DEBUG nova.virt.libvirt.driver [req-524687b6-b0a0-42f6-b62e-c79862f34380 - - - - -] CPU mode 'host-passthrough' models '' was chosen, with extra flags: '' _get_guest_cpu_model_config /usr/lib/python2.7/site-packages/nova/virt/libvirt/driver.py:4270
2020-03-27 14:22:49.775 1628361 DEBUG nova.scheduler.client.report [req-524687b6-b0a0-42f6-b62e-c79862f34380 - - - - -] Inventory has not changed for provider bab85ab2-9503-4cd1-bbe6-d938e97c74a5 based on inventory data: {u'VCPU': {u'allocation_ratio': 8.0, u'total': 8, u'reserved': 0, u'step_size': 1, u'min_unit': 1, u'max_unit': 8}, u'MEMORY_MB': {u'allocation_ratio': 1.0, u'total': 32706, u'reserved': 2048, u'step_size': 1, u'min_unit': 1, u'max_unit': 32706}, u'DISK_GB': {u'allocation_ratio': 1.0, u'total': 150, u'reserved': 0, u'step_size': 1, u'min_unit': 1, u'max_unit': 150}} set_inventory_for_provider /usr/lib/python2.7/site-packages/nova/scheduler/client/report.py:898
2020-03-27 14:22:49.776 1628361 DEBUG nova.compute.resource_tracker [req-524687b6-b0a0-42f6-b62e-c79862f34380 - - - - -] Compute_service record updated for host199:host199 _update_available_resource /usr/lib/python2.7/site-packages/nova/compute/resource_tracker.py:974
2020-03-27 14:22:49.776 1628361 DEBUG oslo_concurrency.lockutils [req-524687b6-b0a0-42f6-b62e-c79862f34380 - - - - -] Lock "compute_resources" released by "nova.compute.resource_tracker._update_available_resource" :: held 0.460s inner /usr/lib/python2.7/site-packages/oslo_concurrency/lockutils.py:339
2020-03-27 14:22:57.854 1628361 DEBUG nova.virt.driver [req-925719a2-4a58-454b-a588-96e9af8a39a7 - - - - -] Emitting event <LifecycleEvent: 1585290177.85, 61428a2d-16ee-4a8a-aad8-6740b6c7feae => Resumed> emit_event /usr/lib/python2.7/site-packages/nova/virt/driver.py:1709
2020-03-27 14:22:57.854 1628361 INFO nova.compute.manager [req-925719a2-4a58-454b-a588-96e9af8a39a7 - - - - -] [instance: 61428a2d-16ee-4a8a-aad8-6740b6c7feae] VM Resumed (Lifecycle Event)
2020-03-27 14:22:57.906 1628361 DEBUG nova.compute.manager [req-925719a2-4a58-454b-a588-96e9af8a39a7 - - - - -] [instance: 61428a2d-16ee-4a8a-aad8-6740b6c7feae] Checking state _get_power_state /usr/lib/python2.7/site-packages/nova/compute/manager.py:1481
2020-03-27 14:22:57.910 1628361 DEBUG nova.compute.manager [req-925719a2-4a58-454b-a588-96e9af8a39a7 - - - - -] [instance: 61428a2d-16ee-4a8a-aad8-6740b6c7feae] Synchronizing instance power state after lifecycle event "Resumed"; current vm_state: active, current task_state: migrating, current DB power_state: 1, VM power_state: 1 handle_lifecycle_event /usr/lib/python2.7/site-packages/nova/compute/manager.py:1233
2020-03-27 14:22:57.963 1628361 INFO nova.compute.manager [req-925719a2-4a58-454b-a588-96e9af8a39a7 - - - - -] [instance: 61428a2d-16ee-4a8a-aad8-6740b6c7feae] During the sync_power process the instance has moved from host host177 to host host199
2020-03-27 14:23:00.575 1628361 INFO nova.compute.manager [req-a99c0fa3-1ece-434a-9b67-72bbf56ce66f 35608ad3c77a4668b6e34240a37178b0 cafec05053ef45138c9f5fc6aa3ea910 - default default] [instance: 61428a2d-16ee-4a8a-aad8-6740b6c7feae] Post operation of migration started
2020-03-27 14:23:00.706 1628361 DEBUG oslo_concurrency.lockutils [req-a99c0fa3-1ece-434a-9b67-72bbf56ce66f 35608ad3c77a4668b6e34240a37178b0 cafec05053ef45138c9f5fc6aa3ea910 - default default] Acquired lock "refresh_cache-61428a2d-16ee-4a8a-aad8-6740b6c7feae" lock /usr/lib/python2.7/site-packages/oslo_concurrency/lockutils.py:265
2020-03-27 14:23:00.707 1628361 DEBUG nova.network.neutronv2.api [req-a99c0fa3-1ece-434a-9b67-72bbf56ce66f 35608ad3c77a4668b6e34240a37178b0 cafec05053ef45138c9f5fc6aa3ea910 - default default] [instance: 61428a2d-16ee-4a8a-aad8-6740b6c7feae] Building network info cache for instance _get_instance_nw_info /usr/lib/python2.7/site-packages/nova/network/neutronv2/api.py:1757
2020-03-27 14:23:01.310 1628361 DEBUG nova.network.base_api [req-a99c0fa3-1ece-434a-9b67-72bbf56ce66f 35608ad3c77a4668b6e34240a37178b0 cafec05053ef45138c9f5fc6aa3ea910 - default default] [instance: 61428a2d-16ee-4a8a-aad8-6740b6c7feae] Updating instance_info_cache with network_info: [{"profile": {}, "ovs_interfaceid": "cbee60a6-9374-4176-add7-f47b8c6cf64a", "preserve_on_delete": false, "network": {"bridge": "br-int", "subnets": [{"ips": [{"meta": {}, "version": 4, "type": "fixed", "floating_ips": [], "address": "192.168.3.106"}], "version": 4, "meta": {"dhcp_server": "192.168.3.100"}, "dns": [{"meta": {}, "version": 4, "type": "dns", "address": "8.8.8.8"}], "routes": [], "cidr": "192.168.3.0/24", "gateway": {"meta": {}, "version": 4, "type": "gateway", "address": "192.168.3.1"}}], "meta": {"injected": false, "tunneled": false, "tenant_id": "cafec05053ef45138c9f5fc6aa3ea910", "physical_network": "phynet-mgt", "mtu": 1500}, "id": "50250e01-91ff-468f-bc78-687030d9f8a3", "label": "netx"}, "devname": "tapcbee60a6-93", "vnic_type": "normal", "qbh_params": null, "meta": {}, "details": {"ovs_hybrid_plug": true, "bridge_name": "br-int", "datapath_type": "system", "port_filter": true, "connectivity": "l2"}, "address": "fa:16:3e:6d:c2:f5", "active": false, "type": "ovs", "id": "cbee60a6-9374-4176-add7-f47b8c6cf64a", "qbg_params": null}] update_instance_cache_with_nw_info /usr/lib/python2.7/site-packages/nova/network/base_api.py:47
2020-03-27 14:23:01.326 1628361 DEBUG oslo_concurrency.lockutils [req-a99c0fa3-1ece-434a-9b67-72bbf56ce66f 35608ad3c77a4668b6e34240a37178b0 cafec05053ef45138c9f5fc6aa3ea910 - default default] Releasing lock "refresh_cache-61428a2d-16ee-4a8a-aad8-6740b6c7feae" lock /usr/lib/python2.7/site-packages/oslo_concurrency/lockutils.py:281
2020-03-27 14:23:01.342 1628361 DEBUG oslo_concurrency.lockutils [req-a99c0fa3-1ece-434a-9b67-72bbf56ce66f 35608ad3c77a4668b6e34240a37178b0 cafec05053ef45138c9f5fc6aa3ea910 - default default] Lock "compute_resources" acquired by "nova.compute.resource_tracker.allocate_pci_devices_for_instance" :: waited 0.000s inner /usr/lib/python2.7/site-packages/oslo_concurrency/lockutils.py:327
2020-03-27 14:23:01.343 1628361 DEBUG oslo_concurrency.lockutils [req-a99c0fa3-1ece-434a-9b67-72bbf56ce66f 35608ad3c77a4668b6e34240a37178b0 cafec05053ef45138c9f5fc6aa3ea910 - default default] Lock "compute_resources" released by "nova.compute.resource_tracker.allocate_pci_devices_for_instance" :: held 0.001s inner /usr/lib/python2.7/site-packages/oslo_concurrency/lockutils.py:339
2020-03-27 14:23:01.346 1628361 DEBUG nova.compute.manager [req-a99c0fa3-1ece-434a-9b67-72bbf56ce66f 35608ad3c77a4668b6e34240a37178b0 cafec05053ef45138c9f5fc6aa3ea910 - default default] [instance: 61428a2d-16ee-4a8a-aad8-6740b6c7feae] Checking state _get_power_state /usr/lib/python2.7/site-packages/nova/compute/manager.py:1481
2020-03-27 14:23:01.368 1628361 DEBUG nova.objects.instance [req-a99c0fa3-1ece-434a-9b67-72bbf56ce66f 35608ad3c77a4668b6e34240a37178b0 cafec05053ef45138c9f5fc6aa3ea910 - default default] Lazy-loading 'migration_context' on Instance uuid 61428a2d-16ee-4a8a-aad8-6740b6c7feae obj_load_attr /usr/lib/python2.7/site-packages/nova/objects/instance.py:1086
2020-03-27 14:23:01.379 1628361 DEBUG nova.objects.instance [req-a99c0fa3-1ece-434a-9b67-72bbf56ce66f 35608ad3c77a4668b6e34240a37178b0 cafec05053ef45138c9f5fc6aa3ea910 - default default] [instance: 61428a2d-16ee-4a8a-aad8-6740b6c7feae] Trying to apply a migration context that does not seem to be set for this instance apply_migration_context /usr/lib/python2.7/site-packages/nova/objects/instance.py:1019
2020-03-27 14:23:01.663 1628361 DEBUG nova.network.neutronv2.api [req-a99c0fa3-1ece-434a-9b67-72bbf56ce66f 35608ad3c77a4668b6e34240a37178b0 cafec05053ef45138c9f5fc6aa3ea910 - default default] Deleted binding for port cbee60a6-9374-4176-add7-f47b8c6cf64a and host host177. delete_port_binding /usr/lib/python2.7/site-packages/nova/network/neutronv2/api.py:1340
2020-03-27 14:23:03.170 1628361 DEBUG nova.compute.manager [req-ac7eb9d8-854d-4eff-bbef-672a5246b692 768ab6cf399b43bcafa7b87d72874956 cacc9e220dde4bfda7f110f6089a4bc3 - default default] [instance: 61428a2d-16ee-4a8a-aad8-6740b6c7feae] Received event network-vif-plugged-cbee60a6-9374-4176-add7-f47b8c6cf64a external_instance_event /usr/lib/python2.7/site-packages/nova/compute/manager.py:9205
2020-03-27 14:23:03.170 1628361 DEBUG oslo_concurrency.lockutils [req-ac7eb9d8-854d-4eff-bbef-672a5246b692 768ab6cf399b43bcafa7b87d72874956 cacc9e220dde4bfda7f110f6089a4bc3 - default default] Lock "61428a2d-16ee-4a8a-aad8-6740b6c7feae-events" acquired by "nova.compute.manager._pop_event" :: waited 0.000s inner /usr/lib/python2.7/site-packages/oslo_concurrency/lockutils.py:327
2020-03-27 14:23:03.171 1628361 DEBUG oslo_concurrency.lockutils [req-ac7eb9d8-854d-4eff-bbef-672a5246b692 768ab6cf399b43bcafa7b87d72874956 cacc9e220dde4bfda7f110f6089a4bc3 - default default] Lock "61428a2d-16ee-4a8a-aad8-6740b6c7feae-events" released by "nova.compute.manager._pop_event" :: held 0.000s inner /usr/lib/python2.7/site-packages/oslo_concurrency/lockutils.py:339
2020-03-27 14:23:03.172 1628361 DEBUG nova.compute.manager [req-ac7eb9d8-854d-4eff-bbef-672a5246b692 768ab6cf399b43bcafa7b87d72874956 cacc9e220dde4bfda7f110f6089a4bc3 - default default] [instance: 61428a2d-16ee-4a8a-aad8-6740b6c7feae] No waiting events found dispatching network-vif-plugged-cbee60a6-9374-4176-add7-f47b8c6cf64a pop_instance_event /usr/lib/python2.7/site-packages/nova/compute/manager.py:362
2020-03-27 14:23:03.172 1628361 WARNING nova.compute.manager [req-ac7eb9d8-854d-4eff-bbef-672a5246b692 768ab6cf399b43bcafa7b87d72874956 cacc9e220dde4bfda7f110f6089a4bc3 - default default] [instance: 61428a2d-16ee-4a8a-aad8-6740b6c7feae] Received unexpected event network-vif-plugged-cbee60a6-9374-4176-add7-f47b8c6cf64a for instance with vm_state active and task_state None.
